2023-10-25 20:18:54,299,INFO,Thinh_test_gui.py,_init_log,1150,Saving logs to: D:\University\UTS\2023\A_Spring 2023\41013 Industrial Robotics\Assignment\Assignment 2\IR-Assignment2\logs\25_10_2023_lelon.log
2023-10-25 20:19:08,317,INFO,controller.py,is_arrived,724,Provided joint states is Done
2023-10-25 20:19:49,176,INFO,controller.py,enable_system,819,System is enabled. Ready for operation.
2023-10-25 20:19:50,697,DEBUG,protocol.py,keepalive_ping,1261,% sending keepalive ping
2023-10-25 20:19:50,698,DEBUG,protocol.py,keepalive_ping,1268,% received keepalive pong
2023-10-25 20:20:16,658,INFO,controller.py,enable_system,819,System is enabled. Ready for operation.
2023-10-25 20:20:17,569,DEBUG,protocol.py,keepalive_ping,1261,% sending keepalive ping
2023-10-25 20:20:17,569,DEBUG,protocol.py,keepalive_ping,1268,% received keepalive pong
2023-10-25 20:20:39,295,DEBUG,protocol.py,keepalive_ping,1261,% sending keepalive ping
2023-10-25 20:20:39,296,DEBUG,protocol.py,keepalive_ping,1268,% received keepalive pong
2023-10-25 20:20:59,344,DEBUG,protocol.py,keepalive_ping,1261,% sending keepalive ping
2023-10-25 20:20:59,344,DEBUG,protocol.py,keepalive_ping,1268,% received keepalive pong
2023-10-25 20:21:01,250,INFO,controller.py,is_arrived,724,Provided joint states is Done
2023-10-25 20:21:13,344,INFO,controller.py,is_arrived,724,Provided joint states is Done
2023-10-25 20:21:19,368,DEBUG,protocol.py,keepalive_ping,1261,% sending keepalive ping
2023-10-25 20:21:19,368,DEBUG,protocol.py,keepalive_ping,1268,% received keepalive pong
2023-10-25 20:21:24,270,INFO,controller.py,is_arrived,724,Provided joint states is Done
2023-10-25 20:21:27,739,INFO,controller.py,is_arrived,724,Provided joint states is Done
2023-10-25 20:21:27,771,INFO,controller.py,is_arrived,724,Provided joint states is Done
2023-10-25 20:21:39,432,DEBUG,protocol.py,keepalive_ping,1261,% sending keepalive ping
2023-10-25 20:21:39,433,DEBUG,protocol.py,keepalive_ping,1268,% received keepalive pong
2023-10-25 20:22:11,287,DEBUG,protocol.py,keepalive_ping,1261,% sending keepalive ping
2023-10-25 20:22:11,288,DEBUG,protocol.py,keepalive_ping,1268,% received keepalive pong
2023-10-25 20:22:25,519,INFO,controller.py,is_arrived,724,Provided joint states is Done
2023-10-25 20:22:25,710,INFO,controller.py,is_arrived,724,Provided joint states is Done
2023-10-25 20:22:26,609,INFO,controller.py,is_arrived,724,Provided joint states is Done
2023-10-25 20:22:27,108,INFO,controller.py,is_arrived,724,Provided joint states is Done
2023-10-25 20:22:31,352,DEBUG,protocol.py,keepalive_ping,1261,% sending keepalive ping
2023-10-25 20:22:31,353,DEBUG,protocol.py,keepalive_ping,1268,% received keepalive pong
2023-10-25 20:22:51,396,DEBUG,protocol.py,keepalive_ping,1261,% sending keepalive ping
2023-10-25 20:22:51,397,DEBUG,protocol.py,keepalive_ping,1268,% received keepalive pong
2023-10-25 20:24:29,041,INFO,Thinh_test_gui.py,_init_log,1150,Saving logs to: D:\University\UTS\2023\A_Spring 2023\41013 Industrial Robotics\Assignment\Assignment 2\IR-Assignment2\logs\25_10_2023_lelon.log
2023-10-25 20:24:37,488,INFO,controller.py,is_arrived,724,Provided joint states is Done
2023-10-26 02:43:01,743,DEBUG,protocol.py,keepalive_ping,1261,% sending keepalive ping
2023-10-26 02:43:01,746,DEBUG,protocol.py,connection_lost,1494,= connection is CLOSED
2023-10-26 02:43:01,748,INFO,server.py,handler,268,connection closed
2023-10-26 02:51:53,896,INFO,Thinh_test_gui.py,_init_log,1150,Saving logs to: D:\University\UTS\2023\A_Spring 2023\41013 Industrial Robotics\Assignment\Assignment 2\IR-Assignment2\logs\25_10_2023_lelon.log
2023-10-26 02:52:04,097,INFO,controller.py,is_arrived,724,Provided joint states is Done
2023-10-26 02:52:31,470,INFO,controller.py,enable_system,819,System is enabled. Ready for operation.
2023-10-26 02:52:32,517,DEBUG,protocol.py,keepalive_ping,1261,% sending keepalive ping
2023-10-26 02:52:32,518,DEBUG,protocol.py,keepalive_ping,1268,% received keepalive pong
2023-10-26 02:52:57,668,DEBUG,protocol.py,keepalive_ping,1261,% sending keepalive ping
2023-10-26 02:52:57,777,DEBUG,protocol.py,keepalive_ping,1268,% received keepalive pong
2023-10-26 02:53:08,884,INFO,controller.py,is_arrived,724,Provided joint states is Done
2023-10-26 03:01:08,906,INFO,Thinh_test_gui.py,_init_log,1152,Saving logs to: D:\University\UTS\2023\A_Spring 2023\41013 Industrial Robotics\Assignment\Assignment 2\IR-Assignment2\logs\25_10_2023_lelon.log
2023-10-26 03:01:17,835,INFO,controller.py,is_arrived,724,Provided joint states is Done
2023-10-26 03:02:17,598,INFO,Thinh_test_gui.py,_init_log,1152,Saving logs to: D:\University\UTS\2023\A_Spring 2023\41013 Industrial Robotics\Assignment\Assignment 2\IR-Assignment2\logs\25_10_2023_lelon.log
2023-10-26 03:02:25,626,INFO,controller.py,is_arrived,724,Provided joint states is Done
2023-10-26 03:03:18,377,INFO,Thinh_test_gui.py,_init_log,1152,Saving logs to: D:\University\UTS\2023\A_Spring 2023\41013 Industrial Robotics\Assignment\Assignment 2\IR-Assignment2\logs\25_10_2023_lelon.log
2023-10-26 03:03:26,135,INFO,controller.py,is_arrived,724,Provided joint states is Done
2023-10-26 03:03:41,600,INFO,Thinh_test_gui.py,_init_log,1152,Saving logs to: D:\University\UTS\2023\A_Spring 2023\41013 Industrial Robotics\Assignment\Assignment 2\IR-Assignment2\logs\25_10_2023_lelon.log
2023-10-26 03:03:49,451,INFO,controller.py,is_arrived,724,Provided joint states is Done
2023-10-26 03:04:51,214,INFO,Thinh_test_gui.py,_init_log,1152,Saving logs to: D:\University\UTS\2023\A_Spring 2023\41013 Industrial Robotics\Assignment\Assignment 2\IR-Assignment2\logs\25_10_2023_lelon.log
2023-10-26 03:04:59,312,INFO,controller.py,is_arrived,724,Provided joint states is Done
2023-10-26 03:05:31,107,INFO,Thinh_test_gui.py,_init_log,1152,Saving logs to: D:\University\UTS\2023\A_Spring 2023\41013 Industrial Robotics\Assignment\Assignment 2\IR-Assignment2\logs\25_10_2023_lelon.log
2023-10-26 03:05:39,271,INFO,controller.py,is_arrived,724,Provided joint states is Done
2023-10-26 03:06:10,861,INFO,Thinh_test_gui.py,_init_log,1152,Saving logs to: D:\University\UTS\2023\A_Spring 2023\41013 Industrial Robotics\Assignment\Assignment 2\IR-Assignment2\logs\25_10_2023_lelon.log
2023-10-26 03:06:19,127,INFO,controller.py,is_arrived,724,Provided joint states is Done
2023-10-26 03:07:08,346,INFO,Thinh_test_gui.py,_init_log,1152,Saving logs to: D:\University\UTS\2023\A_Spring 2023\41013 Industrial Robotics\Assignment\Assignment 2\IR-Assignment2\logs\25_10_2023_lelon.log
2023-10-26 03:07:16,958,INFO,controller.py,is_arrived,724,Provided joint states is Done
2023-10-26 03:07:39,867,INFO,Thinh_test_gui.py,_init_log,1152,Saving logs to: D:\University\UTS\2023\A_Spring 2023\41013 Industrial Robotics\Assignment\Assignment 2\IR-Assignment2\logs\25_10_2023_lelon.log
2023-10-26 03:07:48,338,INFO,controller.py,is_arrived,724,Provided joint states is Done
2023-10-26 03:10:25,345,INFO,Thinh_test_gui.py,_init_log,1156,Saving logs to: D:\University\UTS\2023\A_Spring 2023\41013 Industrial Robotics\Assignment\Assignment 2\IR-Assignment2\logs\25_10_2023_lelon.log
2023-10-26 03:10:33,176,INFO,controller.py,is_arrived,724,Provided joint states is Done
2023-10-26 03:11:07,931,INFO,Thinh_test_gui.py,_init_log,1156,Saving logs to: D:\University\UTS\2023\A_Spring 2023\41013 Industrial Robotics\Assignment\Assignment 2\IR-Assignment2\logs\25_10_2023_lelon.log
2023-10-26 03:11:15,787,INFO,controller.py,is_arrived,724,Provided joint states is Done
2023-10-26 03:11:36,126,INFO,Thinh_test_gui.py,_init_log,1156,Saving logs to: D:\University\UTS\2023\A_Spring 2023\41013 Industrial Robotics\Assignment\Assignment 2\IR-Assignment2\logs\25_10_2023_lelon.log
2023-10-26 03:11:44,105,INFO,controller.py,is_arrived,724,Provided joint states is Done
2023-10-26 03:17:43,684,INFO,Thinh_test_gui.py,_init_log,1156,Saving logs to: D:\University\UTS\2023\A_Spring 2023\41013 Industrial Robotics\Assignment\Assignment 2\IR-Assignment2\logs\25_10_2023_lelon.log
2023-10-26 03:17:51,873,INFO,controller.py,is_arrived,724,Provided joint states is Done
2023-10-26 03:18:52,212,INFO,Thinh_test_gui.py,_init_log,1156,Saving logs to: D:\University\UTS\2023\A_Spring 2023\41013 Industrial Robotics\Assignment\Assignment 2\IR-Assignment2\logs\25_10_2023_lelon.log
2023-10-26 03:18:59,841,INFO,controller.py,is_arrived,724,Provided joint states is Done
2023-10-26 03:24:08,315,INFO,Thinh_test_gui.py,_init_log,1156,Saving logs to: D:\University\UTS\2023\A_Spring 2023\41013 Industrial Robotics\Assignment\Assignment 2\IR-Assignment2\logs\25_10_2023_lelon.log
2023-10-26 03:24:16,051,INFO,controller.py,is_arrived,724,Provided joint states is Done
2023-10-26 03:24:53,220,INFO,Thinh_test_gui.py,_init_log,1156,Saving logs to: D:\University\UTS\2023\A_Spring 2023\41013 Industrial Robotics\Assignment\Assignment 2\IR-Assignment2\logs\25_10_2023_lelon.log
2023-10-26 03:25:01,374,INFO,controller.py,is_arrived,724,Provided joint states is Done
2023-10-26 03:25:27,223,INFO,Thinh_test_gui.py,_init_log,1156,Saving logs to: D:\University\UTS\2023\A_Spring 2023\41013 Industrial Robotics\Assignment\Assignment 2\IR-Assignment2\logs\25_10_2023_lelon.log
2023-10-26 03:25:36,065,INFO,controller.py,is_arrived,724,Provided joint states is Done
2023-10-26 03:27:24,111,INFO,Thinh_test_gui.py,_init_log,1156,Saving logs to: D:\University\UTS\2023\A_Spring 2023\41013 Industrial Robotics\Assignment\Assignment 2\IR-Assignment2\logs\25_10_2023_lelon.log
2023-10-26 03:27:31,802,INFO,controller.py,is_arrived,724,Provided joint states is Done
2023-10-26 03:37:04,161,INFO,Thinh_test_gui.py,_init_log,1156,Saving logs to: D:\University\UTS\2023\A_Spring 2023\41013 Industrial Robotics\Assignment\Assignment 2\IR-Assignment2\logs\25_10_2023_lelon.log
2023-10-26 03:37:12,421,INFO,controller.py,is_arrived,724,Provided joint states is Done
2023-10-26 03:37:35,936,INFO,Thinh_test_gui.py,_init_log,1156,Saving logs to: D:\University\UTS\2023\A_Spring 2023\41013 Industrial Robotics\Assignment\Assignment 2\IR-Assignment2\logs\25_10_2023_lelon.log
2023-10-26 03:37:44,208,INFO,controller.py,is_arrived,724,Provided joint states is Done
2023-10-26 03:38:48,782,INFO,Thinh_test_gui.py,_init_log,1156,Saving logs to: D:\University\UTS\2023\A_Spring 2023\41013 Industrial Robotics\Assignment\Assignment 2\IR-Assignment2\logs\25_10_2023_lelon.log
2023-10-26 03:38:56,470,INFO,controller.py,is_arrived,724,Provided joint states is Done
2023-10-26 03:39:20,158,INFO,Thinh_test_gui.py,_init_log,1156,Saving logs to: D:\University\UTS\2023\A_Spring 2023\41013 Industrial Robotics\Assignment\Assignment 2\IR-Assignment2\logs\25_10_2023_lelon.log
2023-10-26 03:39:28,453,INFO,controller.py,is_arrived,724,Provided joint states is Done
2023-10-26 03:40:11,215,INFO,Thinh_test_gui.py,_init_log,1156,Saving logs to: D:\University\UTS\2023\A_Spring 2023\41013 Industrial Robotics\Assignment\Assignment 2\IR-Assignment2\logs\25_10_2023_lelon.log
2023-10-26 03:40:18,892,INFO,controller.py,is_arrived,724,Provided joint states is Done
2023-10-26 03:41:34,240,INFO,Thinh_test_gui.py,_init_log,1156,Saving logs to: D:\University\UTS\2023\A_Spring 2023\41013 Industrial Robotics\Assignment\Assignment 2\IR-Assignment2\logs\25_10_2023_lelon.log
2023-10-26 03:41:42,432,INFO,controller.py,is_arrived,724,Provided joint states is Done
2023-10-26 03:42:06,353,INFO,Thinh_test_gui.py,_init_log,1156,Saving logs to: D:\University\UTS\2023\A_Spring 2023\41013 Industrial Robotics\Assignment\Assignment 2\IR-Assignment2\logs\25_10_2023_lelon.log
2023-10-26 03:42:14,244,INFO,controller.py,is_arrived,724,Provided joint states is Done
2023-10-26 03:42:46,237,INFO,Thinh_test_gui.py,_init_log,1156,Saving logs to: D:\University\UTS\2023\A_Spring 2023\41013 Industrial Robotics\Assignment\Assignment 2\IR-Assignment2\logs\25_10_2023_lelon.log
2023-10-26 03:42:54,767,INFO,controller.py,is_arrived,724,Provided joint states is Done
2023-10-26 03:43:10,144,INFO,controller.py,is_arrived,724,Provided joint states is Done
2023-10-26 03:45:04,461,INFO,Thinh_test_gui.py,_init_log,1156,Saving logs to: D:\University\UTS\2023\A_Spring 2023\41013 Industrial Robotics\Assignment\Assignment 2\IR-Assignment2\logs\25_10_2023_lelon.log
2023-10-26 03:45:12,568,INFO,controller.py,is_arrived,724,Provided joint states is Done
2023-10-26 03:51:17,130,INFO,controller.py,enable_system,819,System is enabled. Ready for operation.
2023-10-26 03:51:17,617,INFO,controller.py,enable_system,819,System is enabled. Ready for operation.
2023-10-26 03:51:53,584,INFO,Thinh_test_gui.py,_init_log,1156,Saving logs to: D:\University\UTS\2023\A_Spring 2023\41013 Industrial Robotics\Assignment\Assignment 2\IR-Assignment2\logs\25_10_2023_lelon.log
2023-10-26 03:52:01,463,INFO,controller.py,is_arrived,724,Provided joint states is Done
2023-10-26 04:07:01,939,INFO,Thinh_test_gui.py,_init_log,1156,Saving logs to: D:\University\UTS\2023\A_Spring 2023\41013 Industrial Robotics\Assignment\Assignment 2\IR-Assignment2\logs\25_10_2023_lelon.log
2023-10-26 04:07:09,997,INFO,controller.py,is_arrived,724,Provided joint states is Done
2023-10-26 04:07:19,576,INFO,controller.py,enable_system,819,System is enabled. Ready for operation.
2023-10-26 04:07:19,576,INFO,controller.py,enable_system,819,System is enabled. Ready for operation.
2023-10-26 04:13:50,721,DEBUG,protocol.py,keepalive_ping,1261,% sending keepalive ping
2023-10-26 04:13:50,722,DEBUG,protocol.py,keepalive_ping,1268,% received keepalive pong
2023-10-26 04:13:51,085,INFO,controller.py,is_arrived,724,Provided joint states is Done
2023-10-26 04:14:01,417,INFO,controller.py,is_arrived,724,Provided joint states is Done
2023-10-26 04:18:00,674,INFO,Thinh_test_gui.py,_init_log,1165,Saving logs to: D:\University\UTS\2023\A_Spring 2023\41013 Industrial Robotics\Assignment\Assignment 2\IR-Assignment2\logs\25_10_2023_lelon.log
2023-10-26 04:18:09,202,INFO,controller.py,is_arrived,724,Provided joint states is Done
2023-10-26 04:18:18,215,INFO,controller.py,enable_system,819,System is enabled. Ready for operation.
2023-10-26 04:18:18,215,INFO,controller.py,enable_system,819,System is enabled. Ready for operation.
2023-10-26 04:18:55,091,INFO,Thinh_test_gui.py,_init_log,1165,Saving logs to: D:\University\UTS\2023\A_Spring 2023\41013 Industrial Robotics\Assignment\Assignment 2\IR-Assignment2\logs\25_10_2023_lelon.log
2023-10-26 04:19:02,926,INFO,controller.py,is_arrived,724,Provided joint states is Done
2023-10-26 04:19:06,618,INFO,controller.py,enable_system,819,System is enabled. Ready for operation.
2023-10-26 04:19:06,618,INFO,controller.py,enable_system,819,System is enabled. Ready for operation.
2023-10-26 04:23:37,616,INFO,Thinh_test_gui.py,_init_log,1168,Saving logs to: D:\University\UTS\2023\A_Spring 2023\41013 Industrial Robotics\Assignment\Assignment 2\IR-Assignment2\logs\25_10_2023_lelon.log
2023-10-26 04:23:45,565,INFO,controller.py,is_arrived,724,Provided joint states is Done
2023-10-26 04:23:50,309,INFO,controller.py,enable_system,819,System is enabled. Ready for operation.
2023-10-26 04:23:50,310,INFO,controller.py,enable_system,819,System is enabled. Ready for operation.
2023-10-26 04:37:12,610,INFO,Thinh_test_gui.py,_init_log,1176,Saving logs to: D:\University\UTS\2023\A_Spring 2023\41013 Industrial Robotics\Assignment\Assignment 2\IR-Assignment2\logs\25_10_2023_lelon.log
2023-10-26 04:37:20,552,INFO,controller.py,is_arrived,724,Provided joint states is Done
2023-10-26 04:37:27,393,INFO,controller.py,enable_system,819,System is enabled. Ready for operation.
2023-10-26 04:37:27,393,INFO,controller.py,enable_system,819,System is enabled. Ready for operation.
2023-10-26 04:40:27,404,INFO,Thinh_test_gui.py,_init_log,1176,Saving logs to: D:\University\UTS\2023\A_Spring 2023\41013 Industrial Robotics\Assignment\Assignment 2\IR-Assignment2\logs\25_10_2023_lelon.log
2023-10-26 04:40:35,629,INFO,controller.py,is_arrived,725,Provided joint states is Done
2023-10-26 04:40:42,973,INFO,controller.py,enable_system,820,System is enabled. Ready for operation.
2023-10-26 04:40:42,973,INFO,controller.py,enable_system,820,System is enabled. Ready for operation.
2023-10-26 04:40:44,007,INFO,controller.py,disable_system,825,System is disabled. Back to idle state.
2023-10-26 04:40:44,007,INFO,controller.py,disable_system,825,System is disabled. Back to idle state.
2023-10-26 04:40:45,567,INFO,controller.py,enable_system,820,System is enabled. Ready for operation.
2023-10-26 04:40:45,567,INFO,controller.py,enable_system,820,System is enabled. Ready for operation.
2023-10-26 04:40:46,599,INFO,controller.py,disable_system,825,System is disabled. Back to idle state.
2023-10-26 04:40:46,599,INFO,controller.py,disable_system,825,System is disabled. Back to idle state.
2023-10-26 04:40:47,639,INFO,controller.py,enable_system,820,System is enabled. Ready for operation.
2023-10-26 04:40:47,639,INFO,controller.py,enable_system,820,System is enabled. Ready for operation.
2023-10-26 04:40:49,734,INFO,controller.py,disable_system,825,System is disabled. Back to idle state.
2023-10-26 04:40:49,734,INFO,controller.py,disable_system,825,System is disabled. Back to idle state.
2023-10-26 04:40:51,299,INFO,controller.py,enable_system,820,System is enabled. Ready for operation.
2023-10-26 04:40:51,299,INFO,controller.py,enable_system,820,System is enabled. Ready for operation.
2023-10-26 04:40:52,339,INFO,controller.py,disable_system,825,System is disabled. Back to idle state.
2023-10-26 04:40:52,339,INFO,controller.py,disable_system,825,System is disabled. Back to idle state.
2023-10-26 04:40:55,915,INFO,controller.py,enable_system,820,System is enabled. Ready for operation.
2023-10-26 04:40:55,915,INFO,controller.py,enable_system,820,System is enabled. Ready for operation.
2023-10-26 04:40:56,424,INFO,controller.py,disable_system,825,System is disabled. Back to idle state.
2023-10-26 04:40:56,424,INFO,controller.py,disable_system,825,System is disabled. Back to idle state.
2023-10-26 04:40:57,462,INFO,controller.py,enable_system,820,System is enabled. Ready for operation.
2023-10-26 04:40:57,462,INFO,controller.py,enable_system,820,System is enabled. Ready for operation.
2023-10-26 04:40:58,500,INFO,controller.py,disable_system,825,System is disabled. Back to idle state.
2023-10-26 04:40:58,500,INFO,controller.py,disable_system,825,System is disabled. Back to idle state.
2023-10-26 04:40:59,541,INFO,controller.py,enable_system,820,System is enabled. Ready for operation.
2023-10-26 04:40:59,541,INFO,controller.py,enable_system,820,System is enabled. Ready for operation.
2023-10-26 04:41:01,105,INFO,controller.py,disable_system,825,System is disabled. Back to idle state.
2023-10-26 04:41:01,105,INFO,controller.py,disable_system,825,System is disabled. Back to idle state.
2023-10-26 04:41:04,257,INFO,controller.py,enable_system,820,System is enabled. Ready for operation.
2023-10-26 04:41:04,257,INFO,controller.py,enable_system,820,System is enabled. Ready for operation.
2023-10-26 04:43:35,016,INFO,Thinh_test_gui.py,_init_log,1176,Saving logs to: D:\University\UTS\2023\A_Spring 2023\41013 Industrial Robotics\Assignment\Assignment 2\IR-Assignment2\logs\25_10_2023_lelon.log
2023-10-26 04:43:43,541,INFO,controller.py,is_arrived,725,Provided joint states is Done
2023-10-26 04:44:32,204,INFO,Thinh_test_gui.py,_init_log,1176,Saving logs to: D:\University\UTS\2023\A_Spring 2023\41013 Industrial Robotics\Assignment\Assignment 2\IR-Assignment2\logs\25_10_2023_lelon.log
2023-10-26 04:44:40,007,INFO,controller.py,is_arrived,725,Provided joint states is Done
2023-10-26 04:44:55,313,INFO,controller.py,enable_system,820,System is enabled. Ready for operation.
2023-10-26 04:44:55,313,INFO,controller.py,enable_system,820,System is enabled. Ready for operation.
2023-10-26 04:44:55,999,DEBUG,protocol.py,keepalive_ping,1261,% sending keepalive ping
2023-10-26 04:44:56,000,DEBUG,protocol.py,keepalive_ping,1268,% received keepalive pong
2023-10-26 04:44:56,353,INFO,controller.py,is_arrived,725,Provided joint states is Done
2023-10-26 04:45:06,711,INFO,controller.py,is_arrived,725,Provided joint states is Done
2023-10-26 04:46:34,055,INFO,Thinh_test_gui.py,_init_log,1176,Saving logs to: D:\University\UTS\2023\A_Spring 2023\41013 Industrial Robotics\Assignment\Assignment 2\IR-Assignment2\logs\25_10_2023_lelon.log
2023-10-26 04:46:42,282,INFO,controller.py,is_arrived,725,Provided joint states is Done
2023-10-26 04:47:01,825,INFO,controller.py,enable_system,820,System is enabled. Ready for operation.
2023-10-26 04:47:03,292,DEBUG,protocol.py,keepalive_ping,1261,% sending keepalive ping
2023-10-26 04:47:03,295,DEBUG,protocol.py,keepalive_ping,1268,% received keepalive pong
2023-10-26 04:47:08,168,INFO,controller.py,enable_system,820,System is enabled. Ready for operation.
2023-10-26 04:47:09,782,INFO,controller.py,is_arrived,725,Provided joint states is Done
2023-10-26 04:47:20,129,INFO,controller.py,is_arrived,725,Provided joint states is Done
2023-10-26 04:47:42,097,DEBUG,protocol.py,keepalive_ping,1261,% sending keepalive ping
2023-10-26 04:47:42,100,DEBUG,protocol.py,keepalive_ping,1268,% received keepalive pong
2023-10-26 04:47:55,787,INFO,controller.py,is_arrived,725,Provided joint states is Done
2023-10-26 04:48:04,953,INFO,controller.py,is_arrived,725,Provided joint states is Done
2023-10-26 04:48:05,143,INFO,controller.py,is_arrived,725,Provided joint states is Done
2023-10-26 04:48:08,899,DEBUG,protocol.py,keepalive_ping,1261,% sending keepalive ping
2023-10-26 04:48:08,901,DEBUG,protocol.py,keepalive_ping,1268,% received keepalive pong
2023-10-26 04:48:13,103,INFO,controller.py,is_arrived,725,Provided joint states is Done
2023-10-26 04:48:23,885,INFO,controller.py,is_arrived,725,Provided joint states is Done
2023-10-26 04:52:10,151,DEBUG,protocol.py,keepalive_ping,1261,% sending keepalive ping
2023-10-26 04:52:10,152,DEBUG,protocol.py,keepalive_ping,1268,% received keepalive pong
2023-10-26 04:52:24,499,INFO,controller.py,is_arrived,725,Provided joint states is Done
2023-10-26 04:54:18,017,INFO,controller.py,is_arrived,725,Provided joint states is Done
2023-10-26 04:54:18,181,INFO,controller.py,is_arrived,725,Provided joint states is Done
2023-10-26 04:54:21,014,DEBUG,protocol.py,keepalive_ping,1261,% sending keepalive ping
2023-10-26 04:54:21,015,DEBUG,protocol.py,keepalive_ping,1268,% received keepalive pong
2023-10-26 04:54:23,956,INFO,controller.py,is_arrived,725,Provided joint states is Done
2023-10-26 04:54:34,341,INFO,controller.py,is_arrived,725,Provided joint states is Done
2023-10-26 04:55:30,981,INFO,Thinh_test_gui.py,_init_log,1177,Saving logs to: D:\University\UTS\2023\A_Spring 2023\41013 Industrial Robotics\Assignment\Assignment 2\IR-Assignment2\logs\25_10_2023_lelon.log
2023-10-26 04:55:40,089,INFO,controller.py,is_arrived,725,Provided joint states is Done
2023-10-26 04:55:51,683,INFO,controller.py,enable_system,820,System is enabled. Ready for operation.
2023-10-26 04:55:54,838,INFO,controller.py,enable_system,820,System is enabled. Ready for operation.
2023-10-26 04:55:55,693,DEBUG,protocol.py,keepalive_ping,1261,% sending keepalive ping
2023-10-26 04:55:55,800,DEBUG,protocol.py,keepalive_ping,1268,% received keepalive pong
2023-10-26 04:55:55,912,INFO,controller.py,is_arrived,725,Provided joint states is Done
2023-10-26 04:56:06,389,INFO,controller.py,is_arrived,725,Provided joint states is Done
2023-10-26 04:56:19,959,INFO,controller.py,is_arrived,725,Provided joint states is Done
2023-10-26 04:56:22,043,INFO,controller.py,is_arrived,725,Provided joint states is Done
2023-10-26 04:56:22,556,INFO,controller.py,is_arrived,725,Provided joint states is Done
2023-10-26 04:56:22,750,DEBUG,protocol.py,keepalive_ping,1261,% sending keepalive ping
2023-10-26 04:56:22,750,DEBUG,protocol.py,keepalive_ping,1268,% received keepalive pong
2023-10-26 04:56:35,747,INFO,controller.py,is_arrived,725,Provided joint states is Done
2023-10-26 04:59:48,884,INFO,Thinh_test_gui.py,_init_log,1178,Saving logs to: D:\University\UTS\2023\A_Spring 2023\41013 Industrial Robotics\Assignment\Assignment 2\IR-Assignment2\logs\25_10_2023_lelon.log
2023-10-26 04:59:57,971,INFO,controller.py,is_arrived,725,Provided joint states is Done
2023-10-26 05:00:02,190,INFO,controller.py,enable_system,820,System is enabled. Ready for operation.
2023-10-26 05:00:06,401,INFO,controller.py,enable_system,820,System is enabled. Ready for operation.
2023-10-26 05:00:14,301,INFO,controller.py,disable_system,825,System is disabled. Back to idle state.
2023-10-26 05:00:15,342,INFO,controller.py,enable_system,820,System is enabled. Ready for operation.
2023-10-26 05:00:15,342,INFO,controller.py,enable_system,820,System is enabled. Ready for operation.
2023-10-26 05:00:24,280,INFO,controller.py,disable_system,825,System is disabled. Back to idle state.
2023-10-26 05:00:24,280,INFO,controller.py,disable_system,825,System is disabled. Back to idle state.
2023-10-26 05:00:29,530,INFO,controller.py,enable_system,820,System is enabled. Ready for operation.
2023-10-26 05:00:29,530,INFO,controller.py,enable_system,820,System is enabled. Ready for operation.
2023-10-26 05:00:33,206,INFO,controller.py,disable_system,825,System is disabled. Back to idle state.
2023-10-26 05:00:33,206,INFO,controller.py,disable_system,825,System is disabled. Back to idle state.
2023-10-26 05:00:33,718,INFO,controller.py,enable_system,820,System is enabled. Ready for operation.
2023-10-26 05:00:33,718,INFO,controller.py,enable_system,820,System is enabled. Ready for operation.
2023-10-26 05:00:35,813,INFO,controller.py,disable_system,825,System is disabled. Back to idle state.
2023-10-26 05:00:35,813,INFO,controller.py,disable_system,825,System is disabled. Back to idle state.
2023-10-26 05:00:37,384,INFO,controller.py,enable_system,820,System is enabled. Ready for operation.
2023-10-26 05:00:37,384,INFO,controller.py,enable_system,820,System is enabled. Ready for operation.
2023-10-26 05:00:42,473,DEBUG,protocol.py,keepalive_ping,1261,% sending keepalive ping
2023-10-26 05:00:42,474,DEBUG,protocol.py,keepalive_ping,1268,% received keepalive pong
2023-10-26 05:00:42,716,INFO,controller.py,is_arrived,725,Provided joint states is Done
2023-10-26 05:00:53,126,INFO,controller.py,is_arrived,725,Provided joint states is Done
2023-10-26 05:01:06,073,DEBUG,protocol.py,keepalive_ping,1261,% sending keepalive ping
2023-10-26 05:01:06,074,DEBUG,protocol.py,keepalive_ping,1268,% received keepalive pong
2023-10-26 05:02:02,818,DEBUG,protocol.py,keepalive_ping,1261,% sending keepalive ping
2023-10-26 05:02:02,819,DEBUG,protocol.py,keepalive_ping,1268,% received keepalive pong
2023-10-26 05:02:03,245,INFO,controller.py,is_arrived,725,Provided joint states is Done
2023-10-26 05:02:13,854,INFO,controller.py,is_arrived,725,Provided joint states is Done
2023-10-26 05:03:32,822,DEBUG,protocol.py,keepalive_ping,1261,% sending keepalive ping
2023-10-26 05:03:32,822,DEBUG,protocol.py,keepalive_ping,1268,% received keepalive pong
2023-10-26 05:03:51,990,INFO,controller.py,is_arrived,725,Provided joint states is Done
2023-10-26 05:06:19,211,INFO,Thinh_test_gui.py,_init_log,1178,Saving logs to: D:\University\UTS\2023\A_Spring 2023\41013 Industrial Robotics\Assignment\Assignment 2\IR-Assignment2\logs\25_10_2023_lelon.log
2023-10-26 05:06:27,258,INFO,controller.py,is_arrived,725,Provided joint states is Done
2023-10-26 05:06:33,564,INFO,controller.py,enable_system,820,System is enabled. Ready for operation.
2023-10-26 05:06:33,564,INFO,controller.py,enable_system,820,System is enabled. Ready for operation.
2023-10-26 05:06:40,431,INFO,controller.py,is_arrived,725,Provided joint states is Done
2023-10-26 05:06:45,160,INFO,controller.py,is_arrived,725,Provided joint states is Done
2023-10-26 05:06:54,561,DEBUG,protocol.py,keepalive_ping,1261,% sending keepalive ping
2023-10-26 05:06:54,562,DEBUG,protocol.py,keepalive_ping,1268,% received keepalive pong
2023-10-26 05:06:56,790,INFO,controller.py,is_arrived,725,Provided joint states is Done
2023-10-26 05:06:57,823,INFO,controller.py,is_arrived,725,Provided joint states is Done
2023-10-26 05:06:58,333,INFO,controller.py,is_arrived,725,Provided joint states is Done
2023-10-26 05:06:58,845,INFO,controller.py,is_arrived,725,Provided joint states is Done
2023-10-26 05:06:59,359,INFO,controller.py,is_arrived,725,Provided joint states is Done
2023-10-26 05:08:10,902,INFO,Thinh_test_gui.py,_init_log,1178,Saving logs to: D:\University\UTS\2023\A_Spring 2023\41013 Industrial Robotics\Assignment\Assignment 2\IR-Assignment2\logs\25_10_2023_lelon.log
2023-10-26 05:08:19,811,INFO,controller.py,is_arrived,725,Provided joint states is Done
2023-10-26 05:08:26,188,INFO,controller.py,enable_system,820,System is enabled. Ready for operation.
2023-10-26 05:08:26,188,INFO,controller.py,enable_system,820,System is enabled. Ready for operation.
2023-10-26 05:08:29,344,INFO,controller.py,is_arrived,725,Provided joint states is Done
2023-10-26 05:08:30,945,DEBUG,protocol.py,keepalive_ping,1261,% sending keepalive ping
2023-10-26 05:08:30,946,DEBUG,protocol.py,keepalive_ping,1268,% received keepalive pong
2023-10-26 05:08:40,401,INFO,controller.py,is_arrived,725,Provided joint states is Done
2023-10-26 05:08:51,299,DEBUG,protocol.py,keepalive_ping,1261,% sending keepalive ping
2023-10-26 05:08:51,300,DEBUG,protocol.py,keepalive_ping,1268,% received keepalive pong
2023-10-26 05:08:52,069,WARNING,safety.py,is_self_collided,226,link 4 is collided with head
2023-10-26 05:08:52,131,WARNING,safety.py,is_self_collided,226,link 4 is collided with head
2023-10-26 05:08:54,647,INFO,controller.py,enable_system,820,System is enabled. Ready for operation.
2023-10-26 05:08:55,295,WARNING,safety.py,is_self_collided,226,link 4 is collided with head
2023-10-26 05:08:55,345,WARNING,safety.py,is_self_collided,226,link 4 is collided with head
2023-10-26 05:08:55,403,WARNING,safety.py,is_self_collided,226,link 4 is collided with head
2023-10-26 05:08:57,795,INFO,controller.py,enable_system,820,System is enabled. Ready for operation.
2023-10-26 05:08:58,269,WARNING,safety.py,is_self_collided,226,link 4 is collided with head
2023-10-26 05:08:58,321,WARNING,safety.py,is_self_collided,226,link 4 is collided with head
2023-10-26 05:08:58,435,WARNING,safety.py,is_self_collided,226,link 4 is collided with head
2023-10-26 05:08:58,501,WARNING,safety.py,is_self_collided,226,link 4 is collided with head
2023-10-26 05:08:58,580,WARNING,safety.py,is_self_collided,226,link 4 is collided with head
2023-10-26 05:09:00,950,INFO,controller.py,enable_system,820,System is enabled. Ready for operation.
2023-10-26 05:09:11,328,DEBUG,protocol.py,keepalive_ping,1261,% sending keepalive ping
2023-10-26 05:09:11,329,DEBUG,protocol.py,keepalive_ping,1268,% received keepalive pong
2023-10-26 05:09:12,568,INFO,controller.py,is_arrived,725,Provided joint states is Done
2023-10-26 05:09:28,551,INFO,controller.py,is_arrived,725,Provided joint states is Done
2023-10-26 05:09:31,352,DEBUG,protocol.py,keepalive_ping,1261,% sending keepalive ping
2023-10-26 05:09:31,353,DEBUG,protocol.py,keepalive_ping,1268,% received keepalive pong
2023-10-26 05:09:39,354,INFO,controller.py,is_arrived,725,Provided joint states is Done
2023-10-26 05:09:46,607,WARNING,safety.py,is_self_collided,244,link 3 is collided with link 0
2023-10-26 05:09:46,698,WARNING,safety.py,is_self_collided,244,link 3 is collided with link 0
2023-10-26 05:09:48,931,INFO,controller.py,enable_system,820,System is enabled. Ready for operation.
2023-10-26 05:09:51,955,DEBUG,protocol.py,keepalive_ping,1261,% sending keepalive ping
2023-10-26 05:09:51,955,DEBUG,protocol.py,keepalive_ping,1268,% received keepalive pong
2023-10-26 05:10:11,975,DEBUG,protocol.py,keepalive_ping,1261,% sending keepalive ping
2023-10-26 05:10:11,976,DEBUG,protocol.py,keepalive_ping,1268,% received keepalive pong
2023-10-26 05:10:12,013,INFO,controller.py,is_arrived,725,Provided joint states is Done
2023-10-26 05:10:12,173,INFO,controller.py,is_arrived,725,Provided joint states is Done
2023-10-26 05:13:56,986,INFO,Thinh_test_gui.py,_init_log,1178,Saving logs to: D:\University\UTS\2023\A_Spring 2023\41013 Industrial Robotics\Assignment\Assignment 2\IR-Assignment2\logs\25_10_2023_lelon.log
2023-10-26 05:14:04,615,INFO,controller.py,is_arrived,725,Provided joint states is Done
2023-10-26 05:14:16,163,INFO,controller.py,enable_system,820,System is enabled. Ready for operation.
2023-10-26 05:14:16,164,INFO,controller.py,enable_system,820,System is enabled. Ready for operation.
2023-10-26 05:14:18,261,INFO,controller.py,is_arrived,725,Provided joint states is Done
2023-10-26 05:14:18,347,DEBUG,protocol.py,keepalive_ping,1261,% sending keepalive ping
2023-10-26 05:14:18,348,DEBUG,protocol.py,keepalive_ping,1268,% received keepalive pong
2023-10-26 05:14:28,957,INFO,controller.py,is_arrived,725,Provided joint states is Done
2023-10-26 05:15:26,729,DEBUG,protocol.py,keepalive_ping,1261,% sending keepalive ping
2023-10-26 05:15:26,730,DEBUG,protocol.py,keepalive_ping,1268,% received keepalive pong
2023-10-26 05:15:46,868,DEBUG,protocol.py,keepalive_ping,1261,% sending keepalive ping
2023-10-26 05:15:46,869,DEBUG,protocol.py,keepalive_ping,1268,% received keepalive pong
2023-10-26 05:15:54,858,INFO,controller.py,is_arrived,725,Provided joint states is Done
2023-10-26 05:15:55,541,INFO,controller.py,is_arrived,725,Provided joint states is Done
2023-10-26 05:43:20,536,INFO,controller.py,is_arrived,725,Provided joint states is Done
2023-10-26 05:43:20,612,INFO,controller.py,is_arrived,725,Provided joint states is Done
2023-10-26 05:43:22,299,DEBUG,protocol.py,keepalive_ping,1261,% sending keepalive ping
2023-10-26 05:43:22,299,DEBUG,protocol.py,keepalive_ping,1268,% received keepalive pong
2023-10-26 05:43:43,087,DEBUG,protocol.py,keepalive_ping,1261,% sending keepalive ping
2023-10-26 05:43:43,211,DEBUG,protocol.py,keepalive_ping,1268,% received keepalive pong
2023-10-26 05:45:15,516,INFO,Thinh_test_gui.py,_init_log,1178,Saving logs to: D:\University\UTS\2023\A_Spring 2023\41013 Industrial Robotics\Assignment\Assignment 2\IR-Assignment2\logs\25_10_2023_lelon.log
2023-10-26 05:45:23,945,INFO,controller.py,is_arrived,725,Provided joint states is Done
2023-10-26 05:46:56,610,INFO,Thinh_test_gui.py,_init_log,1178,Saving logs to: D:\University\UTS\2023\A_Spring 2023\41013 Industrial Robotics\Assignment\Assignment 2\IR-Assignment2\logs\25_10_2023_lelon.log
2023-10-26 05:47:05,047,INFO,controller.py,is_arrived,725,Provided joint states is Done
2023-10-26 05:47:47,034,INFO,Thinh_test_gui.py,_init_log,1178,Saving logs to: D:\University\UTS\2023\A_Spring 2023\41013 Industrial Robotics\Assignment\Assignment 2\IR-Assignment2\logs\25_10_2023_lelon.log
2023-10-26 05:47:54,931,INFO,controller.py,is_arrived,725,Provided joint states is Done
2023-10-26 05:47:59,705,INFO,controller.py,is_arrived,725,Provided joint states is Done
2023-10-26 05:48:04,417,INFO,controller.py,enable_system,820,System is enabled. Ready for operation.
2023-10-26 05:48:04,417,INFO,controller.py,enable_system,820,System is enabled. Ready for operation.
2023-10-26 05:48:07,432,DEBUG,protocol.py,keepalive_ping,1261,% sending keepalive ping
2023-10-26 05:48:07,432,DEBUG,protocol.py,keepalive_ping,1268,% received keepalive pong
2023-10-26 05:48:07,568,INFO,controller.py,is_arrived,725,Provided joint states is Done
2023-10-26 05:48:18,279,INFO,controller.py,is_arrived,725,Provided joint states is Done
2023-10-26 05:48:22,134,INFO,controller.py,is_arrived,725,Provided joint states is Done
2023-10-26 05:48:22,144,INFO,controller.py,is_arrived,725,Provided joint states is Done
2023-10-26 05:48:27,460,DEBUG,protocol.py,keepalive_ping,1261,% sending keepalive ping
2023-10-26 05:48:27,461,DEBUG,protocol.py,keepalive_ping,1268,% received keepalive pong
2023-10-26 05:48:47,528,DEBUG,protocol.py,keepalive_ping,1261,% sending keepalive ping
2023-10-26 05:48:47,529,DEBUG,protocol.py,keepalive_ping,1268,% received keepalive pong
2023-10-26 05:49:07,535,DEBUG,protocol.py,keepalive_ping,1261,% sending keepalive ping
2023-10-26 05:49:07,646,DEBUG,protocol.py,keepalive_ping,1268,% received keepalive pong
2023-10-26 05:49:27,653,DEBUG,protocol.py,keepalive_ping,1261,% sending keepalive ping
2023-10-26 05:49:27,655,DEBUG,protocol.py,keepalive_ping,1268,% received keepalive pong
2023-10-26 05:49:38,287,INFO,controller.py,is_arrived,365,Provided goal is Done
2023-10-26 05:49:47,674,DEBUG,protocol.py,keepalive_ping,1261,% sending keepalive ping
2023-10-26 05:49:47,675,DEBUG,protocol.py,keepalive_ping,1268,% received keepalive pong
2023-10-26 05:50:07,762,DEBUG,protocol.py,keepalive_ping,1261,% sending keepalive ping
2023-10-26 05:50:07,822,DEBUG,protocol.py,keepalive_ping,1268,% received keepalive pong
2023-10-26 05:50:16,640,INFO,controller.py,is_arrived,725,Provided joint states is Done
2023-10-26 05:50:27,851,DEBUG,protocol.py,keepalive_ping,1261,% sending keepalive ping
2023-10-26 05:50:27,852,DEBUG,protocol.py,keepalive_ping,1268,% received keepalive pong
2023-10-26 05:50:29,675,INFO,controller.py,is_arrived,725,Provided joint states is Done
2023-10-26 05:50:42,196,INFO,controller.py,disable_system,825,System is disabled. Back to idle state.
2023-10-26 05:50:42,211,INFO,controller.py,disable_system,825,System is disabled. Back to idle state.
2023-10-26 05:50:43,245,INFO,controller.py,enable_system,820,System is enabled. Ready for operation.
2023-10-26 05:50:43,245,INFO,controller.py,enable_system,820,System is enabled. Ready for operation.
2023-10-26 05:51:43,229,INFO,Thinh_test_gui.py,_init_log,1177,Saving logs to: D:\University\UTS\2023\A_Spring 2023\41013 Industrial Robotics\Assignment\Assignment 2\IR-Assignment2\logs\25_10_2023_lelon.log
2023-10-26 05:51:51,506,INFO,controller.py,is_arrived,725,Provided joint states is Done
2023-10-26 05:51:56,758,INFO,controller.py,enable_system,820,System is enabled. Ready for operation.
2023-10-26 05:51:56,758,INFO,controller.py,enable_system,820,System is enabled. Ready for operation.
2023-10-26 05:52:02,579,INFO,controller.py,is_arrived,725,Provided joint states is Done
2023-10-26 05:52:03,268,DEBUG,protocol.py,keepalive_ping,1261,% sending keepalive ping
2023-10-26 05:52:03,269,DEBUG,protocol.py,keepalive_ping,1268,% received keepalive pong
2023-10-26 05:52:13,874,INFO,controller.py,is_arrived,725,Provided joint states is Done
2023-10-26 05:53:20,701,INFO,Thinh_test_gui.py,_init_log,1177,Saving logs to: D:\University\UTS\2023\A_Spring 2023\41013 Industrial Robotics\Assignment\Assignment 2\IR-Assignment2\logs\25_10_2023_lelon.log
2023-10-26 05:53:29,054,INFO,controller.py,is_arrived,725,Provided joint states is Done
2023-10-26 05:53:35,384,INFO,controller.py,enable_system,820,System is enabled. Ready for operation.
2023-10-26 05:53:35,384,INFO,controller.py,enable_system,820,System is enabled. Ready for operation.
2023-10-26 05:53:37,480,INFO,controller.py,is_arrived,725,Provided joint states is Done
2023-10-26 05:53:40,789,DEBUG,protocol.py,keepalive_ping,1261,% sending keepalive ping
2023-10-26 05:53:40,790,DEBUG,protocol.py,keepalive_ping,1268,% received keepalive pong
2023-10-26 05:53:49,148,INFO,controller.py,is_arrived,725,Provided joint states is Done
2023-10-26 05:54:01,095,DEBUG,protocol.py,keepalive_ping,1261,% sending keepalive ping
2023-10-26 05:54:01,096,DEBUG,protocol.py,keepalive_ping,1268,% received keepalive pong
2023-10-26 05:54:21,111,DEBUG,protocol.py,keepalive_ping,1261,% sending keepalive ping
2023-10-26 05:54:21,113,DEBUG,protocol.py,keepalive_ping,1268,% received keepalive pong
2023-10-26 05:54:24,181,INFO,controller.py,is_arrived,725,Provided joint states is Done
2023-10-26 05:54:24,755,INFO,controller.py,is_arrived,725,Provided joint states is Done
2023-10-26 05:54:29,469,INFO,controller.py,disable_system,825,System is disabled. Back to idle state.
2023-10-26 05:54:29,500,INFO,controller.py,disable_system,825,System is disabled. Back to idle state.
2023-10-26 05:54:32,089,INFO,controller.py,enable_system,820,System is enabled. Ready for operation.
2023-10-26 05:54:32,120,INFO,controller.py,enable_system,820,System is enabled. Ready for operation.
2023-10-26 05:58:03,674,INFO,Thinh_test_gui.py,_init_log,1177,Saving logs to: D:\University\UTS\2023\A_Spring 2023\41013 Industrial Robotics\Assignment\Assignment 2\IR-Assignment2\logs\25_10_2023_lelon.log
2023-10-26 05:58:12,224,INFO,controller.py,is_arrived,725,Provided joint states is Done
2023-10-26 05:58:29,096,INFO,controller.py,enable_system,820,System is enabled. Ready for operation.
2023-10-26 05:58:29,096,INFO,controller.py,enable_system,820,System is enabled. Ready for operation.
2023-10-26 05:58:31,441,DEBUG,protocol.py,keepalive_ping,1261,% sending keepalive ping
2023-10-26 05:58:31,442,DEBUG,protocol.py,keepalive_ping,1268,% received keepalive pong
2023-10-26 05:58:31,717,INFO,controller.py,is_arrived,725,Provided joint states is Done
2023-10-26 05:58:41,087,WARNING,safety.py,is_self_collided,226,link 4 is collided with head
2023-10-26 05:58:50,089,INFO,controller.py,enable_system,820,System is enabled. Ready for operation.
2023-10-26 05:58:50,859,INFO,controller.py,is_arrived,725,Provided joint states is Done
2023-10-26 05:58:51,516,DEBUG,protocol.py,keepalive_ping,1261,% sending keepalive ping
2023-10-26 05:58:51,517,DEBUG,protocol.py,keepalive_ping,1268,% received keepalive pong
2023-10-26 05:59:02,426,INFO,controller.py,is_arrived,725,Provided joint states is Done
2023-10-26 05:59:30,740,INFO,Thinh_test_gui.py,_init_log,1177,Saving logs to: D:\University\UTS\2023\A_Spring 2023\41013 Industrial Robotics\Assignment\Assignment 2\IR-Assignment2\logs\25_10_2023_lelon.log
2023-10-26 05:59:39,064,INFO,controller.py,is_arrived,725,Provided joint states is Done
2023-10-26 05:59:51,303,INFO,controller.py,enable_system,820,System is enabled. Ready for operation.
2023-10-26 05:59:51,303,INFO,controller.py,enable_system,820,System is enabled. Ready for operation.
2023-10-26 05:59:52,115,DEBUG,protocol.py,keepalive_ping,1261,% sending keepalive ping
2023-10-26 05:59:52,116,DEBUG,protocol.py,keepalive_ping,1268,% received keepalive pong
2023-10-26 05:59:52,348,INFO,controller.py,is_arrived,725,Provided joint states is Done
2023-10-26 06:00:00,624,WARNING,safety.py,is_self_collided,226,link 4 is collided with head
2023-10-26 06:00:18,627,INFO,Thinh_test_gui.py,_init_log,1177,Saving logs to: D:\University\UTS\2023\A_Spring 2023\41013 Industrial Robotics\Assignment\Assignment 2\IR-Assignment2\logs\25_10_2023_lelon.log
2023-10-26 06:00:26,989,INFO,controller.py,is_arrived,725,Provided joint states is Done
2023-10-26 06:00:32,308,INFO,controller.py,enable_system,820,System is enabled. Ready for operation.
2023-10-26 06:00:32,308,INFO,controller.py,enable_system,820,System is enabled. Ready for operation.
2023-10-26 06:00:32,823,INFO,controller.py,is_arrived,725,Provided joint states is Done
2023-10-26 06:00:38,591,DEBUG,protocol.py,keepalive_ping,1261,% sending keepalive ping
2023-10-26 06:00:38,591,DEBUG,protocol.py,keepalive_ping,1268,% received keepalive pong
2023-10-26 06:00:43,681,INFO,controller.py,is_arrived,725,Provided joint states is Done
2023-10-26 06:00:58,593,DEBUG,protocol.py,keepalive_ping,1261,% sending keepalive ping
2023-10-26 06:00:58,594,DEBUG,protocol.py,keepalive_ping,1268,% received keepalive pong
2023-10-26 06:01:19,027,DEBUG,protocol.py,keepalive_ping,1261,% sending keepalive ping
2023-10-26 06:01:19,028,DEBUG,protocol.py,keepalive_ping,1268,% received keepalive pong
2023-10-26 06:01:39,048,DEBUG,protocol.py,keepalive_ping,1261,% sending keepalive ping
2023-10-26 06:01:39,048,DEBUG,protocol.py,keepalive_ping,1268,% received keepalive pong
2023-10-26 06:01:56,574,INFO,controller.py,is_arrived,365,Provided goal is Done
2023-10-26 06:01:59,140,DEBUG,protocol.py,keepalive_ping,1261,% sending keepalive ping
2023-10-26 06:01:59,141,DEBUG,protocol.py,keepalive_ping,1268,% received keepalive pong
2023-10-26 06:02:19,415,DEBUG,protocol.py,keepalive_ping,1261,% sending keepalive ping
2023-10-26 06:02:19,416,DEBUG,protocol.py,keepalive_ping,1268,% received keepalive pong
2023-10-26 06:02:33,625,INFO,controller.py,is_arrived,725,Provided joint states is Done
2023-10-26 06:02:39,518,DEBUG,protocol.py,keepalive_ping,1261,% sending keepalive ping
2023-10-26 06:02:39,518,DEBUG,protocol.py,keepalive_ping,1268,% received keepalive pong
2023-10-26 06:02:44,946,INFO,controller.py,is_arrived,725,Provided joint states is Done
2023-10-26 06:02:50,717,INFO,controller.py,is_arrived,725,Provided joint states is Done
2023-10-26 06:02:59,591,DEBUG,protocol.py,keepalive_ping,1261,% sending keepalive ping
2023-10-26 06:02:59,592,DEBUG,protocol.py,keepalive_ping,1268,% received keepalive pong
2023-10-26 06:03:00,815,INFO,controller.py,is_arrived,725,Provided joint states is Done
2023-10-26 06:03:55,803,DEBUG,protocol.py,keepalive_ping,1261,% sending keepalive ping
2023-10-26 06:03:55,804,DEBUG,protocol.py,keepalive_ping,1268,% received keepalive pong
2023-10-26 06:04:01,716,INFO,controller.py,is_arrived,725,Provided joint states is Done
2023-10-26 06:04:12,453,INFO,controller.py,is_arrived,725,Provided joint states is Done
2023-10-26 06:04:24,295,DEBUG,protocol.py,keepalive_ping,1261,% sending keepalive ping
2023-10-26 06:04:24,295,DEBUG,protocol.py,keepalive_ping,1268,% received keepalive pong
2023-10-26 06:04:28,677,INFO,controller.py,is_arrived,725,Provided joint states is Done
2023-10-26 06:04:39,479,INFO,controller.py,is_arrived,725,Provided joint states is Done
2023-10-26 06:04:54,715,INFO,controller.py,enable_system,820,System is enabled. Ready for operation.
2023-10-26 06:05:02,465,DEBUG,protocol.py,keepalive_ping,1261,% sending keepalive ping
2023-10-26 06:05:02,466,DEBUG,protocol.py,keepalive_ping,1268,% received keepalive pong
2023-10-26 06:05:02,603,INFO,controller.py,is_arrived,725,Provided joint states is Done
2023-10-26 06:05:05,221,INFO,controller.py,disable_system,825,System is disabled. Back to idle state.
2023-10-26 06:05:05,732,INFO,controller.py,enable_system,820,System is enabled. Ready for operation.
2023-10-26 06:06:41,596,INFO,controller.py,disable_system,825,System is disabled. Back to idle state.
2023-10-26 06:11:26,721,INFO,Thinh_test_gui.py,_init_log,1177,Saving logs to: D:\University\UTS\2023\A_Spring 2023\41013 Industrial Robotics\Assignment\Assignment 2\IR-Assignment2\logs\25_10_2023_lelon.log
2023-10-26 06:11:35,016,INFO,controller.py,is_arrived,725,Provided joint states is Done
2023-10-26 06:11:41,879,INFO,controller.py,enable_system,820,System is enabled. Ready for operation.
2023-10-26 06:11:41,879,INFO,controller.py,enable_system,820,System is enabled. Ready for operation.
2023-10-26 06:11:48,714,INFO,controller.py,is_arrived,725,Provided joint states is Done
2023-10-26 06:11:48,798,DEBUG,protocol.py,keepalive_ping,1261,% sending keepalive ping
2023-10-26 06:11:48,799,DEBUG,protocol.py,keepalive_ping,1268,% received keepalive pong
2023-10-26 06:11:59,447,INFO,controller.py,is_arrived,725,Provided joint states is Done
2023-10-26 06:12:08,874,DEBUG,protocol.py,keepalive_ping,1261,% sending keepalive ping
2023-10-26 06:12:08,875,DEBUG,protocol.py,keepalive_ping,1268,% received keepalive pong
2023-10-26 06:12:25,276,INFO,controller.py,is_arrived,725,Provided joint states is Done
2023-10-26 06:12:25,726,INFO,controller.py,is_arrived,725,Provided joint states is Done
2023-10-26 06:12:29,674,INFO,controller.py,is_arrived,725,Provided joint states is Done
2023-10-26 06:12:29,680,DEBUG,protocol.py,keepalive_ping,1261,% sending keepalive ping
2023-10-26 06:12:29,714,DEBUG,protocol.py,keepalive_ping,1268,% received keepalive pong
2023-10-26 06:12:30,009,INFO,controller.py,is_arrived,725,Provided joint states is Done
2023-10-26 06:12:49,748,INFO,Thinh_test_gui.py,_init_log,1177,Saving logs to: D:\University\UTS\2023\A_Spring 2023\41013 Industrial Robotics\Assignment\Assignment 2\IR-Assignment2\logs\25_10_2023_lelon.log
2023-10-26 06:12:58,493,INFO,controller.py,is_arrived,725,Provided joint states is Done
2023-10-26 06:13:06,386,INFO,controller.py,enable_system,820,System is enabled. Ready for operation.
2023-10-26 06:13:06,387,INFO,controller.py,enable_system,820,System is enabled. Ready for operation.
2023-10-26 06:13:11,444,DEBUG,protocol.py,keepalive_ping,1261,% sending keepalive ping
2023-10-26 06:13:11,571,DEBUG,protocol.py,keepalive_ping,1268,% received keepalive pong
2023-10-26 06:13:11,684,INFO,controller.py,is_arrived,725,Provided joint states is Done
2023-10-26 06:13:22,664,INFO,controller.py,is_arrived,725,Provided joint states is Done
2023-10-26 06:13:31,592,DEBUG,protocol.py,keepalive_ping,1261,% sending keepalive ping
2023-10-26 06:13:31,594,DEBUG,protocol.py,keepalive_ping,1268,% received keepalive pong
2023-10-26 06:13:51,663,DEBUG,protocol.py,keepalive_ping,1261,% sending keepalive ping
2023-10-26 06:13:51,663,DEBUG,protocol.py,keepalive_ping,1268,% received keepalive pong
2023-10-26 06:14:11,648,DEBUG,protocol.py,keepalive_ping,1261,% sending keepalive ping
2023-10-26 06:14:11,648,DEBUG,protocol.py,keepalive_ping,1268,% received keepalive pong
2023-10-26 06:14:31,995,DEBUG,protocol.py,keepalive_ping,1261,% sending keepalive ping
2023-10-26 06:14:31,995,DEBUG,protocol.py,keepalive_ping,1268,% received keepalive pong
2023-10-26 06:14:45,205,INFO,controller.py,is_arrived,365,Provided goal is Done
2023-10-26 06:14:52,008,DEBUG,protocol.py,keepalive_ping,1261,% sending keepalive ping
2023-10-26 06:14:52,008,DEBUG,protocol.py,keepalive_ping,1268,% received keepalive pong
2023-10-26 06:15:12,085,DEBUG,protocol.py,keepalive_ping,1261,% sending keepalive ping
2023-10-26 06:15:12,086,DEBUG,protocol.py,keepalive_ping,1268,% received keepalive pong
2023-10-26 06:15:28,240,INFO,controller.py,is_arrived,725,Provided joint states is Done
2023-10-26 06:15:32,094,DEBUG,protocol.py,keepalive_ping,1261,% sending keepalive ping
2023-10-26 06:15:32,095,DEBUG,protocol.py,keepalive_ping,1268,% received keepalive pong
2023-10-26 06:15:41,800,INFO,controller.py,is_arrived,725,Provided joint states is Done
2023-10-26 06:16:16,854,INFO,controller.py,is_arrived,725,Provided joint states is Done
2023-10-26 06:16:17,346,INFO,controller.py,is_arrived,725,Provided joint states is Done
2023-10-26 06:16:54,432,DEBUG,protocol.py,keepalive_ping,1261,% sending keepalive ping
2023-10-26 06:16:54,433,DEBUG,protocol.py,keepalive_ping,1268,% received keepalive pong
2023-10-26 06:17:37,236,DEBUG,protocol.py,keepalive_ping,1261,% sending keepalive ping
2023-10-26 06:17:37,239,DEBUG,protocol.py,keepalive_ping,1268,% received keepalive pong
2023-10-26 06:18:06,627,DEBUG,protocol.py,keepalive_ping,1261,% sending keepalive ping
2023-10-26 06:18:06,628,DEBUG,protocol.py,keepalive_ping,1268,% received keepalive pong
2023-10-26 06:18:27,154,DEBUG,protocol.py,keepalive_ping,1261,% sending keepalive ping
2023-10-26 06:18:27,154,DEBUG,protocol.py,keepalive_ping,1268,% received keepalive pong
2023-10-26 06:18:50,623,DEBUG,protocol.py,keepalive_ping,1261,% sending keepalive ping
2023-10-26 06:18:50,624,DEBUG,protocol.py,keepalive_ping,1268,% received keepalive pong
2023-10-26 06:19:44,269,INFO,Thinh_test_gui.py,_init_log,1177,Saving logs to: D:\University\UTS\2023\A_Spring 2023\41013 Industrial Robotics\Assignment\Assignment 2\IR-Assignment2\logs\25_10_2023_lelon.log
2023-10-26 06:19:52,622,INFO,controller.py,is_arrived,725,Provided joint states is Done
2023-10-26 06:19:57,962,INFO,controller.py,enable_system,820,System is enabled. Ready for operation.
2023-10-26 06:19:57,962,INFO,controller.py,enable_system,820,System is enabled. Ready for operation.
2023-10-26 06:20:00,592,INFO,controller.py,is_arrived,725,Provided joint states is Done
2023-10-26 06:20:04,284,DEBUG,protocol.py,keepalive_ping,1261,% sending keepalive ping
2023-10-26 06:20:04,285,DEBUG,protocol.py,keepalive_ping,1268,% received keepalive pong
2023-10-26 06:20:12,057,INFO,controller.py,is_arrived,725,Provided joint states is Done
2023-10-26 06:20:24,559,DEBUG,protocol.py,keepalive_ping,1261,% sending keepalive ping
2023-10-26 06:20:24,561,DEBUG,protocol.py,keepalive_ping,1268,% received keepalive pong
2023-10-26 06:20:44,565,DEBUG,protocol.py,keepalive_ping,1261,% sending keepalive ping
2023-10-26 06:20:44,677,DEBUG,protocol.py,keepalive_ping,1268,% received keepalive pong
2023-10-26 06:21:04,710,DEBUG,protocol.py,keepalive_ping,1261,% sending keepalive ping
2023-10-26 06:21:04,767,DEBUG,protocol.py,keepalive_ping,1268,% received keepalive pong
2023-10-26 06:21:24,882,DEBUG,protocol.py,keepalive_ping,1261,% sending keepalive ping
2023-10-26 06:21:24,883,DEBUG,protocol.py,keepalive_ping,1268,% received keepalive pong
2023-10-26 06:21:29,122,INFO,controller.py,is_arrived,365,Provided goal is Done
2023-10-26 06:21:44,914,DEBUG,protocol.py,keepalive_ping,1261,% sending keepalive ping
2023-10-26 06:21:45,004,DEBUG,protocol.py,keepalive_ping,1268,% received keepalive pong
2023-10-26 06:22:05,003,DEBUG,protocol.py,keepalive_ping,1261,% sending keepalive ping
2023-10-26 06:22:05,032,DEBUG,protocol.py,keepalive_ping,1268,% received keepalive pong
2023-10-26 06:22:09,262,INFO,controller.py,is_arrived,725,Provided joint states is Done
2023-10-26 06:22:22,352,INFO,controller.py,is_arrived,725,Provided joint states is Done
2023-10-26 06:22:35,857,DEBUG,protocol.py,keepalive_ping,1261,% sending keepalive ping
2023-10-26 06:22:36,018,DEBUG,protocol.py,keepalive_ping,1268,% received keepalive pong
2023-10-26 06:22:42,781,INFO,controller.py,go_to_cartesian_pose,605,Pose is unreachable!
2023-10-26 06:22:56,067,DEBUG,protocol.py,keepalive_ping,1261,% sending keepalive ping
2023-10-26 06:22:56,069,DEBUG,protocol.py,keepalive_ping,1268,% received keepalive pong
2023-10-26 06:22:59,180,INFO,controller.py,go_to_cartesian_pose,605,Pose is unreachable!
2023-10-26 06:23:10,797,INFO,controller.py,go_to_cartesian_pose,605,Pose is unreachable!
2023-10-26 06:23:16,135,DEBUG,protocol.py,keepalive_ping,1261,% sending keepalive ping
2023-10-26 06:23:16,136,DEBUG,protocol.py,keepalive_ping,1268,% received keepalive pong
2023-10-26 06:23:19,735,INFO,controller.py,go_to_cartesian_pose,605,Pose is unreachable!
2023-10-26 06:23:33,396,INFO,controller.py,is_arrived,725,Provided joint states is Done
2023-10-26 06:23:41,158,DEBUG,protocol.py,keepalive_ping,1261,% sending keepalive ping
2023-10-26 06:23:41,159,DEBUG,protocol.py,keepalive_ping,1268,% received keepalive pong
2023-10-26 06:24:11,105,DEBUG,protocol.py,keepalive_ping,1261,% sending keepalive ping
2023-10-26 06:24:11,107,DEBUG,protocol.py,keepalive_ping,1268,% received keepalive pong
2023-10-26 06:25:55,163,DEBUG,protocol.py,keepalive_ping,1261,% sending keepalive ping
2023-10-26 06:25:55,166,DEBUG,protocol.py,keepalive_ping,1268,% received keepalive pong
2023-10-26 06:26:01,998,INFO,controller.py,go_to_cartesian_pose,605,Pose is unreachable!
2023-10-26 06:26:20,288,INFO,Thinh_test_gui.py,_init_log,1177,Saving logs to: D:\University\UTS\2023\A_Spring 2023\41013 Industrial Robotics\Assignment\Assignment 2\IR-Assignment2\logs\25_10_2023_lelon.log
2023-10-26 06:26:28,332,INFO,controller.py,is_arrived,725,Provided joint states is Done
2023-10-26 06:26:44,236,INFO,controller.py,enable_system,820,System is enabled. Ready for operation.
2023-10-26 06:26:44,236,INFO,controller.py,enable_system,820,System is enabled. Ready for operation.
2023-10-26 06:26:45,003,DEBUG,protocol.py,keepalive_ping,1261,% sending keepalive ping
2023-10-26 06:26:45,003,DEBUG,protocol.py,keepalive_ping,1268,% received keepalive pong
2023-10-26 06:26:45,277,INFO,controller.py,is_arrived,725,Provided joint states is Done
2023-10-26 06:26:56,047,INFO,controller.py,is_arrived,725,Provided joint states is Done
2023-10-26 06:27:05,081,DEBUG,protocol.py,keepalive_ping,1261,% sending keepalive ping
2023-10-26 06:27:05,082,DEBUG,protocol.py,keepalive_ping,1268,% received keepalive pong
2023-10-26 06:27:25,081,DEBUG,protocol.py,keepalive_ping,1261,% sending keepalive ping
2023-10-26 06:27:25,082,DEBUG,protocol.py,keepalive_ping,1268,% received keepalive pong
2023-10-26 06:27:45,066,DEBUG,protocol.py,keepalive_ping,1261,% sending keepalive ping
2023-10-26 06:27:45,067,DEBUG,protocol.py,keepalive_ping,1268,% received keepalive pong
2023-10-26 06:28:05,074,DEBUG,protocol.py,keepalive_ping,1261,% sending keepalive ping
2023-10-26 06:28:05,075,DEBUG,protocol.py,keepalive_ping,1268,% received keepalive pong
2023-10-26 06:28:20,574,INFO,Thinh_test_gui.py,_init_log,1177,Saving logs to: D:\University\UTS\2023\A_Spring 2023\41013 Industrial Robotics\Assignment\Assignment 2\IR-Assignment2\logs\25_10_2023_lelon.log
2023-10-26 06:28:29,132,INFO,controller.py,is_arrived,725,Provided joint states is Done
2023-10-26 06:28:32,820,INFO,controller.py,enable_system,820,System is enabled. Ready for operation.
2023-10-26 06:28:32,820,INFO,controller.py,enable_system,820,System is enabled. Ready for operation.
2023-10-26 06:28:34,906,INFO,controller.py,is_arrived,725,Provided joint states is Done
2023-10-26 06:28:40,661,DEBUG,protocol.py,keepalive_ping,1261,% sending keepalive ping
2023-10-26 06:28:40,661,DEBUG,protocol.py,keepalive_ping,1268,% received keepalive pong
2023-10-26 06:28:45,830,INFO,controller.py,is_arrived,725,Provided joint states is Done
2023-10-26 06:29:00,711,DEBUG,protocol.py,keepalive_ping,1261,% sending keepalive ping
2023-10-26 06:29:00,712,DEBUG,protocol.py,keepalive_ping,1268,% received keepalive pong
2023-10-26 06:29:20,806,DEBUG,protocol.py,keepalive_ping,1261,% sending keepalive ping
2023-10-26 06:29:20,807,DEBUG,protocol.py,keepalive_ping,1268,% received keepalive pong
2023-10-26 06:29:40,956,DEBUG,protocol.py,keepalive_ping,1261,% sending keepalive ping
2023-10-26 06:29:40,956,DEBUG,protocol.py,keepalive_ping,1268,% received keepalive pong
2023-10-26 06:30:00,972,DEBUG,protocol.py,keepalive_ping,1261,% sending keepalive ping
2023-10-26 06:30:00,972,DEBUG,protocol.py,keepalive_ping,1268,% received keepalive pong
2023-10-26 06:30:01,078,INFO,controller.py,is_arrived,365,Provided goal is Done
2023-10-26 06:30:21,071,DEBUG,protocol.py,keepalive_ping,1261,% sending keepalive ping
2023-10-26 06:30:21,073,DEBUG,protocol.py,keepalive_ping,1268,% received keepalive pong
2023-10-26 06:30:41,096,DEBUG,protocol.py,keepalive_ping,1261,% sending keepalive ping
2023-10-26 06:30:41,104,DEBUG,protocol.py,keepalive_ping,1268,% received keepalive pong
2023-10-26 06:30:41,476,INFO,controller.py,is_arrived,725,Provided joint states is Done
2023-10-26 06:30:54,065,INFO,controller.py,is_arrived,725,Provided joint states is Done
2023-10-26 06:31:35,556,INFO,Thinh_test_gui.py,_init_log,1177,Saving logs to: D:\University\UTS\2023\A_Spring 2023\41013 Industrial Robotics\Assignment\Assignment 2\IR-Assignment2\logs\25_10_2023_lelon.log
2023-10-26 06:31:43,748,INFO,controller.py,is_arrived,725,Provided joint states is Done
2023-10-26 06:32:03,882,INFO,Thinh_test_gui.py,_init_log,1177,Saving logs to: D:\University\UTS\2023\A_Spring 2023\41013 Industrial Robotics\Assignment\Assignment 2\IR-Assignment2\logs\25_10_2023_lelon.log
2023-10-26 06:32:12,679,INFO,controller.py,is_arrived,725,Provided joint states is Done
2023-10-26 06:32:39,441,INFO,Thinh_test_gui.py,_init_log,1177,Saving logs to: D:\University\UTS\2023\A_Spring 2023\41013 Industrial Robotics\Assignment\Assignment 2\IR-Assignment2\logs\25_10_2023_lelon.log
2023-10-26 06:32:47,876,INFO,controller.py,is_arrived,725,Provided joint states is Done
2023-10-26 06:32:53,676,INFO,controller.py,enable_system,820,System is enabled. Ready for operation.
2023-10-26 06:32:53,676,INFO,controller.py,enable_system,820,System is enabled. Ready for operation.
2023-10-26 06:32:54,187,INFO,controller.py,is_arrived,725,Provided joint states is Done
2023-10-26 06:32:59,420,DEBUG,protocol.py,keepalive_ping,1261,% sending keepalive ping
2023-10-26 06:32:59,421,DEBUG,protocol.py,keepalive_ping,1268,% received keepalive pong
2023-10-26 06:33:05,283,INFO,controller.py,is_arrived,725,Provided joint states is Done
2023-10-26 06:33:19,520,DEBUG,protocol.py,keepalive_ping,1261,% sending keepalive ping
2023-10-26 06:33:19,521,DEBUG,protocol.py,keepalive_ping,1268,% received keepalive pong
2023-10-26 06:33:39,535,DEBUG,protocol.py,keepalive_ping,1261,% sending keepalive ping
2023-10-26 06:33:39,641,DEBUG,protocol.py,keepalive_ping,1268,% received keepalive pong
2023-10-26 06:33:58,947,WARNING,safety.py,is_self_collided,244,link 0 is collided with link 3
2023-10-26 06:34:46,822,INFO,Thinh_test_gui.py,_init_log,1177,Saving logs to: D:\University\UTS\2023\A_Spring 2023\41013 Industrial Robotics\Assignment\Assignment 2\IR-Assignment2\logs\25_10_2023_lelon.log
2023-10-26 06:34:55,307,INFO,controller.py,is_arrived,725,Provided joint states is Done
2023-10-26 06:34:59,004,INFO,controller.py,enable_system,820,System is enabled. Ready for operation.
2023-10-26 06:34:59,004,INFO,controller.py,enable_system,820,System is enabled. Ready for operation.
2023-10-26 06:34:59,540,INFO,controller.py,is_arrived,725,Provided joint states is Done
2023-10-26 06:35:06,884,DEBUG,protocol.py,keepalive_ping,1261,% sending keepalive ping
2023-10-26 06:35:06,884,DEBUG,protocol.py,keepalive_ping,1268,% received keepalive pong
2023-10-26 06:35:10,507,INFO,controller.py,is_arrived,725,Provided joint states is Done
2023-10-26 06:35:26,967,DEBUG,protocol.py,keepalive_ping,1261,% sending keepalive ping
2023-10-26 06:35:26,968,DEBUG,protocol.py,keepalive_ping,1268,% received keepalive pong
2023-10-26 06:35:46,962,DEBUG,protocol.py,keepalive_ping,1261,% sending keepalive ping
2023-10-26 06:35:46,963,DEBUG,protocol.py,keepalive_ping,1268,% received keepalive pong
2023-10-26 06:36:06,999,DEBUG,protocol.py,keepalive_ping,1261,% sending keepalive ping
2023-10-26 06:36:07,047,DEBUG,protocol.py,keepalive_ping,1268,% received keepalive pong
2023-10-26 06:36:25,198,INFO,controller.py,is_arrived,365,Provided goal is Done
2023-10-26 06:36:27,051,DEBUG,protocol.py,keepalive_ping,1261,% sending keepalive ping
2023-10-26 06:36:27,052,DEBUG,protocol.py,keepalive_ping,1268,% received keepalive pong
2023-10-26 06:36:47,045,DEBUG,protocol.py,keepalive_ping,1261,% sending keepalive ping
2023-10-26 06:36:47,045,DEBUG,protocol.py,keepalive_ping,1268,% received keepalive pong
2023-10-26 06:37:05,155,INFO,controller.py,is_arrived,725,Provided joint states is Done
2023-10-26 06:37:07,119,DEBUG,protocol.py,keepalive_ping,1261,% sending keepalive ping
2023-10-26 06:37:07,120,DEBUG,protocol.py,keepalive_ping,1268,% received keepalive pong
2023-10-26 06:37:12,702,INFO,Thinh_test_gui.py,_init_log,1177,Saving logs to: D:\University\UTS\2023\A_Spring 2023\41013 Industrial Robotics\Assignment\Assignment 2\IR-Assignment2\logs\25_10_2023_lelon.log
2023-10-26 06:37:21,112,INFO,controller.py,is_arrived,725,Provided joint states is Done
2023-10-26 06:37:26,889,INFO,controller.py,enable_system,820,System is enabled. Ready for operation.
2023-10-26 06:37:26,889,INFO,controller.py,enable_system,820,System is enabled. Ready for operation.
2023-10-26 06:37:28,449,INFO,controller.py,is_arrived,725,Provided joint states is Done
2023-10-26 06:37:32,776,DEBUG,protocol.py,keepalive_ping,1261,% sending keepalive ping
2023-10-26 06:37:32,776,DEBUG,protocol.py,keepalive_ping,1268,% received keepalive pong
2023-10-26 06:37:40,033,INFO,controller.py,is_arrived,725,Provided joint states is Done
2023-10-26 06:37:52,777,DEBUG,protocol.py,keepalive_ping,1261,% sending keepalive ping
2023-10-26 06:37:52,778,DEBUG,protocol.py,keepalive_ping,1268,% received keepalive pong
2023-10-26 06:38:12,827,DEBUG,protocol.py,keepalive_ping,1261,% sending keepalive ping
2023-10-26 06:38:12,828,DEBUG,protocol.py,keepalive_ping,1268,% received keepalive pong
2023-10-26 06:38:32,847,DEBUG,protocol.py,keepalive_ping,1261,% sending keepalive ping
2023-10-26 06:38:32,906,DEBUG,protocol.py,keepalive_ping,1268,% received keepalive pong
2023-10-26 06:38:52,901,DEBUG,protocol.py,keepalive_ping,1261,% sending keepalive ping
2023-10-26 06:38:52,902,DEBUG,protocol.py,keepalive_ping,1268,% received keepalive pong
2023-10-26 06:38:55,650,INFO,controller.py,is_arrived,365,Provided goal is Done
2023-10-26 06:39:12,912,DEBUG,protocol.py,keepalive_ping,1261,% sending keepalive ping
2023-10-26 06:39:12,912,DEBUG,protocol.py,keepalive_ping,1268,% received keepalive pong
2023-10-26 06:39:19,973,WARNING,safety.py,is_self_collided,244,link 4 is collided with link 0
2023-10-26 06:39:32,743,INFO,Thinh_test_gui.py,_init_log,1177,Saving logs to: D:\University\UTS\2023\A_Spring 2023\41013 Industrial Robotics\Assignment\Assignment 2\IR-Assignment2\logs\25_10_2023_lelon.log
2023-10-26 06:39:40,866,INFO,controller.py,is_arrived,725,Provided joint states is Done
2023-10-26 06:40:09,300,INFO,Thinh_test_gui.py,_init_log,1177,Saving logs to: D:\University\UTS\2023\A_Spring 2023\41013 Industrial Robotics\Assignment\Assignment 2\IR-Assignment2\logs\25_10_2023_lelon.log
2023-10-26 06:40:17,953,INFO,controller.py,is_arrived,725,Provided joint states is Done
2023-10-26 06:40:22,178,INFO,controller.py,enable_system,820,System is enabled. Ready for operation.
2023-10-26 06:40:22,178,INFO,controller.py,enable_system,820,System is enabled. Ready for operation.
2023-10-26 06:40:22,738,INFO,controller.py,is_arrived,725,Provided joint states is Done
2023-10-26 06:40:29,350,DEBUG,protocol.py,keepalive_ping,1261,% sending keepalive ping
2023-10-26 06:40:29,352,DEBUG,protocol.py,keepalive_ping,1268,% received keepalive pong
2023-10-26 06:40:33,549,INFO,controller.py,is_arrived,725,Provided joint states is Done
2023-10-26 06:40:49,423,DEBUG,protocol.py,keepalive_ping,1261,% sending keepalive ping
2023-10-26 06:40:49,424,DEBUG,protocol.py,keepalive_ping,1268,% received keepalive pong
2023-10-26 06:41:09,630,DEBUG,protocol.py,keepalive_ping,1261,% sending keepalive ping
2023-10-26 06:41:09,631,DEBUG,protocol.py,keepalive_ping,1268,% received keepalive pong
2023-10-26 06:41:29,659,DEBUG,protocol.py,keepalive_ping,1261,% sending keepalive ping
2023-10-26 06:41:29,660,DEBUG,protocol.py,keepalive_ping,1268,% received keepalive pong
2023-10-26 06:41:49,710,DEBUG,protocol.py,keepalive_ping,1261,% sending keepalive ping
2023-10-26 06:41:49,789,DEBUG,protocol.py,keepalive_ping,1268,% received keepalive pong
2023-10-26 06:41:50,139,INFO,controller.py,is_arrived,365,Provided goal is Done
2023-10-26 06:42:09,767,DEBUG,protocol.py,keepalive_ping,1261,% sending keepalive ping
2023-10-26 06:42:09,767,DEBUG,protocol.py,keepalive_ping,1268,% received keepalive pong
2023-10-26 06:42:14,374,WARNING,safety.py,is_self_collided,244,link 4 is collided with link 0
2023-10-26 06:42:22,253,INFO,controller.py,is_arrived,725,Provided joint states is Done
2023-10-26 06:47:49,596,INFO,controller.py,enable_system,820,System is enabled. Ready for operation.
2023-10-26 06:47:50,277,WARNING,safety.py,is_self_collided,244,link 4 is collided with link 0
2023-10-26 06:47:50,279,DEBUG,protocol.py,keepalive_ping,1261,% sending keepalive ping
2023-10-26 06:47:50,280,DEBUG,protocol.py,keepalive_ping,1268,% received keepalive pong
2023-10-26 06:47:50,312,WARNING,safety.py,is_self_collided,244,link 4 is collided with link 0
2023-10-26 06:47:54,853,INFO,controller.py,enable_system,820,System is enabled. Ready for operation.
2023-10-26 06:47:55,904,WARNING,safety.py,is_self_collided,244,link 4 is collided with link 0
2023-10-26 06:54:31,795,INFO,Thinh_test_gui.py,_init_log,1177,Saving logs to: D:\University\UTS\2023\A_Spring 2023\41013 Industrial Robotics\Assignment\Assignment 2\IR-Assignment2\logs\25_10_2023_lelon.log
2023-10-26 06:54:40,050,INFO,controller.py,is_arrived,725,Provided joint states is Done
2023-10-26 06:54:44,334,INFO,controller.py,enable_system,820,System is enabled. Ready for operation.
2023-10-26 06:54:44,334,INFO,controller.py,enable_system,820,System is enabled. Ready for operation.
2023-10-26 06:54:45,404,INFO,controller.py,is_arrived,725,Provided joint states is Done
2023-10-26 06:54:51,814,DEBUG,protocol.py,keepalive_ping,1261,% sending keepalive ping
2023-10-26 06:54:51,920,DEBUG,protocol.py,keepalive_ping,1268,% received keepalive pong
2023-10-26 06:54:55,940,INFO,controller.py,is_arrived,725,Provided joint states is Done
2023-10-26 06:55:11,924,DEBUG,protocol.py,keepalive_ping,1261,% sending keepalive ping
2023-10-26 06:55:11,925,DEBUG,protocol.py,keepalive_ping,1268,% received keepalive pong
2023-10-26 06:55:31,937,DEBUG,protocol.py,keepalive_ping,1261,% sending keepalive ping
2023-10-26 06:55:31,937,DEBUG,protocol.py,keepalive_ping,1268,% received keepalive pong
2023-10-26 06:55:52,017,DEBUG,protocol.py,keepalive_ping,1261,% sending keepalive ping
2023-10-26 06:55:52,017,DEBUG,protocol.py,keepalive_ping,1268,% received keepalive pong
2023-10-26 06:56:08,408,INFO,controller.py,is_arrived,365,Provided goal is Done
2023-10-26 06:56:12,022,DEBUG,protocol.py,keepalive_ping,1261,% sending keepalive ping
2023-10-26 06:56:12,023,DEBUG,protocol.py,keepalive_ping,1268,% received keepalive pong
2023-10-26 06:56:31,974,WARNING,safety.py,is_self_collided,244,link 4 is collided with link 0
2023-10-26 06:56:32,031,DEBUG,protocol.py,keepalive_ping,1261,% sending keepalive ping
2023-10-26 06:56:32,032,DEBUG,protocol.py,keepalive_ping,1268,% received keepalive pong
2023-10-26 06:56:39,051,INFO,controller.py,is_arrived,725,Provided joint states is Done
