2023-10-31 11:00:11,995,INFO,main.py,_init_log,1365,Saving logs to: /home/benjamin/git/IR-Assignment2/logs/31_10_2023_benjamin.log
2023-10-31 11:00:19,559,INFO,controller.py,is_arrived,928,Provided joint states is Done
2023-10-31 11:00:34,322,INFO,main.py,_init_log,1365,Saving logs to: /home/benjamin/git/IR-Assignment2/logs/31_10_2023_benjamin.log
2023-10-31 11:00:41,046,INFO,controller.py,is_arrived,928,Provided joint states is Done
2023-10-31 11:01:28,826,INFO,main.py,_init_log,1365,Saving logs to: /home/benjamin/git/IR-Assignment2/logs/31_10_2023_benjamin.log
2023-10-31 11:01:35,863,INFO,controller.py,is_arrived,928,Provided joint states is Done
2023-10-31 11:03:07,862,INFO,main.py,_init_log,1365,Saving logs to: /home/benjamin/git/IR-Assignment2/logs/31_10_2023_benjamin.log
2023-10-31 11:03:14,836,INFO,controller.py,is_arrived,928,Provided joint states is Done
2023-10-31 11:04:11,280,INFO,main.py,_init_log,1365,Saving logs to: /home/benjamin/git/IR-Assignment2/logs/31_10_2023_benjamin.log
2023-10-31 11:04:17,854,INFO,controller.py,is_arrived,928,Provided joint states is Done
2023-10-31 11:04:31,092,INFO,main.py,_init_log,1365,Saving logs to: /home/benjamin/git/IR-Assignment2/logs/31_10_2023_benjamin.log
2023-10-31 11:04:38,651,INFO,controller.py,is_arrived,928,Provided joint states is Done
2023-10-31 11:05:25,949,INFO,main.py,_init_log,1365,Saving logs to: /home/benjamin/git/IR-Assignment2/logs/31_10_2023_benjamin.log
2023-10-31 11:05:33,319,INFO,controller.py,is_arrived,928,Provided joint states is Done
2023-10-31 11:06:18,821,INFO,main.py,_init_log,1365,Saving logs to: /home/benjamin/git/IR-Assignment2/logs/31_10_2023_benjamin.log
2023-10-31 11:06:26,199,INFO,controller.py,is_arrived,928,Provided joint states is Done
2023-10-31 11:07:10,447,INFO,main.py,_init_log,1365,Saving logs to: /home/benjamin/git/IR-Assignment2/logs/31_10_2023_benjamin.log
2023-10-31 11:07:17,881,INFO,controller.py,is_arrived,928,Provided joint states is Done
2023-10-31 11:07:45,997,INFO,main.py,_init_log,1365,Saving logs to: /home/benjamin/git/IR-Assignment2/logs/31_10_2023_benjamin.log
2023-10-31 11:07:53,353,INFO,controller.py,is_arrived,928,Provided joint states is Done
2023-10-31 11:09:59,329,INFO,main.py,_init_log,1365,Saving logs to: /home/benjamin/git/IR-Assignment2/logs/31_10_2023_benjamin.log
2023-10-31 11:10:06,203,INFO,controller.py,is_arrived,928,Provided joint states is Done
2023-10-31 11:21:23,780,INFO,main.py,_init_log,1365,Saving logs to: /home/benjamin/git/IR-Assignment2/logs/31_10_2023_benjamin.log
2023-10-31 11:21:30,948,INFO,controller.py,is_arrived,928,Provided joint states is Done
2023-10-31 11:21:49,625,INFO,controller.py,enable_system,1029,System is enabled. Ready for operation.
2023-10-31 11:21:49,625,INFO,controller.py,enable_system,1029,System is enabled. Ready for operation.
2023-10-31 11:39:23,327,INFO,main.py,_init_log,89,Saving logs to: /home/benjamin/git/IR-Assignment2/logs/31_10_2023_benjamin.log
2023-10-31 11:39:30,933,INFO,controller.py,is_arrived,925,Provided joint states is Done
2023-10-31 11:39:35,060,INFO,controller.py,enable_system,1026,System is enabled. Ready for operation.
2023-10-31 11:39:38,932,INFO,controller.py,go_to_cartesian_pose,794,Pose is unreachable!
2023-10-31 11:39:44,638,INFO,controller.py,is_arrived,925,Provided joint states is Done
2023-10-31 11:39:50,751,INFO,controller.py,enable_system,1026,System is enabled. Ready for operation.
2023-10-31 11:39:52,339,INFO,controller.py,is_arrived,925,Provided joint states is Done
2023-10-31 11:39:56,214,INFO,controller.py,is_arrived,925,Provided joint states is Done
2023-10-31 11:40:53,511,INFO,main.py,_init_log,89,Saving logs to: /home/benjamin/git/IR-Assignment2/logs/31_10_2023_benjamin.log
2023-10-31 11:41:01,706,INFO,controller.py,is_arrived,925,Provided joint states is Done
2023-10-31 11:41:04,157,INFO,controller.py,enable_system,1026,System is enabled. Ready for operation.
2023-10-31 11:41:04,157,INFO,controller.py,enable_system,1026,System is enabled. Ready for operation.
2023-10-31 11:41:04,676,INFO,controller.py,is_arrived,925,Provided joint states is Done
2023-10-31 11:41:08,779,INFO,controller.py,is_arrived,925,Provided joint states is Done
2023-10-31 11:43:09,243,INFO,main.py,_init_log,89,Saving logs to: /home/benjamin/git/IR-Assignment2/logs/31_10_2023_benjamin.log
2023-10-31 11:43:16,209,INFO,controller.py,is_arrived,925,Provided joint states is Done
2023-10-31 11:43:19,296,INFO,controller.py,enable_system,1026,System is enabled. Ready for operation.
2023-10-31 11:43:19,296,INFO,controller.py,enable_system,1026,System is enabled. Ready for operation.
2023-10-31 11:43:20,321,INFO,controller.py,is_arrived,925,Provided joint states is Done
2023-10-31 11:43:24,201,INFO,controller.py,is_arrived,925,Provided joint states is Done
2023-10-31 11:45:00,766,INFO,controller.py,is_arrived,925,Provided joint states is Done
2023-10-31 11:45:01,363,INFO,controller.py,is_arrived,925,Provided joint states is Done
2023-10-31 11:46:23,314,INFO,main.py,_init_log,89,Saving logs to: /home/benjamin/git/IR-Assignment2/logs/31_10_2023_benjamin.log
2023-10-31 11:46:30,175,INFO,controller.py,is_arrived,925,Provided joint states is Done
2023-10-31 11:46:34,364,INFO,controller.py,enable_system,1026,System is enabled. Ready for operation.
2023-10-31 11:46:34,364,INFO,controller.py,enable_system,1026,System is enabled. Ready for operation.
2023-10-31 11:46:35,200,INFO,controller.py,is_arrived,925,Provided joint states is Done
2023-10-31 11:46:39,015,INFO,controller.py,is_arrived,925,Provided joint states is Done
2023-10-31 15:14:15,587,INFO,main.py,_init_log,89,Saving logs to: /home/benjamin/git/IR-Assignment2/logs/31_10_2023_benjamin.log
2023-10-31 15:14:24,929,INFO,controller.py,is_arrived,925,Provided joint states is Done
2023-10-31 15:14:28,271,INFO,controller.py,enable_system,1026,System is enabled. Ready for operation.
2023-10-31 15:15:12,928,INFO,controller.py,is_arrived,925,Provided joint states is Done
2023-10-31 15:15:31,306,INFO,controller.py,is_arrived,925,Provided joint states is Done
2023-10-31 15:26:26,075,WARNING,safety.py,is_self_collided,244,link 6 is collided with link 3
2023-10-31 15:36:32,641,INFO,main.py,_init_log,89,Saving logs to: /home/benjamin/git/IR-Assignment2/logs/31_10_2023_benjamin.log
2023-10-31 15:36:39,739,INFO,controller.py,is_arrived,928,Provided joint states is Done
2023-10-31 15:36:42,623,INFO,controller.py,enable_system,1029,System is enabled. Ready for operation.
2023-10-31 15:37:03,033,INFO,controller.py,engage_estop,1013,E-stop engaged. System is halted.
2023-10-31 15:37:16,992,INFO,controller.py,enable_system,1029,System is enabled. Ready for operation.
2023-10-31 15:37:17,482,INFO,controller.py,engage_estop,1013,E-stop engaged. System is halted.
2023-10-31 15:37:17,736,INFO,controller.py,disengage_estop,1024,E-stop disengaged. System is now idle and awaiting enable.
2023-10-31 15:37:17,964,INFO,controller.py,enable_system,1029,System is enabled. Ready for operation.
2023-10-31 15:37:22,134,INFO,controller.py,is_arrived,928,Provided joint states is Done
2023-10-31 15:38:13,162,INFO,main.py,_init_log,89,Saving logs to: /home/benjamin/git/IR-Assignment2/logs/31_10_2023_benjamin.log
2023-10-31 15:38:20,098,INFO,controller.py,is_arrived,928,Provided joint states is Done
2023-10-31 15:38:24,646,INFO,controller.py,enable_system,1029,System is enabled. Ready for operation.
2023-10-31 15:38:33,590,INFO,controller.py,is_arrived,928,Provided joint states is Done
2023-10-31 15:38:51,806,INFO,controller.py,is_arrived,928,Provided joint states is Done
2023-10-31 15:52:42,390,INFO,main.py,_init_log,89,Saving logs to: /home/benjamin/git/IR-Assignment2/logs/31_10_2023_benjamin.log
2023-10-31 15:52:49,850,INFO,controller.py,is_arrived,928,Provided joint states is Done
2023-10-31 15:52:52,379,INFO,controller.py,enable_system,1029,System is enabled. Ready for operation.
2023-10-31 15:53:04,443,INFO,controller.py,is_arrived,928,Provided joint states is Done
2023-10-31 15:53:21,874,INFO,controller.py,is_arrived,928,Provided joint states is Done
2023-10-31 15:59:09,315,INFO,main.py,_init_log,89,Saving logs to: /home/benjamin/git/IR-Assignment2/logs/31_10_2023_benjamin.log
2023-10-31 15:59:16,809,INFO,controller.py,is_arrived,928,Provided joint states is Done
2023-10-31 15:59:20,924,INFO,controller.py,enable_system,1029,System is enabled. Ready for operation.
2023-10-31 15:59:29,910,INFO,controller.py,is_arrived,928,Provided joint states is Done
2023-10-31 16:01:38,515,INFO,controller.py,is_arrived,928,Provided joint states is Done
2023-10-31 16:05:52,358,INFO,main.py,_init_log,89,Saving logs to: /home/benjamin/git/IR-Assignment2/logs/31_10_2023_benjamin.log
2023-10-31 16:05:59,168,INFO,controller.py,is_arrived,928,Provided joint states is Done
2023-10-31 16:06:02,235,INFO,controller.py,enable_system,1029,System is enabled. Ready for operation.
2023-10-31 16:06:12,370,WARNING,safety.py,is_self_collided,226,link 4 is collided with head
2023-10-31 16:06:12,389,WARNING,safety.py,is_self_collided,226,link 4 is collided with head
2023-10-31 16:07:43,980,INFO,main.py,_init_log,89,Saving logs to: /home/benjamin/git/IR-Assignment2/logs/31_10_2023_benjamin.log
2023-10-31 16:07:51,609,INFO,controller.py,is_arrived,928,Provided joint states is Done
2023-10-31 16:07:53,907,INFO,controller.py,enable_system,1029,System is enabled. Ready for operation.
2023-10-31 16:07:57,350,WARNING,safety.py,is_self_collided,244,link 4 is collided with link 0
2023-10-31 16:11:56,769,INFO,main.py,_init_log,89,Saving logs to: /home/benjamin/git/IR-Assignment2/logs/31_10_2023_benjamin.log
2023-10-31 16:12:03,921,INFO,controller.py,is_arrived,928,Provided joint states is Done
2023-10-31 16:26:00,523,INFO,main.py,_init_log,89,Saving logs to: /home/benjamin/git/IR-Assignment2/logs/31_10_2023_benjamin.log
2023-10-31 16:26:07,501,INFO,controller.py,is_arrived,928,Provided joint states is Done
2023-10-31 16:26:07,532,INFO,controller.py,is_arrived,928,Provided joint states is Done
2023-10-31 16:26:10,013,INFO,controller.py,enable_system,1029,System is enabled. Ready for operation.
2023-10-31 16:26:11,357,INFO,controller.py,is_arrived,928,Provided joint states is Done
2023-10-31 16:26:14,903,WARNING,safety.py,is_self_collided,310,link 4 is collided with link 0
2023-10-31 16:26:14,993,WARNING,safety.py,is_self_collided,310,link 4 is collided with link 0
2023-10-31 16:26:15,078,WARNING,safety.py,is_self_collided,310,link 4 is collided with link 0
2023-10-31 16:27:37,528,INFO,main.py,_init_log,89,Saving logs to: /home/benjamin/git/IR-Assignment2/logs/31_10_2023_benjamin.log
2023-10-31 16:27:46,446,INFO,controller.py,is_arrived,928,Provided joint states is Done
2023-10-31 16:27:46,477,INFO,controller.py,is_arrived,928,Provided joint states is Done
2023-10-31 16:27:51,235,INFO,controller.py,enable_system,1029,System is enabled. Ready for operation.
2023-10-31 16:29:45,124,INFO,main.py,_init_log,89,Saving logs to: /home/benjamin/git/IR-Assignment2/logs/31_10_2023_benjamin.log
2023-10-31 16:29:52,902,INFO,controller.py,is_arrived,928,Provided joint states is Done
2023-10-31 16:29:55,034,INFO,controller.py,enable_system,1029,System is enabled. Ready for operation.
2023-10-31 16:30:22,622,INFO,main.py,_init_log,89,Saving logs to: /home/benjamin/git/IR-Assignment2/logs/31_10_2023_benjamin.log
2023-10-31 16:30:30,464,INFO,controller.py,is_arrived,928,Provided joint states is Done
2023-10-31 16:30:36,565,INFO,controller.py,enable_system,1029,System is enabled. Ready for operation.
2023-10-31 16:31:20,376,INFO,controller.py,is_arrived,928,Provided joint states is Done
2023-10-31 16:31:35,819,INFO,controller.py,is_arrived,928,Provided joint states is Done
2023-10-31 16:36:11,082,INFO,main.py,_init_log,89,Saving logs to: /home/benjamin/git/IR-Assignment2/logs/31_10_2023_benjamin.log
2023-10-31 16:36:20,461,INFO,controller.py,is_arrived,928,Provided joint states is Done
2023-10-31 16:36:24,213,INFO,controller.py,enable_system,1029,System is enabled. Ready for operation.
2023-10-31 16:36:31,198,INFO,controller.py,is_arrived,928,Provided joint states is Done
2023-10-31 16:36:34,847,INFO,controller.py,engage_estop,1013,E-stop engaged. System is halted.
2023-10-31 16:36:43,260,INFO,controller.py,disengage_estop,1024,E-stop disengaged. System is now idle and awaiting enable.
2023-10-31 16:36:44,324,INFO,controller.py,enable_system,1029,System is enabled. Ready for operation.
2023-10-31 16:36:54,370,INFO,controller.py,engage_estop,1013,E-stop engaged. System is halted.
2023-10-31 16:37:01,176,INFO,controller.py,disengage_estop,1024,E-stop disengaged. System is now idle and awaiting enable.
2023-10-31 16:37:02,325,INFO,controller.py,engage_estop,1013,E-stop engaged. System is halted.
2023-10-31 16:37:03,248,INFO,controller.py,disengage_estop,1024,E-stop disengaged. System is now idle and awaiting enable.
2023-10-31 16:37:04,091,INFO,controller.py,enable_system,1029,System is enabled. Ready for operation.
2023-10-31 16:37:11,923,INFO,controller.py,is_arrived,928,Provided joint states is Done
2023-10-31 16:47:59,622,INFO,main.py,_init_log,89,Saving logs to: /home/benjamin/git/IR-Assignment2/logs/31_10_2023_benjamin.log
2023-10-31 16:48:07,648,INFO,controller.py,is_arrived,925,Provided joint states is Done
2023-10-31 16:48:11,907,INFO,controller.py,enable_system,1026,System is enabled. Ready for operation.
2023-10-31 16:48:19,676,INFO,controller.py,is_arrived,925,Provided joint states is Done
2023-10-31 16:49:00,450,INFO,controller.py,is_arrived,925,Provided joint states is Done
2023-10-31 16:49:19,560,INFO,controller.py,is_arrived,925,Provided joint states is Done
2023-10-31 16:50:45,482,INFO,controller.py,is_arrived,925,Provided joint states is Done
