2023-11-06 11:07:22,747,INFO,main.py,_init_log,91,Saving logs to: /home/benjamin/git/IR-Assignment2/logs/6_11_2023_benjamin.log
2023-11-06 11:07:30,658,INFO,controller.py,is_arrived,903,Provided joint states is Done
2023-11-06 11:08:12,809,INFO,controller.py,enable_system,1020,System is enabled. Ready for operation.
2023-11-06 11:08:18,831,INFO,controller.py,is_arrived,903,Provided joint states is Done
2023-11-06 11:08:42,828,WARNING,controller.py,go_to_cartesian_pose,730,line_plane ee is nearly collided with object
2023-11-06 11:08:42,909,WARNING,controller.py,go_to_cartesian_pose,730,line_plane ee is nearly collided with object
2023-11-06 11:08:42,944,WARNING,controller.py,go_to_cartesian_pose,730,line_plane ee is nearly collided with object
2023-11-06 11:08:45,505,WARNING,controller.py,go_to_cartesian_pose,730,line_plane ee is nearly collided with object
2023-11-06 11:08:45,908,INFO,controller.py,go_to_cartesian_pose,779,Pose is unreachable!
2023-11-06 11:08:48,627,WARNING,controller.py,go_to_cartesian_pose,730,line_plane ee is nearly collided with object
2023-11-06 11:08:49,166,WARNING,controller.py,go_to_cartesian_pose,730,line_plane ee is nearly collided with object
2023-11-06 11:08:49,663,INFO,controller.py,go_to_cartesian_pose,779,Pose is unreachable!
2023-11-06 11:08:50,895,WARNING,controller.py,go_to_cartesian_pose,730,line_plane ee is nearly collided with object
2023-11-06 11:08:51,494,WARNING,controller.py,go_to_cartesian_pose,730,line_plane ee is nearly collided with object
2023-11-06 11:08:52,063,INFO,controller.py,go_to_cartesian_pose,779,Pose is unreachable!
2023-11-06 11:08:59,683,WARNING,controller.py,go_to_cartesian_pose,730,line_plane ee is nearly collided with object
2023-11-06 11:09:00,242,WARNING,controller.py,go_to_cartesian_pose,730,line_plane ee is nearly collided with object
2023-11-06 11:09:00,920,INFO,controller.py,go_to_cartesian_pose,779,Pose is unreachable!
2023-11-06 11:09:03,215,WARNING,controller.py,go_to_cartesian_pose,730,line_plane ee is nearly collided with object
2023-11-06 11:09:03,825,WARNING,controller.py,go_to_cartesian_pose,730,line_plane ee is nearly collided with object
2023-11-06 11:09:04,468,INFO,controller.py,go_to_cartesian_pose,779,Pose is unreachable!
2023-11-06 11:09:09,545,WARNING,controller.py,go_to_cartesian_pose,730,line_plane ee is nearly collided with object
2023-11-06 11:09:09,584,WARNING,controller.py,go_to_cartesian_pose,730,line_plane ee is nearly collided with object
2023-11-06 11:09:09,621,WARNING,controller.py,go_to_cartesian_pose,730,line_plane ee is nearly collided with object
2023-11-06 11:09:10,673,INFO,controller.py,go_to_cartesian_pose,779,Pose is unreachable!
2023-11-06 11:09:35,817,WARNING,controller.py,go_to_cartesian_pose,730,line_plane ee is nearly collided with object
2023-11-06 11:09:36,431,WARNING,controller.py,go_to_cartesian_pose,730,line_plane ee is nearly collided with object
2023-11-06 11:09:37,183,INFO,controller.py,go_to_cartesian_pose,779,Pose is unreachable!
2023-11-06 11:09:39,347,WARNING,controller.py,go_to_cartesian_pose,730,line_plane ee is nearly collided with object
2023-11-06 11:09:39,967,WARNING,controller.py,go_to_cartesian_pose,730,line_plane ee is nearly collided with object
2023-11-06 11:09:40,700,INFO,controller.py,go_to_cartesian_pose,779,Pose is unreachable!
2023-11-06 11:09:48,598,INFO,controller.py,enable_system,1020,System is enabled. Ready for operation.
2023-11-06 11:09:50,034,INFO,controller.py,is_arrived,903,Provided joint states is Done
2023-11-06 11:09:51,407,WARNING,controller.py,go_to_joint_angles,921,line_plane ee is nearly collided with object
2023-11-06 11:10:05,439,INFO,controller.py,enable_system,1020,System is enabled. Ready for operation.
2023-11-06 11:10:08,445,WARNING,controller.py,go_to_cartesian_pose,730,line_plane ee is nearly collided with object
2023-11-06 11:10:08,483,WARNING,controller.py,go_to_cartesian_pose,730,line_plane ee is nearly collided with object
2023-11-06 11:10:08,537,WARNING,controller.py,go_to_cartesian_pose,730,line_plane ee is nearly collided with object
2023-11-06 11:10:08,584,WARNING,controller.py,go_to_cartesian_pose,730,line_plane ee is nearly collided with object
2023-11-06 11:10:08,631,WARNING,controller.py,go_to_cartesian_pose,730,line_plane ee is nearly collided with object
2023-11-06 11:10:08,685,WARNING,controller.py,go_to_cartesian_pose,730,line_plane ee is nearly collided with object
2023-11-06 11:10:08,765,WARNING,controller.py,go_to_cartesian_pose,730,line_plane ee is nearly collided with object
2023-11-06 11:10:08,836,WARNING,controller.py,go_to_cartesian_pose,730,line_plane ee is nearly collided with object
2023-11-06 11:10:08,902,WARNING,controller.py,go_to_cartesian_pose,730,line_plane ee is nearly collided with object
2023-11-06 11:10:08,945,WARNING,controller.py,go_to_cartesian_pose,730,line_plane ee is nearly collided with object
2023-11-06 11:10:19,466,INFO,controller.py,enable_system,1020,System is enabled. Ready for operation.
2023-11-06 11:10:19,466,INFO,controller.py,enable_system,1020,System is enabled. Ready for operation.
2023-11-06 11:10:20,683,INFO,controller.py,is_arrived,903,Provided joint states is Done
2023-11-06 11:10:24,937,INFO,controller.py,is_arrived,903,Provided joint states is Done
2023-11-06 11:10:39,794,WARNING,controller.py,single_step_joint,950,line_plane ee is nearly collided with object
2023-11-06 11:10:39,821,WARNING,controller.py,single_step_cartesian,829,line_plane ee is nearly collided with object
2023-11-06 11:10:39,865,WARNING,controller.py,single_step_cartesian,829,line_plane ee is nearly collided with object
2023-11-06 11:10:39,900,WARNING,controller.py,single_step_cartesian,829,line_plane ee is nearly collided with object
2023-11-06 11:10:39,962,WARNING,controller.py,single_step_cartesian,829,line_plane ee is nearly collided with object
2023-11-06 11:10:39,999,WARNING,controller.py,single_step_cartesian,829,line_plane ee is nearly collided with object
2023-11-06 11:10:40,043,WARNING,controller.py,single_step_cartesian,829,line_plane ee is nearly collided with object
2023-11-06 11:10:40,095,WARNING,controller.py,single_step_cartesian,829,line_plane ee is nearly collided with object
2023-11-06 11:10:40,161,WARNING,controller.py,single_step_cartesian,829,line_plane ee is nearly collided with object
2023-11-06 11:10:40,234,WARNING,controller.py,single_step_cartesian,829,line_plane ee is nearly collided with object
2023-11-06 11:10:40,289,WARNING,controller.py,single_step_cartesian,829,line_plane ee is nearly collided with object
2023-11-06 11:10:40,348,WARNING,controller.py,single_step_cartesian,829,line_plane ee is nearly collided with object
2023-11-06 11:10:40,398,WARNING,controller.py,single_step_cartesian,829,line_plane ee is nearly collided with object
2023-11-06 11:10:40,445,WARNING,controller.py,single_step_cartesian,829,line_plane ee is nearly collided with object
2023-11-06 11:10:40,496,WARNING,controller.py,single_step_cartesian,829,line_plane ee is nearly collided with object
2023-11-06 11:10:40,534,WARNING,controller.py,single_step_cartesian,829,line_plane ee is nearly collided with object
2023-11-06 11:10:40,578,WARNING,controller.py,single_step_cartesian,829,line_plane ee is nearly collided with object
2023-11-06 11:10:40,622,WARNING,controller.py,single_step_cartesian,829,line_plane ee is nearly collided with object
2023-11-06 11:10:40,667,WARNING,controller.py,single_step_cartesian,829,line_plane ee is nearly collided with object
2023-11-06 11:10:40,718,WARNING,controller.py,single_step_cartesian,829,line_plane ee is nearly collided with object
2023-11-06 11:10:40,764,WARNING,controller.py,single_step_cartesian,829,line_plane ee is nearly collided with object
2023-11-06 11:10:40,831,WARNING,controller.py,single_step_cartesian,829,line_plane ee is nearly collided with object
2023-11-06 11:10:40,895,WARNING,controller.py,single_step_cartesian,829,line_plane ee is nearly collided with object
2023-11-06 11:10:40,968,WARNING,controller.py,single_step_cartesian,829,line_plane ee is nearly collided with object
2023-11-06 11:10:41,022,WARNING,controller.py,single_step_cartesian,829,line_plane ee is nearly collided with object
2023-11-06 11:10:41,090,WARNING,controller.py,single_step_cartesian,829,line_plane ee is nearly collided with object
2023-11-06 11:10:41,139,WARNING,controller.py,single_step_cartesian,829,line_plane ee is nearly collided with object
2023-11-06 11:10:41,200,WARNING,controller.py,single_step_cartesian,829,line_plane ee is nearly collided with object
2023-11-06 11:10:41,248,WARNING,controller.py,single_step_cartesian,829,line_plane ee is nearly collided with object
2023-11-06 11:10:41,309,WARNING,controller.py,single_step_cartesian,829,line_plane ee is nearly collided with object
2023-11-06 11:10:42,903,WARNING,controller.py,single_step_joint,950,line_plane ee is nearly collided with object
2023-11-06 11:10:42,937,WARNING,controller.py,single_step_joint,950,line_plane ee is nearly collided with object
2023-11-06 11:10:42,967,WARNING,controller.py,single_step_joint,950,line_plane ee is nearly collided with object
2023-11-06 11:10:42,997,WARNING,controller.py,single_step_joint,950,line_plane ee is nearly collided with object
2023-11-06 11:10:43,054,WARNING,controller.py,single_step_joint,950,line_plane ee is nearly collided with object
2023-11-06 11:10:43,091,WARNING,controller.py,single_step_joint,950,line_plane ee is nearly collided with object
2023-11-06 11:10:43,142,WARNING,controller.py,single_step_joint,950,line_plane ee is nearly collided with object
2023-11-06 11:10:43,176,WARNING,controller.py,single_step_joint,950,line_plane ee is nearly collided with object
2023-11-06 11:10:43,205,WARNING,controller.py,single_step_joint,950,line_plane ee is nearly collided with object
2023-11-06 11:10:43,234,WARNING,controller.py,single_step_joint,950,line_plane ee is nearly collided with object
2023-11-06 11:10:43,274,WARNING,controller.py,single_step_joint,950,line_plane ee is nearly collided with object
2023-11-06 11:10:43,342,WARNING,controller.py,single_step_joint,950,line_plane ee is nearly collided with object
2023-11-06 11:10:43,395,WARNING,controller.py,single_step_joint,950,line_plane ee is nearly collided with object
2023-11-06 11:10:43,446,WARNING,controller.py,single_step_joint,950,line_plane ee is nearly collided with object
2023-11-06 11:10:43,483,WARNING,controller.py,single_step_joint,950,line_plane ee is nearly collided with object
2023-11-06 11:10:43,509,WARNING,controller.py,single_step_joint,950,line_plane ee is nearly collided with object
2023-11-06 11:10:43,554,WARNING,controller.py,single_step_joint,950,line_plane ee is nearly collided with object
2023-11-06 11:10:43,581,WARNING,controller.py,single_step_joint,950,line_plane ee is nearly collided with object
2023-11-06 11:11:05,559,WARNING,controller.py,single_step_cartesian,829,line_plane ee is nearly collided with object
2023-11-06 11:11:05,679,WARNING,controller.py,single_step_cartesian,829,line_plane ee is nearly collided with object
2023-11-06 11:11:05,756,WARNING,controller.py,single_step_cartesian,829,line_plane ee is nearly collided with object
2023-11-06 11:11:05,794,WARNING,controller.py,single_step_cartesian,829,line_plane ee is nearly collided with object
2023-11-06 11:11:05,838,WARNING,controller.py,single_step_cartesian,829,line_plane ee is nearly collided with object
2023-11-06 11:11:05,882,WARNING,controller.py,single_step_cartesian,829,line_plane ee is nearly collided with object
2023-11-06 11:11:05,931,WARNING,controller.py,single_step_cartesian,829,line_plane ee is nearly collided with object
2023-11-06 11:11:05,987,WARNING,controller.py,single_step_cartesian,829,line_plane ee is nearly collided with object
2023-11-06 11:11:06,033,WARNING,controller.py,single_step_cartesian,829,line_plane ee is nearly collided with object
2023-11-06 11:11:06,091,WARNING,controller.py,single_step_cartesian,829,line_plane ee is nearly collided with object
2023-11-06 11:11:06,138,WARNING,controller.py,single_step_cartesian,829,line_plane ee is nearly collided with object
2023-11-06 11:11:06,199,WARNING,controller.py,single_step_cartesian,829,line_plane ee is nearly collided with object
2023-11-06 11:11:06,249,WARNING,controller.py,single_step_cartesian,829,line_plane ee is nearly collided with object
2023-11-06 11:11:06,330,WARNING,controller.py,single_step_cartesian,829,line_plane ee is nearly collided with object
2023-11-06 11:11:06,384,WARNING,controller.py,single_step_cartesian,829,line_plane ee is nearly collided with object
2023-11-06 11:11:06,469,WARNING,controller.py,single_step_cartesian,829,line_plane ee is nearly collided with object
2023-11-06 11:11:06,524,WARNING,controller.py,single_step_cartesian,829,line_plane ee is nearly collided with object
2023-11-06 11:11:06,579,WARNING,controller.py,single_step_cartesian,829,line_plane ee is nearly collided with object
2023-11-06 11:11:06,625,WARNING,controller.py,single_step_cartesian,829,line_plane ee is nearly collided with object
2023-11-06 11:11:06,686,WARNING,controller.py,single_step_cartesian,829,line_plane ee is nearly collided with object
2023-11-06 11:11:06,752,WARNING,controller.py,single_step_cartesian,829,line_plane ee is nearly collided with object
2023-11-06 11:11:06,796,WARNING,controller.py,single_step_cartesian,829,line_plane ee is nearly collided with object
2023-11-06 11:11:06,845,WARNING,controller.py,single_step_cartesian,829,line_plane ee is nearly collided with object
2023-11-06 11:11:06,899,WARNING,controller.py,single_step_cartesian,829,line_plane ee is nearly collided with object
2023-11-06 11:11:06,939,WARNING,controller.py,single_step_cartesian,829,line_plane ee is nearly collided with object
2023-11-06 11:11:07,002,WARNING,controller.py,single_step_cartesian,829,line_plane ee is nearly collided with object
2023-11-06 11:11:07,097,WARNING,controller.py,single_step_cartesian,829,line_plane ee is nearly collided with object
2023-11-06 11:11:07,158,WARNING,controller.py,single_step_cartesian,829,line_plane ee is nearly collided with object
2023-11-06 11:11:07,227,WARNING,controller.py,single_step_cartesian,829,line_plane ee is nearly collided with object
2023-11-06 11:11:07,271,WARNING,controller.py,single_step_cartesian,829,line_plane ee is nearly collided with object
2023-11-06 11:11:07,320,WARNING,controller.py,single_step_cartesian,829,line_plane ee is nearly collided with object
2023-11-06 11:11:07,363,WARNING,controller.py,single_step_cartesian,829,line_plane ee is nearly collided with object
2023-11-06 11:11:07,425,WARNING,controller.py,single_step_cartesian,829,line_plane ee is nearly collided with object
2023-11-06 11:11:07,464,WARNING,controller.py,single_step_cartesian,829,line_plane ee is nearly collided with object
2023-11-06 11:11:07,515,WARNING,controller.py,single_step_cartesian,829,line_plane ee is nearly collided with object
2023-11-06 11:11:07,565,WARNING,controller.py,single_step_cartesian,829,line_plane ee is nearly collided with object
2023-11-06 11:11:07,622,WARNING,controller.py,single_step_cartesian,829,line_plane ee is nearly collided with object
2023-11-06 11:11:07,668,WARNING,controller.py,single_step_cartesian,829,line_plane ee is nearly collided with object
2023-11-06 11:11:07,724,WARNING,controller.py,single_step_cartesian,829,line_plane ee is nearly collided with object
2023-11-06 11:11:07,787,WARNING,controller.py,single_step_cartesian,829,line_plane ee is nearly collided with object
2023-11-06 11:11:07,861,WARNING,controller.py,single_step_cartesian,829,line_plane ee is nearly collided with object
2023-11-06 11:11:07,926,WARNING,controller.py,single_step_cartesian,829,line_plane ee is nearly collided with object
2023-11-06 11:11:07,991,WARNING,controller.py,single_step_cartesian,829,line_plane ee is nearly collided with object
2023-11-06 11:11:08,048,WARNING,controller.py,single_step_cartesian,829,line_plane ee is nearly collided with object
2023-11-06 11:11:08,101,WARNING,controller.py,single_step_cartesian,829,line_plane ee is nearly collided with object
2023-11-06 11:11:08,210,WARNING,controller.py,single_step_cartesian,829,line_plane ee is nearly collided with object
2023-11-06 11:11:08,245,WARNING,controller.py,single_step_cartesian,829,line_plane ee is nearly collided with object
2023-11-06 11:11:08,285,WARNING,controller.py,single_step_cartesian,829,line_plane ee is nearly collided with object
2023-11-06 11:11:08,332,WARNING,controller.py,single_step_cartesian,829,line_plane ee is nearly collided with object
2023-11-06 11:11:08,395,WARNING,controller.py,single_step_cartesian,829,line_plane ee is nearly collided with object
2023-11-06 11:11:08,445,WARNING,controller.py,single_step_cartesian,829,line_plane ee is nearly collided with object
2023-11-06 11:11:08,489,WARNING,controller.py,single_step_cartesian,829,line_plane ee is nearly collided with object
2023-11-06 11:11:08,528,WARNING,controller.py,single_step_cartesian,829,line_plane ee is nearly collided with object
2023-11-06 11:11:08,607,WARNING,controller.py,single_step_cartesian,829,line_plane ee is nearly collided with object
2023-11-06 11:11:08,667,WARNING,controller.py,single_step_cartesian,829,line_plane ee is nearly collided with object
2023-11-06 11:11:08,733,WARNING,controller.py,single_step_cartesian,829,line_plane ee is nearly collided with object
2023-11-06 11:11:08,801,WARNING,controller.py,single_step_cartesian,829,line_plane ee is nearly collided with object
2023-11-06 11:11:08,839,WARNING,controller.py,single_step_cartesian,829,line_plane ee is nearly collided with object
2023-11-06 11:11:08,898,WARNING,controller.py,single_step_cartesian,829,line_plane ee is nearly collided with object
2023-11-06 11:11:08,951,WARNING,controller.py,single_step_cartesian,829,line_plane ee is nearly collided with object
2023-11-06 11:11:08,997,WARNING,controller.py,single_step_cartesian,829,line_plane ee is nearly collided with object
2023-11-06 11:11:09,037,WARNING,controller.py,single_step_cartesian,829,line_plane ee is nearly collided with object
2023-11-06 11:11:09,101,WARNING,controller.py,single_step_cartesian,829,line_plane ee is nearly collided with object
2023-11-06 11:11:09,153,WARNING,controller.py,single_step_cartesian,829,line_plane ee is nearly collided with object
2023-11-06 11:11:09,213,WARNING,controller.py,single_step_cartesian,829,line_plane ee is nearly collided with object
2023-11-06 11:11:09,260,WARNING,controller.py,single_step_cartesian,829,line_plane ee is nearly collided with object
2023-11-06 11:11:09,315,WARNING,controller.py,single_step_cartesian,829,line_plane ee is nearly collided with object
2023-11-06 11:11:09,400,WARNING,controller.py,single_step_cartesian,829,line_plane ee is nearly collided with object
2023-11-06 11:11:09,454,WARNING,controller.py,single_step_cartesian,829,line_plane ee is nearly collided with object
2023-11-06 11:11:09,534,WARNING,controller.py,single_step_cartesian,829,line_plane ee is nearly collided with object
2023-11-06 11:11:09,578,WARNING,controller.py,single_step_cartesian,829,line_plane ee is nearly collided with object
2023-11-06 11:11:09,619,WARNING,controller.py,single_step_cartesian,829,line_plane ee is nearly collided with object
2023-11-06 11:11:09,664,WARNING,controller.py,single_step_cartesian,829,line_plane ee is nearly collided with object
2023-11-06 11:11:12,763,WARNING,controller.py,single_step_joint,950,line_plane ee is nearly collided with object
2023-11-06 11:11:12,791,WARNING,controller.py,single_step_joint,950,line_plane ee is nearly collided with object
2023-11-06 11:11:12,815,WARNING,controller.py,single_step_joint,950,line_plane ee is nearly collided with object
2023-11-06 11:11:12,837,WARNING,controller.py,single_step_joint,950,line_plane ee is nearly collided with object
2023-11-06 11:11:18,866,WARNING,controller.py,single_step_cartesian,829,line_plane ee is nearly collided with object
2023-11-06 11:11:18,985,WARNING,controller.py,single_step_cartesian,829,line_plane ee is nearly collided with object
2023-11-06 11:11:19,058,WARNING,controller.py,single_step_cartesian,829,line_plane ee is nearly collided with object
2023-11-06 11:11:19,713,WARNING,controller.py,single_step_cartesian,829,line_plane ee is nearly collided with object
2023-11-06 11:11:19,906,WARNING,controller.py,single_step_joint,950,line_plane ee is nearly collided with object
2023-11-06 11:11:19,947,WARNING,controller.py,single_step_joint,950,line_plane ee is nearly collided with object
2023-11-06 11:11:19,987,WARNING,controller.py,single_step_joint,950,line_plane ee is nearly collided with object
2023-11-06 11:11:20,009,WARNING,controller.py,single_step_joint,950,line_plane ee is nearly collided with object
2023-11-06 11:11:20,038,WARNING,controller.py,single_step_joint,950,line_plane ee is nearly collided with object
2023-11-06 11:11:20,058,WARNING,controller.py,single_step_joint,950,line_plane ee is nearly collided with object
2023-11-06 11:11:20,081,WARNING,controller.py,single_step_joint,950,line_plane ee is nearly collided with object
2023-11-06 11:11:20,107,WARNING,controller.py,single_step_joint,950,line_plane ee is nearly collided with object
2023-11-06 11:11:20,138,WARNING,controller.py,single_step_joint,950,line_plane ee is nearly collided with object
2023-11-06 11:11:20,163,WARNING,controller.py,single_step_joint,950,line_plane ee is nearly collided with object
2023-11-06 11:11:20,191,WARNING,controller.py,single_step_joint,950,line_plane ee is nearly collided with object
2023-11-06 11:11:20,217,WARNING,controller.py,single_step_joint,950,line_plane ee is nearly collided with object
2023-11-06 11:11:20,243,WARNING,controller.py,single_step_joint,950,line_plane ee is nearly collided with object
2023-11-06 11:11:20,267,WARNING,controller.py,single_step_joint,950,line_plane ee is nearly collided with object
2023-11-06 11:11:20,317,WARNING,controller.py,single_step_joint,950,line_plane ee is nearly collided with object
2023-11-06 11:11:20,362,WARNING,controller.py,single_step_joint,950,line_plane ee is nearly collided with object
2023-11-06 11:11:20,410,WARNING,controller.py,single_step_joint,950,line_plane ee is nearly collided with object
2023-11-06 11:11:20,448,WARNING,controller.py,single_step_joint,950,line_plane ee is nearly collided with object
2023-11-06 11:11:20,480,WARNING,controller.py,single_step_joint,950,line_plane ee is nearly collided with object
2023-11-06 11:11:20,526,WARNING,controller.py,single_step_joint,950,line_plane ee is nearly collided with object
2023-11-06 11:11:20,559,WARNING,controller.py,single_step_joint,950,line_plane ee is nearly collided with object
2023-11-06 11:11:20,593,WARNING,controller.py,single_step_joint,950,line_plane ee is nearly collided with object
2023-11-06 11:11:20,614,WARNING,controller.py,single_step_joint,950,line_plane ee is nearly collided with object
2023-11-06 11:11:20,641,WARNING,controller.py,single_step_joint,950,line_plane ee is nearly collided with object
2023-11-06 11:11:20,663,WARNING,controller.py,single_step_joint,950,line_plane ee is nearly collided with object
2023-11-06 11:11:20,692,WARNING,controller.py,single_step_joint,950,line_plane ee is nearly collided with object
2023-11-06 11:11:20,714,WARNING,controller.py,single_step_joint,950,line_plane ee is nearly collided with object
2023-11-06 11:11:20,740,WARNING,controller.py,single_step_joint,950,line_plane ee is nearly collided with object
2023-11-06 11:11:20,761,WARNING,controller.py,single_step_joint,950,line_plane ee is nearly collided with object
2023-11-06 11:11:20,782,WARNING,controller.py,single_step_joint,950,line_plane ee is nearly collided with object
2023-11-06 11:11:20,806,WARNING,controller.py,single_step_joint,950,line_plane ee is nearly collided with object
2023-11-06 11:11:20,841,WARNING,controller.py,single_step_joint,950,line_plane ee is nearly collided with object
2023-11-06 11:11:20,871,WARNING,controller.py,single_step_joint,950,line_plane ee is nearly collided with object
2023-11-06 11:11:20,899,WARNING,controller.py,single_step_joint,950,line_plane ee is nearly collided with object
2023-11-06 11:11:20,925,WARNING,controller.py,single_step_joint,950,line_plane ee is nearly collided with object
2023-11-06 11:11:20,953,WARNING,controller.py,single_step_joint,950,line_plane ee is nearly collided with object
2023-11-06 11:11:20,980,WARNING,controller.py,single_step_joint,950,line_plane ee is nearly collided with object
2023-11-06 11:11:21,003,WARNING,controller.py,single_step_joint,950,line_plane ee is nearly collided with object
2023-11-06 11:11:21,025,WARNING,controller.py,single_step_joint,950,line_plane ee is nearly collided with object
2023-11-06 11:11:22,203,WARNING,controller.py,single_step_joint,950,line_plane ee is nearly collided with object
2023-11-06 11:11:22,234,WARNING,controller.py,single_step_joint,950,line_plane ee is nearly collided with object
2023-11-06 11:11:22,263,WARNING,controller.py,single_step_joint,950,line_plane ee is nearly collided with object
2023-11-06 11:11:22,289,WARNING,controller.py,single_step_joint,950,line_plane ee is nearly collided with object
2023-11-06 11:12:03,121,WARNING,controller.py,single_step_joint,950,line_plane ee is nearly collided with object
2023-11-06 11:12:03,161,WARNING,controller.py,single_step_cartesian,829,line_plane ee is nearly collided with object
2023-11-06 11:12:03,223,WARNING,controller.py,single_step_cartesian,829,line_plane ee is nearly collided with object
2023-11-06 11:12:03,274,WARNING,controller.py,single_step_cartesian,829,line_plane ee is nearly collided with object
2023-11-06 11:12:03,320,WARNING,controller.py,single_step_cartesian,829,line_plane ee is nearly collided with object
2023-11-06 11:12:03,351,WARNING,controller.py,single_step_cartesian,829,line_plane ee is nearly collided with object
2023-11-06 11:12:05,339,WARNING,controller.py,single_step_joint,950,line_plane ee is nearly collided with object
2023-11-06 11:12:05,368,WARNING,controller.py,single_step_joint,950,line_plane ee is nearly collided with object
2023-11-06 11:12:05,403,WARNING,controller.py,single_step_joint,950,line_plane ee is nearly collided with object
2023-11-06 11:12:05,439,WARNING,controller.py,single_step_joint,950,line_plane ee is nearly collided with object
2023-11-06 11:12:05,468,WARNING,controller.py,single_step_joint,950,line_plane ee is nearly collided with object
2023-11-06 11:12:05,583,WARNING,controller.py,single_step_joint,950,line_plane ee is nearly collided with object
2023-11-06 11:12:05,605,WARNING,controller.py,single_step_joint,950,line_plane ee is nearly collided with object
2023-11-06 11:12:05,629,WARNING,controller.py,single_step_joint,950,line_plane ee is nearly collided with object
2023-11-06 11:12:05,652,WARNING,controller.py,single_step_joint,950,line_plane ee is nearly collided with object
2023-11-06 11:12:06,007,WARNING,controller.py,single_step_joint,950,line_plane ee is nearly collided with object
2023-11-06 11:12:06,033,WARNING,controller.py,single_step_joint,950,line_plane ee is nearly collided with object
2023-11-06 11:12:07,960,INFO,controller.py,is_arrived,903,Provided joint states is Done
2023-11-06 11:12:10,494,INFO,controller.py,is_arrived,903,Provided joint states is Done
2023-11-06 15:35:15,331,INFO,main.py,_init_log,91,Saving logs to: /home/benjamin/git/IR-Assignment2/logs/6_11_2023_benjamin.log
2023-11-06 15:35:42,976,INFO,main.py,_init_log,91,Saving logs to: /home/benjamin/git/IR-Assignment2/logs/6_11_2023_benjamin.log
2023-11-06 15:35:50,273,INFO,controller.py,is_arrived,884,Provided joint states is Done
2023-11-06 15:35:54,732,INFO,controller.py,enable_system,994,System is enabled. Ready for operation.
2023-11-06 15:36:00,561,INFO,controller.py,is_arrived,884,Provided joint states is Done
2023-11-06 15:36:23,164,INFO,controller.py,enable_system,994,System is enabled. Ready for operation.
2023-11-06 15:36:24,034,INFO,controller.py,is_arrived,884,Provided joint states is Done
2023-11-06 15:36:28,894,INFO,controller.py,is_arrived,884,Provided joint states is Done
2023-11-06 15:36:50,197,WARNING,controller.py,single_step_joint,929,line_plane ee is nearly collided with object
2023-11-06 15:36:50,221,WARNING,controller.py,single_step_cartesian,816,line_plane ee is nearly collided with object
2023-11-06 15:36:50,325,WARNING,controller.py,single_step_cartesian,816,line_plane ee is nearly collided with object
2023-11-06 15:36:50,377,WARNING,controller.py,single_step_cartesian,816,line_plane ee is nearly collided with object
2023-11-06 15:36:50,448,WARNING,controller.py,single_step_cartesian,816,line_plane ee is nearly collided with object
2023-11-06 15:36:50,528,WARNING,controller.py,single_step_cartesian,816,line_plane ee is nearly collided with object
2023-11-06 15:36:50,583,WARNING,controller.py,single_step_cartesian,816,line_plane ee is nearly collided with object
2023-11-06 15:36:50,703,WARNING,controller.py,single_step_cartesian,816,line_plane ee is nearly collided with object
2023-11-06 15:36:50,786,WARNING,controller.py,single_step_cartesian,816,line_plane ee is nearly collided with object
2023-11-06 15:36:50,894,WARNING,controller.py,single_step_cartesian,816,line_plane ee is nearly collided with object
2023-11-06 15:36:50,963,WARNING,controller.py,single_step_cartesian,816,line_plane ee is nearly collided with object
2023-11-06 15:36:51,046,WARNING,controller.py,single_step_cartesian,816,line_plane ee is nearly collided with object
2023-11-06 15:36:51,113,WARNING,controller.py,single_step_cartesian,816,line_plane ee is nearly collided with object
2023-11-06 15:36:51,177,WARNING,controller.py,single_step_cartesian,816,line_plane ee is nearly collided with object
2023-11-06 15:36:51,240,WARNING,controller.py,single_step_cartesian,816,line_plane ee is nearly collided with object
2023-11-06 15:36:51,320,WARNING,controller.py,single_step_cartesian,816,line_plane ee is nearly collided with object
2023-11-06 15:36:51,440,WARNING,controller.py,single_step_cartesian,816,line_plane ee is nearly collided with object
2023-11-06 15:36:51,519,WARNING,controller.py,single_step_cartesian,816,line_plane ee is nearly collided with object
2023-11-06 15:36:51,609,WARNING,controller.py,single_step_cartesian,816,line_plane ee is nearly collided with object
2023-11-06 15:36:51,682,WARNING,controller.py,single_step_cartesian,816,line_plane ee is nearly collided with object
2023-11-06 15:36:51,751,WARNING,controller.py,single_step_cartesian,816,line_plane ee is nearly collided with object
2023-11-06 15:36:51,808,WARNING,controller.py,single_step_cartesian,816,line_plane ee is nearly collided with object
2023-11-06 15:36:51,873,WARNING,controller.py,single_step_cartesian,816,line_plane ee is nearly collided with object
2023-11-06 15:36:51,945,WARNING,controller.py,single_step_cartesian,816,line_plane ee is nearly collided with object
2023-11-06 15:36:52,011,WARNING,controller.py,single_step_cartesian,816,line_plane ee is nearly collided with object
2023-11-06 15:36:52,105,WARNING,controller.py,single_step_cartesian,816,line_plane ee is nearly collided with object
2023-11-06 15:36:52,172,WARNING,controller.py,single_step_cartesian,816,line_plane ee is nearly collided with object
2023-11-06 15:36:52,240,WARNING,controller.py,single_step_cartesian,816,line_plane ee is nearly collided with object
2023-11-06 15:36:52,322,WARNING,controller.py,single_step_cartesian,816,line_plane ee is nearly collided with object
2023-11-06 15:36:52,388,WARNING,controller.py,single_step_cartesian,816,line_plane ee is nearly collided with object
2023-11-06 15:36:54,533,WARNING,controller.py,single_step_joint,929,line_plane ee is nearly collided with object
2023-11-06 15:36:54,565,WARNING,controller.py,single_step_joint,929,line_plane ee is nearly collided with object
2023-11-06 15:36:54,602,WARNING,controller.py,single_step_joint,929,line_plane ee is nearly collided with object
2023-11-06 15:36:54,631,WARNING,controller.py,single_step_joint,929,line_plane ee is nearly collided with object
2023-11-06 15:36:54,664,WARNING,controller.py,single_step_joint,929,line_plane ee is nearly collided with object
2023-11-06 15:36:54,692,WARNING,controller.py,single_step_joint,929,line_plane ee is nearly collided with object
2023-11-06 15:36:54,726,WARNING,controller.py,single_step_joint,929,line_plane ee is nearly collided with object
2023-11-06 15:36:54,765,WARNING,controller.py,single_step_joint,929,line_plane ee is nearly collided with object
2023-11-06 15:36:54,807,WARNING,controller.py,single_step_joint,929,line_plane ee is nearly collided with object
2023-11-06 15:36:54,858,WARNING,controller.py,single_step_joint,929,line_plane ee is nearly collided with object
2023-11-06 15:36:54,896,WARNING,controller.py,single_step_joint,929,line_plane ee is nearly collided with object
2023-11-06 15:36:54,948,WARNING,controller.py,single_step_joint,929,line_plane ee is nearly collided with object
2023-11-06 15:36:55,076,WARNING,controller.py,single_step_joint,929,line_plane ee is nearly collided with object
2023-11-06 15:36:55,115,WARNING,controller.py,single_step_joint,929,line_plane ee is nearly collided with object
2023-11-06 15:36:55,167,WARNING,controller.py,single_step_joint,929,line_plane ee is nearly collided with object
2023-11-06 15:36:55,212,WARNING,controller.py,single_step_joint,929,line_plane ee is nearly collided with object
2023-11-06 15:36:55,243,WARNING,controller.py,single_step_joint,929,line_plane ee is nearly collided with object
2023-11-06 15:36:55,287,WARNING,controller.py,single_step_joint,929,line_plane ee is nearly collided with object
2023-11-06 15:37:27,832,WARNING,controller.py,single_step_cartesian,816,line_plane ee is nearly collided with object
2023-11-06 15:37:28,048,WARNING,controller.py,single_step_cartesian,816,line_plane ee is nearly collided with object
2023-11-06 15:37:28,151,WARNING,controller.py,single_step_cartesian,816,line_plane ee is nearly collided with object
2023-11-06 15:37:28,229,WARNING,controller.py,single_step_cartesian,816,line_plane ee is nearly collided with object
2023-11-06 15:37:28,308,WARNING,controller.py,single_step_cartesian,816,line_plane ee is nearly collided with object
2023-11-06 15:37:28,377,WARNING,controller.py,single_step_cartesian,816,line_plane ee is nearly collided with object
2023-11-06 15:37:28,504,WARNING,controller.py,single_step_cartesian,816,line_plane ee is nearly collided with object
2023-11-06 15:37:28,613,WARNING,controller.py,single_step_cartesian,816,line_plane ee is nearly collided with object
2023-11-06 15:37:28,698,WARNING,controller.py,single_step_cartesian,816,line_plane ee is nearly collided with object
2023-11-06 15:37:28,743,WARNING,controller.py,single_step_cartesian,816,line_plane ee is nearly collided with object
2023-11-06 15:37:28,787,WARNING,controller.py,single_step_cartesian,816,line_plane ee is nearly collided with object
2023-11-06 15:37:28,850,WARNING,controller.py,single_step_cartesian,816,line_plane ee is nearly collided with object
2023-11-06 15:37:28,924,WARNING,controller.py,single_step_cartesian,816,line_plane ee is nearly collided with object
2023-11-06 15:37:28,985,WARNING,controller.py,single_step_cartesian,816,line_plane ee is nearly collided with object
2023-11-06 15:37:29,058,WARNING,controller.py,single_step_cartesian,816,line_plane ee is nearly collided with object
2023-11-06 15:37:29,158,WARNING,controller.py,single_step_cartesian,816,line_plane ee is nearly collided with object
2023-11-06 15:37:29,256,WARNING,controller.py,single_step_cartesian,816,line_plane ee is nearly collided with object
2023-11-06 15:37:29,308,WARNING,controller.py,single_step_cartesian,816,line_plane ee is nearly collided with object
2023-11-06 15:37:29,365,WARNING,controller.py,single_step_cartesian,816,line_plane ee is nearly collided with object
2023-11-06 15:37:29,436,WARNING,controller.py,single_step_cartesian,816,line_plane ee is nearly collided with object
2023-11-06 15:37:29,494,WARNING,controller.py,single_step_cartesian,816,line_plane ee is nearly collided with object
2023-11-06 15:37:29,570,WARNING,controller.py,single_step_cartesian,816,line_plane ee is nearly collided with object
2023-11-06 15:37:29,671,WARNING,controller.py,single_step_cartesian,816,line_plane ee is nearly collided with object
2023-11-06 15:37:29,762,WARNING,controller.py,single_step_cartesian,816,line_plane ee is nearly collided with object
2023-11-06 15:37:29,856,WARNING,controller.py,single_step_cartesian,816,line_plane ee is nearly collided with object
2023-11-06 15:37:29,922,WARNING,controller.py,single_step_cartesian,816,line_plane ee is nearly collided with object
2023-11-06 15:37:30,023,WARNING,controller.py,single_step_cartesian,816,line_plane ee is nearly collided with object
2023-11-06 15:37:30,097,WARNING,controller.py,single_step_cartesian,816,line_plane ee is nearly collided with object
2023-11-06 15:37:30,153,WARNING,controller.py,single_step_cartesian,816,line_plane ee is nearly collided with object
2023-11-06 15:37:30,235,WARNING,controller.py,single_step_cartesian,816,line_plane ee is nearly collided with object
2023-11-06 15:37:30,305,WARNING,controller.py,single_step_cartesian,816,line_plane ee is nearly collided with object
2023-11-06 15:37:30,395,WARNING,controller.py,single_step_cartesian,816,line_plane ee is nearly collided with object
2023-11-06 15:37:30,475,WARNING,controller.py,single_step_cartesian,816,line_plane ee is nearly collided with object
2023-11-06 15:37:30,552,WARNING,controller.py,single_step_cartesian,816,line_plane ee is nearly collided with object
2023-11-06 15:37:30,609,WARNING,controller.py,single_step_cartesian,816,line_plane ee is nearly collided with object
2023-11-06 15:37:30,672,WARNING,controller.py,single_step_cartesian,816,line_plane ee is nearly collided with object
2023-11-06 15:37:30,739,WARNING,controller.py,single_step_cartesian,816,line_plane ee is nearly collided with object
2023-11-06 15:37:30,805,WARNING,controller.py,single_step_cartesian,816,line_plane ee is nearly collided with object
2023-11-06 15:37:30,881,WARNING,controller.py,single_step_cartesian,816,line_plane ee is nearly collided with object
2023-11-06 15:37:30,936,WARNING,controller.py,single_step_cartesian,816,line_plane ee is nearly collided with object
2023-11-06 15:37:30,990,WARNING,controller.py,single_step_cartesian,816,line_plane ee is nearly collided with object
2023-11-06 15:37:31,093,WARNING,controller.py,single_step_cartesian,816,line_plane ee is nearly collided with object
2023-11-06 15:37:31,189,WARNING,controller.py,single_step_cartesian,816,line_plane ee is nearly collided with object
2023-11-06 15:37:31,277,WARNING,controller.py,single_step_cartesian,816,line_plane ee is nearly collided with object
2023-11-06 15:37:31,409,WARNING,controller.py,single_step_cartesian,816,line_plane ee is nearly collided with object
2023-11-06 15:37:31,511,WARNING,controller.py,single_step_cartesian,816,line_plane ee is nearly collided with object
2023-11-06 15:37:31,613,WARNING,controller.py,single_step_cartesian,816,line_plane ee is nearly collided with object
2023-11-06 15:37:31,697,WARNING,controller.py,single_step_cartesian,816,line_plane ee is nearly collided with object
2023-11-06 15:37:31,776,WARNING,controller.py,single_step_cartesian,816,line_plane ee is nearly collided with object
2023-11-06 15:37:31,899,WARNING,controller.py,single_step_cartesian,816,line_plane ee is nearly collided with object
2023-11-06 15:37:32,034,WARNING,controller.py,single_step_cartesian,816,line_plane ee is nearly collided with object
2023-11-06 15:37:32,109,WARNING,controller.py,single_step_cartesian,816,line_plane ee is nearly collided with object
2023-11-06 15:37:32,181,WARNING,controller.py,single_step_cartesian,816,line_plane ee is nearly collided with object
2023-11-06 15:37:32,242,WARNING,controller.py,single_step_cartesian,816,line_plane ee is nearly collided with object
2023-11-06 15:37:32,330,WARNING,controller.py,single_step_cartesian,816,line_plane ee is nearly collided with object
2023-11-06 15:37:32,413,WARNING,controller.py,single_step_cartesian,816,line_plane ee is nearly collided with object
2023-11-06 15:37:32,512,WARNING,controller.py,single_step_cartesian,816,line_plane ee is nearly collided with object
2023-11-06 15:37:32,647,WARNING,controller.py,single_step_cartesian,816,line_plane ee is nearly collided with object
2023-11-06 15:37:32,754,WARNING,controller.py,single_step_cartesian,816,line_plane ee is nearly collided with object
2023-11-06 15:37:32,815,WARNING,controller.py,single_step_cartesian,816,line_plane ee is nearly collided with object
2023-11-06 15:37:32,901,WARNING,controller.py,single_step_cartesian,816,line_plane ee is nearly collided with object
2023-11-06 15:37:32,966,WARNING,controller.py,single_step_cartesian,816,line_plane ee is nearly collided with object
2023-11-06 15:37:33,047,WARNING,controller.py,single_step_cartesian,816,line_plane ee is nearly collided with object
2023-11-06 15:37:33,122,WARNING,controller.py,single_step_cartesian,816,line_plane ee is nearly collided with object
2023-11-06 15:37:33,204,WARNING,controller.py,single_step_cartesian,816,line_plane ee is nearly collided with object
2023-11-06 15:37:33,339,WARNING,controller.py,single_step_cartesian,816,line_plane ee is nearly collided with object
2023-11-06 15:37:33,480,WARNING,controller.py,single_step_cartesian,816,line_plane ee is nearly collided with object
2023-11-06 15:37:33,586,WARNING,controller.py,single_step_cartesian,816,line_plane ee is nearly collided with object
2023-11-06 15:37:33,691,WARNING,controller.py,single_step_cartesian,816,line_plane ee is nearly collided with object
2023-11-06 15:37:33,777,WARNING,controller.py,single_step_cartesian,816,line_plane ee is nearly collided with object
2023-11-06 15:37:33,860,WARNING,controller.py,single_step_cartesian,816,line_plane ee is nearly collided with object
2023-11-06 15:37:33,926,WARNING,controller.py,single_step_cartesian,816,line_plane ee is nearly collided with object
2023-11-06 15:37:34,001,WARNING,controller.py,single_step_cartesian,816,line_plane ee is nearly collided with object
2023-11-06 15:37:38,118,WARNING,controller.py,single_step_joint,929,line_plane ee is nearly collided with object
2023-11-06 15:37:38,149,WARNING,controller.py,single_step_joint,929,line_plane ee is nearly collided with object
2023-11-06 15:37:38,187,WARNING,controller.py,single_step_joint,929,line_plane ee is nearly collided with object
2023-11-06 15:37:38,248,WARNING,controller.py,single_step_joint,929,line_plane ee is nearly collided with object
2023-11-06 15:38:38,761,INFO,main.py,_init_log,91,Saving logs to: /home/benjamin/git/IR-Assignment2/logs/6_11_2023_benjamin.log
2023-11-06 15:38:45,874,INFO,controller.py,is_arrived,884,Provided joint states is Done
2023-11-06 15:38:49,278,INFO,controller.py,enable_system,994,System is enabled. Ready for operation.
2023-11-06 15:38:54,561,INFO,controller.py,is_arrived,884,Provided joint states is Done
2023-11-06 15:38:59,556,INFO,controller.py,enable_system,994,System is enabled. Ready for operation.
2023-11-06 15:39:01,437,INFO,controller.py,is_arrived,884,Provided joint states is Done
2023-11-06 15:39:05,715,INFO,controller.py,is_arrived,884,Provided joint states is Done
2023-11-06 15:40:19,956,INFO,main.py,_init_log,91,Saving logs to: /home/benjamin/git/IR-Assignment2/logs/6_11_2023_benjamin.log
2023-11-06 15:40:27,024,INFO,controller.py,is_arrived,885,Provided joint states is Done
2023-11-06 15:40:29,121,INFO,controller.py,enable_system,995,System is enabled. Ready for operation.
2023-11-06 15:40:34,752,INFO,controller.py,is_arrived,885,Provided joint states is Done
2023-11-06 15:46:05,996,INFO,main.py,_init_log,91,Saving logs to: /home/benjamin/git/IR-Assignment2/logs/6_11_2023_benjamin.log
2023-11-06 15:46:13,052,INFO,controller.py,is_arrived,884,Provided joint states is Done
2023-11-06 15:46:18,117,INFO,controller.py,enable_system,994,System is enabled. Ready for operation.
2023-11-06 15:46:23,235,INFO,controller.py,is_arrived,884,Provided joint states is Done
2023-11-06 15:46:25,820,INFO,controller.py,enable_system,994,System is enabled. Ready for operation.
2023-11-06 15:46:27,794,INFO,controller.py,is_arrived,884,Provided joint states is Done
2023-11-06 15:46:27,795,INFO,controller.py,is_arrived,884,Provided joint states is Done
2023-11-06 15:46:45,541,WARNING,controller.py,single_step_joint,929,line_plane ee is nearly collided with object
2023-11-06 15:46:45,584,WARNING,controller.py,single_step_cartesian,816,line_plane ee is nearly collided with object
2023-11-06 15:46:45,754,WARNING,controller.py,single_step_cartesian,816,line_plane ee is nearly collided with object
2023-11-06 15:46:45,877,WARNING,controller.py,single_step_cartesian,816,line_plane ee is nearly collided with object
2023-11-06 15:46:45,967,WARNING,controller.py,single_step_cartesian,816,line_plane ee is nearly collided with object
2023-11-06 15:46:46,035,WARNING,controller.py,single_step_cartesian,816,line_plane ee is nearly collided with object
2023-11-06 15:46:46,096,WARNING,controller.py,single_step_cartesian,816,line_plane ee is nearly collided with object
2023-11-06 15:46:46,186,WARNING,controller.py,single_step_cartesian,816,line_plane ee is nearly collided with object
2023-11-06 15:46:46,459,WARNING,controller.py,single_step_cartesian,816,line_plane ee is nearly collided with object
2023-11-06 15:46:46,610,WARNING,controller.py,single_step_cartesian,816,line_plane ee is nearly collided with object
2023-11-06 15:46:46,751,WARNING,controller.py,single_step_cartesian,816,line_plane ee is nearly collided with object
2023-11-06 15:46:46,967,WARNING,controller.py,single_step_cartesian,816,line_plane ee is nearly collided with object
2023-11-06 15:46:47,179,WARNING,controller.py,single_step_cartesian,816,line_plane ee is nearly collided with object
2023-11-06 15:46:47,343,WARNING,controller.py,single_step_cartesian,816,line_plane ee is nearly collided with object
2023-11-06 15:46:47,521,WARNING,controller.py,single_step_cartesian,816,line_plane ee is nearly collided with object
2023-11-06 15:46:47,681,WARNING,controller.py,single_step_cartesian,816,line_plane ee is nearly collided with object
2023-11-06 15:46:47,835,WARNING,controller.py,single_step_cartesian,816,line_plane ee is nearly collided with object
2023-11-06 15:46:48,003,WARNING,controller.py,single_step_cartesian,816,line_plane ee is nearly collided with object
2023-11-06 15:46:48,119,WARNING,controller.py,single_step_cartesian,816,line_plane ee is nearly collided with object
2023-11-06 15:46:48,235,WARNING,controller.py,single_step_cartesian,816,line_plane ee is nearly collided with object
2023-11-06 15:46:48,428,WARNING,controller.py,single_step_cartesian,816,line_plane ee is nearly collided with object
2023-11-06 15:46:48,490,WARNING,controller.py,single_step_cartesian,816,line_plane ee is nearly collided with object
2023-11-06 15:46:48,560,WARNING,controller.py,single_step_cartesian,816,line_plane ee is nearly collided with object
2023-11-06 15:46:48,619,WARNING,controller.py,single_step_cartesian,816,line_plane ee is nearly collided with object
2023-11-06 15:46:48,667,WARNING,controller.py,single_step_cartesian,816,line_plane ee is nearly collided with object
2023-11-06 15:46:48,761,WARNING,controller.py,single_step_cartesian,816,line_plane ee is nearly collided with object
2023-11-06 15:46:48,818,WARNING,controller.py,single_step_cartesian,816,line_plane ee is nearly collided with object
2023-11-06 15:46:48,885,WARNING,controller.py,single_step_cartesian,816,line_plane ee is nearly collided with object
2023-11-06 15:46:48,946,WARNING,controller.py,single_step_cartesian,816,line_plane ee is nearly collided with object
2023-11-06 15:46:49,039,WARNING,controller.py,single_step_cartesian,816,line_plane ee is nearly collided with object
2023-11-06 15:46:50,928,WARNING,controller.py,single_step_joint,929,line_plane ee is nearly collided with object
2023-11-06 15:46:50,966,WARNING,controller.py,single_step_joint,929,line_plane ee is nearly collided with object
2023-11-06 15:46:50,991,WARNING,controller.py,single_step_joint,929,line_plane ee is nearly collided with object
2023-11-06 15:46:51,026,WARNING,controller.py,single_step_joint,929,line_plane ee is nearly collided with object
2023-11-06 15:46:51,091,WARNING,controller.py,single_step_joint,929,line_plane ee is nearly collided with object
2023-11-06 15:46:51,118,WARNING,controller.py,single_step_joint,929,line_plane ee is nearly collided with object
2023-11-06 15:46:51,142,WARNING,controller.py,single_step_joint,929,line_plane ee is nearly collided with object
2023-11-06 15:46:51,180,WARNING,controller.py,single_step_joint,929,line_plane ee is nearly collided with object
2023-11-06 15:46:51,224,WARNING,controller.py,single_step_joint,929,line_plane ee is nearly collided with object
2023-11-06 15:46:51,276,WARNING,controller.py,single_step_joint,929,line_plane ee is nearly collided with object
2023-11-06 15:46:51,336,WARNING,controller.py,single_step_joint,929,line_plane ee is nearly collided with object
2023-11-06 15:46:51,380,WARNING,controller.py,single_step_joint,929,line_plane ee is nearly collided with object
2023-11-06 15:46:51,418,WARNING,controller.py,single_step_joint,929,line_plane ee is nearly collided with object
2023-11-06 15:46:51,451,WARNING,controller.py,single_step_joint,929,line_plane ee is nearly collided with object
2023-11-06 15:46:51,484,WARNING,controller.py,single_step_joint,929,line_plane ee is nearly collided with object
2023-11-06 15:46:51,516,WARNING,controller.py,single_step_joint,929,line_plane ee is nearly collided with object
2023-11-06 15:46:51,551,WARNING,controller.py,single_step_joint,929,line_plane ee is nearly collided with object
2023-11-06 15:46:51,591,WARNING,controller.py,single_step_joint,929,line_plane ee is nearly collided with object
2023-11-06 15:47:23,046,WARNING,controller.py,single_step_cartesian,816,line_plane ee is nearly collided with object
2023-11-06 15:47:23,177,WARNING,controller.py,single_step_cartesian,816,line_plane ee is nearly collided with object
2023-11-06 15:47:23,270,WARNING,controller.py,single_step_cartesian,816,line_plane ee is nearly collided with object
2023-11-06 15:47:23,325,WARNING,controller.py,single_step_cartesian,816,line_plane ee is nearly collided with object
2023-11-06 15:47:23,398,WARNING,controller.py,single_step_cartesian,816,line_plane ee is nearly collided with object
2023-11-06 15:47:23,497,WARNING,controller.py,single_step_cartesian,816,line_plane ee is nearly collided with object
2023-11-06 15:47:23,549,WARNING,controller.py,single_step_cartesian,816,line_plane ee is nearly collided with object
2023-11-06 15:47:23,622,WARNING,controller.py,single_step_cartesian,816,line_plane ee is nearly collided with object
2023-11-06 15:47:23,700,WARNING,controller.py,single_step_cartesian,816,line_plane ee is nearly collided with object
2023-11-06 15:47:23,797,WARNING,controller.py,single_step_cartesian,816,line_plane ee is nearly collided with object
2023-11-06 15:47:23,875,WARNING,controller.py,single_step_cartesian,816,line_plane ee is nearly collided with object
2023-11-06 15:47:23,948,WARNING,controller.py,single_step_cartesian,816,line_plane ee is nearly collided with object
2023-11-06 15:47:24,046,WARNING,controller.py,single_step_cartesian,816,line_plane ee is nearly collided with object
2023-11-06 15:47:24,140,WARNING,controller.py,single_step_cartesian,816,line_plane ee is nearly collided with object
2023-11-06 15:47:24,231,WARNING,controller.py,single_step_cartesian,816,line_plane ee is nearly collided with object
2023-11-06 15:47:24,312,WARNING,controller.py,single_step_cartesian,816,line_plane ee is nearly collided with object
2023-11-06 15:47:24,390,WARNING,controller.py,single_step_cartesian,816,line_plane ee is nearly collided with object
2023-11-06 15:47:24,465,WARNING,controller.py,single_step_cartesian,816,line_plane ee is nearly collided with object
2023-11-06 15:47:24,543,WARNING,controller.py,single_step_cartesian,816,line_plane ee is nearly collided with object
2023-11-06 15:47:24,620,WARNING,controller.py,single_step_cartesian,816,line_plane ee is nearly collided with object
2023-11-06 15:47:24,692,WARNING,controller.py,single_step_cartesian,816,line_plane ee is nearly collided with object
2023-11-06 15:47:24,800,WARNING,controller.py,single_step_cartesian,816,line_plane ee is nearly collided with object
2023-11-06 15:47:24,867,WARNING,controller.py,single_step_cartesian,816,line_plane ee is nearly collided with object
2023-11-06 15:47:24,939,WARNING,controller.py,single_step_cartesian,816,line_plane ee is nearly collided with object
2023-11-06 15:47:25,005,WARNING,controller.py,single_step_cartesian,816,line_plane ee is nearly collided with object
2023-11-06 15:47:25,090,WARNING,controller.py,single_step_cartesian,816,line_plane ee is nearly collided with object
2023-11-06 15:47:25,154,WARNING,controller.py,single_step_cartesian,816,line_plane ee is nearly collided with object
2023-11-06 15:47:25,233,WARNING,controller.py,single_step_cartesian,816,line_plane ee is nearly collided with object
2023-11-06 15:47:25,315,WARNING,controller.py,single_step_cartesian,816,line_plane ee is nearly collided with object
2023-11-06 15:47:25,377,WARNING,controller.py,single_step_cartesian,816,line_plane ee is nearly collided with object
2023-11-06 15:47:25,464,WARNING,controller.py,single_step_cartesian,816,line_plane ee is nearly collided with object
2023-11-06 15:47:25,533,WARNING,controller.py,single_step_cartesian,816,line_plane ee is nearly collided with object
2023-11-06 15:47:25,604,WARNING,controller.py,single_step_cartesian,816,line_plane ee is nearly collided with object
2023-11-06 15:47:25,653,WARNING,controller.py,single_step_cartesian,816,line_plane ee is nearly collided with object
2023-11-06 15:47:25,724,WARNING,controller.py,single_step_cartesian,816,line_plane ee is nearly collided with object
2023-11-06 15:47:25,797,WARNING,controller.py,single_step_cartesian,816,line_plane ee is nearly collided with object
2023-11-06 15:47:25,860,WARNING,controller.py,single_step_cartesian,816,line_plane ee is nearly collided with object
2023-11-06 15:47:25,917,WARNING,controller.py,single_step_cartesian,816,line_plane ee is nearly collided with object
2023-11-06 15:47:25,958,WARNING,controller.py,single_step_cartesian,816,line_plane ee is nearly collided with object
2023-11-06 15:47:26,037,WARNING,controller.py,single_step_cartesian,816,line_plane ee is nearly collided with object
2023-11-06 15:47:26,110,WARNING,controller.py,single_step_cartesian,816,line_plane ee is nearly collided with object
2023-11-06 15:47:26,198,WARNING,controller.py,single_step_cartesian,816,line_plane ee is nearly collided with object
2023-11-06 15:47:26,248,WARNING,controller.py,single_step_cartesian,816,line_plane ee is nearly collided with object
2023-11-06 15:47:26,323,WARNING,controller.py,single_step_cartesian,816,line_plane ee is nearly collided with object
2023-11-06 15:47:26,417,WARNING,controller.py,single_step_cartesian,816,line_plane ee is nearly collided with object
2023-11-06 15:47:26,477,WARNING,controller.py,single_step_cartesian,816,line_plane ee is nearly collided with object
2023-11-06 15:47:26,540,WARNING,controller.py,single_step_cartesian,816,line_plane ee is nearly collided with object
2023-11-06 15:47:26,597,WARNING,controller.py,single_step_cartesian,816,line_plane ee is nearly collided with object
2023-11-06 15:47:26,679,WARNING,controller.py,single_step_cartesian,816,line_plane ee is nearly collided with object
2023-11-06 15:47:26,759,WARNING,controller.py,single_step_cartesian,816,line_plane ee is nearly collided with object
2023-11-06 15:47:26,818,WARNING,controller.py,single_step_cartesian,816,line_plane ee is nearly collided with object
2023-11-06 15:47:26,905,WARNING,controller.py,single_step_cartesian,816,line_plane ee is nearly collided with object
2023-11-06 15:47:27,003,WARNING,controller.py,single_step_cartesian,816,line_plane ee is nearly collided with object
2023-11-06 15:47:27,049,WARNING,controller.py,single_step_cartesian,816,line_plane ee is nearly collided with object
2023-11-06 15:47:27,119,WARNING,controller.py,single_step_cartesian,816,line_plane ee is nearly collided with object
2023-11-06 15:47:27,193,WARNING,controller.py,single_step_cartesian,816,line_plane ee is nearly collided with object
2023-11-06 15:47:27,234,WARNING,controller.py,single_step_cartesian,816,line_plane ee is nearly collided with object
2023-11-06 15:47:27,311,WARNING,controller.py,single_step_cartesian,816,line_plane ee is nearly collided with object
2023-11-06 15:47:27,386,WARNING,controller.py,single_step_cartesian,816,line_plane ee is nearly collided with object
2023-11-06 15:47:27,458,WARNING,controller.py,single_step_cartesian,816,line_plane ee is nearly collided with object
2023-11-06 15:47:27,519,WARNING,controller.py,single_step_cartesian,816,line_plane ee is nearly collided with object
2023-11-06 15:47:27,585,WARNING,controller.py,single_step_cartesian,816,line_plane ee is nearly collided with object
2023-11-06 15:47:27,649,WARNING,controller.py,single_step_cartesian,816,line_plane ee is nearly collided with object
2023-11-06 15:47:27,711,WARNING,controller.py,single_step_cartesian,816,line_plane ee is nearly collided with object
2023-11-06 15:47:27,775,WARNING,controller.py,single_step_cartesian,816,line_plane ee is nearly collided with object
2023-11-06 15:47:27,839,WARNING,controller.py,single_step_cartesian,816,line_plane ee is nearly collided with object
2023-11-06 15:47:27,898,WARNING,controller.py,single_step_cartesian,816,line_plane ee is nearly collided with object
2023-11-06 15:47:27,984,WARNING,controller.py,single_step_cartesian,816,line_plane ee is nearly collided with object
2023-11-06 15:47:28,074,WARNING,controller.py,single_step_cartesian,816,line_plane ee is nearly collided with object
2023-11-06 15:47:28,148,WARNING,controller.py,single_step_cartesian,816,line_plane ee is nearly collided with object
2023-11-06 15:47:28,215,WARNING,controller.py,single_step_cartesian,816,line_plane ee is nearly collided with object
2023-11-06 15:47:28,329,WARNING,controller.py,single_step_cartesian,816,line_plane ee is nearly collided with object
2023-11-06 15:47:28,402,WARNING,controller.py,single_step_cartesian,816,line_plane ee is nearly collided with object
2023-11-06 15:47:32,188,WARNING,controller.py,single_step_joint,929,line_plane ee is nearly collided with object
2023-11-06 15:47:32,223,WARNING,controller.py,single_step_joint,929,line_plane ee is nearly collided with object
2023-11-06 15:47:32,250,WARNING,controller.py,single_step_joint,929,line_plane ee is nearly collided with object
2023-11-06 15:47:32,275,WARNING,controller.py,single_step_joint,929,line_plane ee is nearly collided with object
2023-11-06 15:47:38,973,WARNING,controller.py,single_step_cartesian,816,line_plane ee is nearly collided with object
2023-11-06 15:47:39,076,WARNING,controller.py,single_step_cartesian,816,line_plane ee is nearly collided with object
2023-11-06 15:47:39,177,WARNING,controller.py,single_step_cartesian,816,line_plane ee is nearly collided with object
2023-11-06 15:47:40,200,WARNING,controller.py,single_step_cartesian,816,line_plane ee is nearly collided with object
2023-11-06 15:47:40,414,WARNING,controller.py,single_step_joint,929,line_plane ee is nearly collided with object
2023-11-06 15:47:40,499,WARNING,controller.py,single_step_joint,929,line_plane ee is nearly collided with object
2023-11-06 15:47:40,528,WARNING,controller.py,single_step_joint,929,line_plane ee is nearly collided with object
2023-11-06 15:47:40,573,WARNING,controller.py,single_step_joint,929,line_plane ee is nearly collided with object
2023-11-06 15:47:40,607,WARNING,controller.py,single_step_joint,929,line_plane ee is nearly collided with object
2023-11-06 15:47:40,628,WARNING,controller.py,single_step_joint,929,line_plane ee is nearly collided with object
2023-11-06 15:47:40,660,WARNING,controller.py,single_step_joint,929,line_plane ee is nearly collided with object
2023-11-06 15:47:40,695,WARNING,controller.py,single_step_joint,929,line_plane ee is nearly collided with object
2023-11-06 15:47:40,726,WARNING,controller.py,single_step_joint,929,line_plane ee is nearly collided with object
2023-11-06 15:47:40,755,WARNING,controller.py,single_step_joint,929,line_plane ee is nearly collided with object
2023-11-06 15:47:40,780,WARNING,controller.py,single_step_joint,929,line_plane ee is nearly collided with object
2023-11-06 15:47:40,813,WARNING,controller.py,single_step_joint,929,line_plane ee is nearly collided with object
2023-11-06 15:47:40,840,WARNING,controller.py,single_step_joint,929,line_plane ee is nearly collided with object
2023-11-06 15:47:40,876,WARNING,controller.py,single_step_joint,929,line_plane ee is nearly collided with object
2023-11-06 15:47:40,906,WARNING,controller.py,single_step_joint,929,line_plane ee is nearly collided with object
2023-11-06 15:47:40,936,WARNING,controller.py,single_step_joint,929,line_plane ee is nearly collided with object
2023-11-06 15:47:40,966,WARNING,controller.py,single_step_joint,929,line_plane ee is nearly collided with object
2023-11-06 15:47:41,001,WARNING,controller.py,single_step_joint,929,line_plane ee is nearly collided with object
2023-11-06 15:47:41,038,WARNING,controller.py,single_step_joint,929,line_plane ee is nearly collided with object
2023-11-06 15:47:41,078,WARNING,controller.py,single_step_joint,929,line_plane ee is nearly collided with object
2023-11-06 15:47:41,130,WARNING,controller.py,single_step_joint,929,line_plane ee is nearly collided with object
2023-11-06 15:47:41,164,WARNING,controller.py,single_step_joint,929,line_plane ee is nearly collided with object
2023-11-06 15:47:41,203,WARNING,controller.py,single_step_joint,929,line_plane ee is nearly collided with object
2023-11-06 15:47:41,246,WARNING,controller.py,single_step_joint,929,line_plane ee is nearly collided with object
2023-11-06 15:47:41,295,WARNING,controller.py,single_step_joint,929,line_plane ee is nearly collided with object
2023-11-06 15:47:41,341,WARNING,controller.py,single_step_joint,929,line_plane ee is nearly collided with object
2023-11-06 15:47:41,388,WARNING,controller.py,single_step_joint,929,line_plane ee is nearly collided with object
2023-11-06 15:47:41,418,WARNING,controller.py,single_step_joint,929,line_plane ee is nearly collided with object
2023-11-06 15:47:41,443,WARNING,controller.py,single_step_joint,929,line_plane ee is nearly collided with object
2023-11-06 15:47:41,484,WARNING,controller.py,single_step_joint,929,line_plane ee is nearly collided with object
2023-11-06 15:47:41,519,WARNING,controller.py,single_step_joint,929,line_plane ee is nearly collided with object
2023-11-06 15:47:41,557,WARNING,controller.py,single_step_joint,929,line_plane ee is nearly collided with object
2023-11-06 15:47:41,581,WARNING,controller.py,single_step_joint,929,line_plane ee is nearly collided with object
2023-11-06 15:47:41,619,WARNING,controller.py,single_step_joint,929,line_plane ee is nearly collided with object
2023-11-06 15:47:41,654,WARNING,controller.py,single_step_joint,929,line_plane ee is nearly collided with object
2023-11-06 15:47:41,680,WARNING,controller.py,single_step_joint,929,line_plane ee is nearly collided with object
2023-11-06 15:47:41,705,WARNING,controller.py,single_step_joint,929,line_plane ee is nearly collided with object
2023-11-06 15:47:41,730,WARNING,controller.py,single_step_joint,929,line_plane ee is nearly collided with object
2023-11-06 15:47:41,758,WARNING,controller.py,single_step_joint,929,line_plane ee is nearly collided with object
2023-11-06 15:47:43,108,WARNING,controller.py,single_step_joint,929,line_plane ee is nearly collided with object
2023-11-06 15:47:43,143,WARNING,controller.py,single_step_joint,929,line_plane ee is nearly collided with object
2023-11-06 15:47:43,181,WARNING,controller.py,single_step_joint,929,line_plane ee is nearly collided with object
2023-11-06 15:47:43,220,WARNING,controller.py,single_step_joint,929,line_plane ee is nearly collided with object
2023-11-06 15:48:32,701,WARNING,controller.py,single_step_joint,929,line_plane ee is nearly collided with object
2023-11-06 15:48:32,733,WARNING,controller.py,single_step_cartesian,816,line_plane ee is nearly collided with object
2023-11-06 15:48:32,774,WARNING,controller.py,single_step_cartesian,816,line_plane ee is nearly collided with object
2023-11-06 15:48:32,829,WARNING,controller.py,single_step_cartesian,816,line_plane ee is nearly collided with object
2023-11-06 15:48:32,867,WARNING,controller.py,single_step_cartesian,816,line_plane ee is nearly collided with object
2023-11-06 15:48:32,909,WARNING,controller.py,single_step_cartesian,816,line_plane ee is nearly collided with object
2023-11-06 15:48:35,575,WARNING,controller.py,single_step_joint,929,line_plane ee is nearly collided with object
2023-11-06 15:48:35,612,WARNING,controller.py,single_step_joint,929,line_plane ee is nearly collided with object
2023-11-06 15:48:35,641,WARNING,controller.py,single_step_joint,929,line_plane ee is nearly collided with object
2023-11-06 15:48:35,688,WARNING,controller.py,single_step_joint,929,line_plane ee is nearly collided with object
2023-11-06 15:48:35,726,WARNING,controller.py,single_step_joint,929,line_plane ee is nearly collided with object
2023-11-06 15:48:35,856,WARNING,controller.py,single_step_joint,929,line_plane ee is nearly collided with object
2023-11-06 15:48:35,883,WARNING,controller.py,single_step_joint,929,line_plane ee is nearly collided with object
2023-11-06 15:48:35,930,WARNING,controller.py,single_step_joint,929,line_plane ee is nearly collided with object
2023-11-06 15:48:36,029,WARNING,controller.py,single_step_joint,929,line_plane ee is nearly collided with object
2023-11-06 15:48:36,559,WARNING,controller.py,single_step_joint,929,line_plane ee is nearly collided with object
2023-11-06 15:48:36,589,WARNING,controller.py,single_step_joint,929,line_plane ee is nearly collided with object
2023-11-06 15:48:38,943,INFO,controller.py,is_arrived,884,Provided joint states is Done
2023-11-06 15:48:41,323,INFO,controller.py,is_arrived,884,Provided joint states is Done
2023-11-06 15:49:38,243,INFO,main.py,_init_log,91,Saving logs to: /home/benjamin/git/IR-Assignment2/logs/6_11_2023_benjamin.log
2023-11-06 15:49:45,159,INFO,controller.py,is_arrived,884,Provided joint states is Done
2023-11-06 15:50:04,358,INFO,controller.py,enable_system,994,System is enabled. Ready for operation.
2023-11-06 15:50:04,358,INFO,controller.py,enable_system,994,System is enabled. Ready for operation.
2023-11-06 15:50:07,972,INFO,controller.py,is_arrived,884,Provided joint states is Done
2023-11-06 15:50:11,993,INFO,controller.py,is_arrived,884,Provided joint states is Done
2023-11-06 15:52:17,377,INFO,main.py,_init_log,91,Saving logs to: /home/benjamin/git/IR-Assignment2/logs/6_11_2023_benjamin.log
2023-11-06 15:52:25,148,INFO,controller.py,is_arrived,884,Provided joint states is Done
2023-11-06 15:52:59,810,INFO,controller.py,enable_system,994,System is enabled. Ready for operation.
2023-11-06 15:52:59,811,INFO,controller.py,enable_system,994,System is enabled. Ready for operation.
2023-11-06 15:53:01,164,INFO,controller.py,is_arrived,884,Provided joint states is Done
2023-11-06 15:53:04,847,INFO,controller.py,is_arrived,884,Provided joint states is Done
2023-11-06 15:53:21,099,WARNING,controller.py,single_step_joint,929,line_plane ee is nearly collided with object
2023-11-06 15:53:21,125,WARNING,controller.py,single_step_cartesian,816,line_plane ee is nearly collided with object
2023-11-06 15:53:21,168,WARNING,controller.py,single_step_cartesian,816,line_plane ee is nearly collided with object
2023-11-06 15:53:21,196,WARNING,controller.py,single_step_cartesian,816,line_plane ee is nearly collided with object
2023-11-06 15:53:21,238,WARNING,controller.py,single_step_cartesian,816,line_plane ee is nearly collided with object
2023-11-06 15:53:21,283,WARNING,controller.py,single_step_cartesian,816,line_plane ee is nearly collided with object
2023-11-06 15:53:21,333,WARNING,controller.py,single_step_cartesian,816,line_plane ee is nearly collided with object
2023-11-06 15:53:21,362,WARNING,controller.py,single_step_cartesian,816,line_plane ee is nearly collided with object
2023-11-06 15:53:21,424,WARNING,controller.py,single_step_cartesian,816,line_plane ee is nearly collided with object
2023-11-06 15:53:21,483,WARNING,controller.py,single_step_cartesian,816,line_plane ee is nearly collided with object
2023-11-06 15:53:21,555,WARNING,controller.py,single_step_cartesian,816,line_plane ee is nearly collided with object
2023-11-06 15:53:21,588,WARNING,controller.py,single_step_cartesian,816,line_plane ee is nearly collided with object
2023-11-06 15:53:21,645,WARNING,controller.py,single_step_cartesian,816,line_plane ee is nearly collided with object
2023-11-06 15:53:21,708,WARNING,controller.py,single_step_cartesian,816,line_plane ee is nearly collided with object
2023-11-06 15:53:21,761,WARNING,controller.py,single_step_cartesian,816,line_plane ee is nearly collided with object
2023-11-06 15:53:21,819,WARNING,controller.py,single_step_cartesian,816,line_plane ee is nearly collided with object
2023-11-06 15:53:21,860,WARNING,controller.py,single_step_cartesian,816,line_plane ee is nearly collided with object
2023-11-06 15:53:21,894,WARNING,controller.py,single_step_cartesian,816,line_plane ee is nearly collided with object
2023-11-06 15:53:21,945,WARNING,controller.py,single_step_cartesian,816,line_plane ee is nearly collided with object
2023-11-06 15:53:21,992,WARNING,controller.py,single_step_cartesian,816,line_plane ee is nearly collided with object
2023-11-06 15:53:22,032,WARNING,controller.py,single_step_cartesian,816,line_plane ee is nearly collided with object
2023-11-06 15:53:22,094,WARNING,controller.py,single_step_cartesian,816,line_plane ee is nearly collided with object
2023-11-06 15:53:22,172,WARNING,controller.py,single_step_cartesian,816,line_plane ee is nearly collided with object
2023-11-06 15:53:22,209,WARNING,controller.py,single_step_cartesian,816,line_plane ee is nearly collided with object
2023-11-06 15:53:22,261,WARNING,controller.py,single_step_cartesian,816,line_plane ee is nearly collided with object
2023-11-06 15:53:22,296,WARNING,controller.py,single_step_cartesian,816,line_plane ee is nearly collided with object
2023-11-06 15:53:22,349,WARNING,controller.py,single_step_cartesian,816,line_plane ee is nearly collided with object
2023-11-06 15:53:22,380,WARNING,controller.py,single_step_cartesian,816,line_plane ee is nearly collided with object
2023-11-06 15:53:22,444,WARNING,controller.py,single_step_cartesian,816,line_plane ee is nearly collided with object
2023-11-06 15:53:22,491,WARNING,controller.py,single_step_cartesian,816,line_plane ee is nearly collided with object
2023-11-06 15:53:24,232,WARNING,controller.py,single_step_joint,929,line_plane ee is nearly collided with object
2023-11-06 15:53:24,271,WARNING,controller.py,single_step_joint,929,line_plane ee is nearly collided with object
2023-11-06 15:53:24,295,WARNING,controller.py,single_step_joint,929,line_plane ee is nearly collided with object
2023-11-06 15:53:24,324,WARNING,controller.py,single_step_joint,929,line_plane ee is nearly collided with object
2023-11-06 15:53:24,353,WARNING,controller.py,single_step_joint,929,line_plane ee is nearly collided with object
2023-11-06 15:53:24,385,WARNING,controller.py,single_step_joint,929,line_plane ee is nearly collided with object
2023-11-06 15:53:24,412,WARNING,controller.py,single_step_joint,929,line_plane ee is nearly collided with object
2023-11-06 15:53:24,443,WARNING,controller.py,single_step_joint,929,line_plane ee is nearly collided with object
2023-11-06 15:53:24,472,WARNING,controller.py,single_step_joint,929,line_plane ee is nearly collided with object
2023-11-06 15:53:24,505,WARNING,controller.py,single_step_joint,929,line_plane ee is nearly collided with object
2023-11-06 15:53:24,541,WARNING,controller.py,single_step_joint,929,line_plane ee is nearly collided with object
2023-11-06 15:53:24,573,WARNING,controller.py,single_step_joint,929,line_plane ee is nearly collided with object
2023-11-06 15:53:24,609,WARNING,controller.py,single_step_joint,929,line_plane ee is nearly collided with object
2023-11-06 15:53:24,627,WARNING,controller.py,single_step_joint,929,line_plane ee is nearly collided with object
2023-11-06 15:53:24,652,WARNING,controller.py,single_step_joint,929,line_plane ee is nearly collided with object
2023-11-06 15:53:24,678,WARNING,controller.py,single_step_joint,929,line_plane ee is nearly collided with object
2023-11-06 15:53:24,706,WARNING,controller.py,single_step_joint,929,line_plane ee is nearly collided with object
2023-11-06 15:53:24,733,WARNING,controller.py,single_step_joint,929,line_plane ee is nearly collided with object
2023-11-06 15:53:55,534,WARNING,controller.py,single_step_cartesian,816,line_plane ee is nearly collided with object
2023-11-06 15:53:55,650,WARNING,controller.py,single_step_cartesian,816,line_plane ee is nearly collided with object
2023-11-06 15:53:55,717,WARNING,controller.py,single_step_cartesian,816,line_plane ee is nearly collided with object
2023-11-06 15:53:55,771,WARNING,controller.py,single_step_cartesian,816,line_plane ee is nearly collided with object
2023-11-06 15:53:55,817,WARNING,controller.py,single_step_cartesian,816,line_plane ee is nearly collided with object
2023-11-06 15:53:55,873,WARNING,controller.py,single_step_cartesian,816,line_plane ee is nearly collided with object
2023-11-06 15:53:55,936,WARNING,controller.py,single_step_cartesian,816,line_plane ee is nearly collided with object
2023-11-06 15:53:55,981,WARNING,controller.py,single_step_cartesian,816,line_plane ee is nearly collided with object
2023-11-06 15:53:56,100,WARNING,controller.py,single_step_cartesian,816,line_plane ee is nearly collided with object
2023-11-06 15:53:56,166,WARNING,controller.py,single_step_cartesian,816,line_plane ee is nearly collided with object
2023-11-06 15:53:56,223,WARNING,controller.py,single_step_cartesian,816,line_plane ee is nearly collided with object
2023-11-06 15:53:56,282,WARNING,controller.py,single_step_cartesian,816,line_plane ee is nearly collided with object
2023-11-06 15:53:56,331,WARNING,controller.py,single_step_cartesian,816,line_plane ee is nearly collided with object
2023-11-06 15:53:56,389,WARNING,controller.py,single_step_cartesian,816,line_plane ee is nearly collided with object
2023-11-06 15:53:56,428,WARNING,controller.py,single_step_cartesian,816,line_plane ee is nearly collided with object
2023-11-06 15:53:56,476,WARNING,controller.py,single_step_cartesian,816,line_plane ee is nearly collided with object
2023-11-06 15:53:56,516,WARNING,controller.py,single_step_cartesian,816,line_plane ee is nearly collided with object
2023-11-06 15:53:56,559,WARNING,controller.py,single_step_cartesian,816,line_plane ee is nearly collided with object
2023-11-06 15:53:56,613,WARNING,controller.py,single_step_cartesian,816,line_plane ee is nearly collided with object
2023-11-06 15:53:56,693,WARNING,controller.py,single_step_cartesian,816,line_plane ee is nearly collided with object
2023-11-06 15:53:56,772,WARNING,controller.py,single_step_cartesian,816,line_plane ee is nearly collided with object
2023-11-06 15:53:56,831,WARNING,controller.py,single_step_cartesian,816,line_plane ee is nearly collided with object
2023-11-06 15:53:56,893,WARNING,controller.py,single_step_cartesian,816,line_plane ee is nearly collided with object
2023-11-06 15:53:56,972,WARNING,controller.py,single_step_cartesian,816,line_plane ee is nearly collided with object
2023-11-06 15:53:57,031,WARNING,controller.py,single_step_cartesian,816,line_plane ee is nearly collided with object
2023-11-06 15:53:57,088,WARNING,controller.py,single_step_cartesian,816,line_plane ee is nearly collided with object
2023-11-06 15:53:57,139,WARNING,controller.py,single_step_cartesian,816,line_plane ee is nearly collided with object
2023-11-06 15:53:57,195,WARNING,controller.py,single_step_cartesian,816,line_plane ee is nearly collided with object
2023-11-06 15:53:57,242,WARNING,controller.py,single_step_cartesian,816,line_plane ee is nearly collided with object
2023-11-06 15:53:57,319,WARNING,controller.py,single_step_cartesian,816,line_plane ee is nearly collided with object
2023-11-06 15:53:57,401,WARNING,controller.py,single_step_cartesian,816,line_plane ee is nearly collided with object
2023-11-06 15:53:57,479,WARNING,controller.py,single_step_cartesian,816,line_plane ee is nearly collided with object
2023-11-06 15:53:57,540,WARNING,controller.py,single_step_cartesian,816,line_plane ee is nearly collided with object
2023-11-06 15:53:57,601,WARNING,controller.py,single_step_cartesian,816,line_plane ee is nearly collided with object
2023-11-06 15:53:57,656,WARNING,controller.py,single_step_cartesian,816,line_plane ee is nearly collided with object
2023-11-06 15:53:57,706,WARNING,controller.py,single_step_cartesian,816,line_plane ee is nearly collided with object
2023-11-06 15:53:57,753,WARNING,controller.py,single_step_cartesian,816,line_plane ee is nearly collided with object
2023-11-06 15:53:57,807,WARNING,controller.py,single_step_cartesian,816,line_plane ee is nearly collided with object
2023-11-06 15:53:57,865,WARNING,controller.py,single_step_cartesian,816,line_plane ee is nearly collided with object
2023-11-06 15:53:57,926,WARNING,controller.py,single_step_cartesian,816,line_plane ee is nearly collided with object
2023-11-06 15:53:57,971,WARNING,controller.py,single_step_cartesian,816,line_plane ee is nearly collided with object
2023-11-06 15:53:58,021,WARNING,controller.py,single_step_cartesian,816,line_plane ee is nearly collided with object
2023-11-06 15:53:58,081,WARNING,controller.py,single_step_cartesian,816,line_plane ee is nearly collided with object
2023-11-06 15:53:58,166,WARNING,controller.py,single_step_cartesian,816,line_plane ee is nearly collided with object
2023-11-06 15:53:58,216,WARNING,controller.py,single_step_cartesian,816,line_plane ee is nearly collided with object
2023-11-06 15:53:58,257,WARNING,controller.py,single_step_cartesian,816,line_plane ee is nearly collided with object
2023-11-06 15:53:58,296,WARNING,controller.py,single_step_cartesian,816,line_plane ee is nearly collided with object
2023-11-06 15:53:58,350,WARNING,controller.py,single_step_cartesian,816,line_plane ee is nearly collided with object
2023-11-06 15:53:58,403,WARNING,controller.py,single_step_cartesian,816,line_plane ee is nearly collided with object
2023-11-06 15:53:58,458,WARNING,controller.py,single_step_cartesian,816,line_plane ee is nearly collided with object
2023-11-06 15:53:58,536,WARNING,controller.py,single_step_cartesian,816,line_plane ee is nearly collided with object
2023-11-06 15:53:58,602,WARNING,controller.py,single_step_cartesian,816,line_plane ee is nearly collided with object
2023-11-06 15:53:58,640,WARNING,controller.py,single_step_cartesian,816,line_plane ee is nearly collided with object
2023-11-06 15:53:58,694,WARNING,controller.py,single_step_cartesian,816,line_plane ee is nearly collided with object
2023-11-06 15:53:58,776,WARNING,controller.py,single_step_cartesian,816,line_plane ee is nearly collided with object
2023-11-06 15:53:58,843,WARNING,controller.py,single_step_cartesian,816,line_plane ee is nearly collided with object
2023-11-06 15:53:58,882,WARNING,controller.py,single_step_cartesian,816,line_plane ee is nearly collided with object
2023-11-06 15:53:58,934,WARNING,controller.py,single_step_cartesian,816,line_plane ee is nearly collided with object
2023-11-06 15:53:58,983,WARNING,controller.py,single_step_cartesian,816,line_plane ee is nearly collided with object
2023-11-06 15:53:59,028,WARNING,controller.py,single_step_cartesian,816,line_plane ee is nearly collided with object
2023-11-06 15:53:59,088,WARNING,controller.py,single_step_cartesian,816,line_plane ee is nearly collided with object
2023-11-06 15:53:59,146,WARNING,controller.py,single_step_cartesian,816,line_plane ee is nearly collided with object
2023-11-06 15:53:59,207,WARNING,controller.py,single_step_cartesian,816,line_plane ee is nearly collided with object
2023-11-06 15:53:59,257,WARNING,controller.py,single_step_cartesian,816,line_plane ee is nearly collided with object
2023-11-06 15:53:59,309,WARNING,controller.py,single_step_cartesian,816,line_plane ee is nearly collided with object
2023-11-06 15:53:59,352,WARNING,controller.py,single_step_cartesian,816,line_plane ee is nearly collided with object
2023-11-06 15:53:59,450,WARNING,controller.py,single_step_cartesian,816,line_plane ee is nearly collided with object
2023-11-06 15:53:59,536,WARNING,controller.py,single_step_cartesian,816,line_plane ee is nearly collided with object
2023-11-06 15:53:59,582,WARNING,controller.py,single_step_cartesian,816,line_plane ee is nearly collided with object
2023-11-06 15:53:59,637,WARNING,controller.py,single_step_cartesian,816,line_plane ee is nearly collided with object
2023-11-06 15:53:59,703,WARNING,controller.py,single_step_cartesian,816,line_plane ee is nearly collided with object
2023-11-06 15:53:59,757,WARNING,controller.py,single_step_cartesian,816,line_plane ee is nearly collided with object
2023-11-06 15:53:59,812,WARNING,controller.py,single_step_cartesian,816,line_plane ee is nearly collided with object
2023-11-06 15:54:04,114,WARNING,controller.py,single_step_joint,929,line_plane ee is nearly collided with object
2023-11-06 15:54:04,148,WARNING,controller.py,single_step_joint,929,line_plane ee is nearly collided with object
2023-11-06 15:54:04,194,WARNING,controller.py,single_step_joint,929,line_plane ee is nearly collided with object
2023-11-06 15:54:04,241,WARNING,controller.py,single_step_joint,929,line_plane ee is nearly collided with object
2023-11-06 15:54:11,642,WARNING,controller.py,single_step_cartesian,816,line_plane ee is nearly collided with object
2023-11-06 15:54:11,777,WARNING,controller.py,single_step_cartesian,816,line_plane ee is nearly collided with object
2023-11-06 15:54:11,854,WARNING,controller.py,single_step_cartesian,816,line_plane ee is nearly collided with object
2023-11-06 15:54:12,801,WARNING,controller.py,single_step_cartesian,816,line_plane ee is nearly collided with object
2023-11-06 15:54:13,001,WARNING,controller.py,single_step_joint,929,line_plane ee is nearly collided with object
2023-11-06 15:54:13,046,WARNING,controller.py,single_step_joint,929,line_plane ee is nearly collided with object
2023-11-06 15:54:13,101,WARNING,controller.py,single_step_joint,929,line_plane ee is nearly collided with object
2023-11-06 15:54:13,128,WARNING,controller.py,single_step_joint,929,line_plane ee is nearly collided with object
2023-11-06 15:54:13,167,WARNING,controller.py,single_step_joint,929,line_plane ee is nearly collided with object
2023-11-06 15:54:13,213,WARNING,controller.py,single_step_joint,929,line_plane ee is nearly collided with object
2023-11-06 15:54:13,260,WARNING,controller.py,single_step_joint,929,line_plane ee is nearly collided with object
2023-11-06 15:54:13,292,WARNING,controller.py,single_step_joint,929,line_plane ee is nearly collided with object
2023-11-06 15:54:13,319,WARNING,controller.py,single_step_joint,929,line_plane ee is nearly collided with object
2023-11-06 15:54:13,348,WARNING,controller.py,single_step_joint,929,line_plane ee is nearly collided with object
2023-11-06 15:54:13,377,WARNING,controller.py,single_step_joint,929,line_plane ee is nearly collided with object
2023-11-06 15:54:13,405,WARNING,controller.py,single_step_joint,929,line_plane ee is nearly collided with object
2023-11-06 15:54:13,435,WARNING,controller.py,single_step_joint,929,line_plane ee is nearly collided with object
2023-11-06 15:54:13,464,WARNING,controller.py,single_step_joint,929,line_plane ee is nearly collided with object
2023-11-06 15:54:13,494,WARNING,controller.py,single_step_joint,929,line_plane ee is nearly collided with object
2023-11-06 15:54:13,520,WARNING,controller.py,single_step_joint,929,line_plane ee is nearly collided with object
2023-11-06 15:54:13,561,WARNING,controller.py,single_step_joint,929,line_plane ee is nearly collided with object
2023-11-06 15:54:13,603,WARNING,controller.py,single_step_joint,929,line_plane ee is nearly collided with object
2023-11-06 15:54:13,632,WARNING,controller.py,single_step_joint,929,line_plane ee is nearly collided with object
2023-11-06 15:54:13,660,WARNING,controller.py,single_step_joint,929,line_plane ee is nearly collided with object
2023-11-06 15:54:13,688,WARNING,controller.py,single_step_joint,929,line_plane ee is nearly collided with object
2023-11-06 15:54:13,714,WARNING,controller.py,single_step_joint,929,line_plane ee is nearly collided with object
2023-11-06 15:54:13,746,WARNING,controller.py,single_step_joint,929,line_plane ee is nearly collided with object
2023-11-06 15:54:13,784,WARNING,controller.py,single_step_joint,929,line_plane ee is nearly collided with object
2023-11-06 15:54:13,830,WARNING,controller.py,single_step_joint,929,line_plane ee is nearly collided with object
2023-11-06 15:54:13,868,WARNING,controller.py,single_step_joint,929,line_plane ee is nearly collided with object
2023-11-06 15:54:13,905,WARNING,controller.py,single_step_joint,929,line_plane ee is nearly collided with object
2023-11-06 15:54:13,938,WARNING,controller.py,single_step_joint,929,line_plane ee is nearly collided with object
2023-11-06 15:54:13,970,WARNING,controller.py,single_step_joint,929,line_plane ee is nearly collided with object
2023-11-06 15:54:14,000,WARNING,controller.py,single_step_joint,929,line_plane ee is nearly collided with object
2023-11-06 15:54:14,035,WARNING,controller.py,single_step_joint,929,line_plane ee is nearly collided with object
2023-11-06 15:54:14,062,WARNING,controller.py,single_step_joint,929,line_plane ee is nearly collided with object
2023-11-06 15:54:14,098,WARNING,controller.py,single_step_joint,929,line_plane ee is nearly collided with object
2023-11-06 15:54:14,130,WARNING,controller.py,single_step_joint,929,line_plane ee is nearly collided with object
2023-11-06 15:54:14,150,WARNING,controller.py,single_step_joint,929,line_plane ee is nearly collided with object
2023-11-06 15:54:14,178,WARNING,controller.py,single_step_joint,929,line_plane ee is nearly collided with object
2023-11-06 15:54:14,202,WARNING,controller.py,single_step_joint,929,line_plane ee is nearly collided with object
2023-11-06 15:54:14,231,WARNING,controller.py,single_step_joint,929,line_plane ee is nearly collided with object
2023-11-06 15:54:14,262,WARNING,controller.py,single_step_joint,929,line_plane ee is nearly collided with object
2023-11-06 15:54:15,478,WARNING,controller.py,single_step_joint,929,line_plane ee is nearly collided with object
2023-11-06 15:54:15,508,WARNING,controller.py,single_step_joint,929,line_plane ee is nearly collided with object
2023-11-06 15:54:15,535,WARNING,controller.py,single_step_joint,929,line_plane ee is nearly collided with object
2023-11-06 15:54:15,562,WARNING,controller.py,single_step_joint,929,line_plane ee is nearly collided with object
2023-11-06 15:55:06,118,WARNING,controller.py,single_step_joint,929,line_plane ee is nearly collided with object
2023-11-06 15:55:06,149,WARNING,controller.py,single_step_cartesian,816,line_plane ee is nearly collided with object
2023-11-06 15:55:06,229,WARNING,controller.py,single_step_cartesian,816,line_plane ee is nearly collided with object
2023-11-06 15:55:06,278,WARNING,controller.py,single_step_cartesian,816,line_plane ee is nearly collided with object
2023-11-06 15:55:06,333,WARNING,controller.py,single_step_cartesian,816,line_plane ee is nearly collided with object
2023-11-06 15:55:06,395,WARNING,controller.py,single_step_cartesian,816,line_plane ee is nearly collided with object
2023-11-06 15:55:09,033,WARNING,controller.py,single_step_joint,929,line_plane ee is nearly collided with object
2023-11-06 15:55:09,068,WARNING,controller.py,single_step_joint,929,line_plane ee is nearly collided with object
2023-11-06 15:55:09,097,WARNING,controller.py,single_step_joint,929,line_plane ee is nearly collided with object
2023-11-06 15:55:09,133,WARNING,controller.py,single_step_joint,929,line_plane ee is nearly collided with object
2023-11-06 15:55:09,162,WARNING,controller.py,single_step_joint,929,line_plane ee is nearly collided with object
2023-11-06 15:55:09,338,WARNING,controller.py,single_step_joint,929,line_plane ee is nearly collided with object
2023-11-06 15:55:09,394,WARNING,controller.py,single_step_joint,929,line_plane ee is nearly collided with object
2023-11-06 15:55:09,431,WARNING,controller.py,single_step_joint,929,line_plane ee is nearly collided with object
2023-11-06 15:55:09,460,WARNING,controller.py,single_step_joint,929,line_plane ee is nearly collided with object
2023-11-06 15:55:09,919,WARNING,controller.py,single_step_joint,929,line_plane ee is nearly collided with object
2023-11-06 15:55:10,001,WARNING,controller.py,single_step_joint,929,line_plane ee is nearly collided with object
2023-11-06 15:55:12,312,INFO,controller.py,is_arrived,884,Provided joint states is Done
2023-11-06 15:55:15,146,INFO,controller.py,is_arrived,884,Provided joint states is Done
2023-11-06 15:58:15,250,INFO,main.py,_init_log,91,Saving logs to: /home/benjamin/git/IR-Assignment2/logs/6_11_2023_benjamin.log
2023-11-06 15:58:21,716,INFO,controller.py,is_arrived,884,Provided joint states is Done
2023-11-06 15:58:35,603,INFO,controller.py,enable_system,994,System is enabled. Ready for operation.
2023-11-06 15:58:40,808,INFO,controller.py,is_arrived,884,Provided joint states is Done
2023-11-06 15:58:48,283,INFO,controller.py,enable_system,994,System is enabled. Ready for operation.
2023-11-06 15:58:49,782,INFO,controller.py,is_arrived,884,Provided joint states is Done
2023-11-06 15:58:53,242,INFO,controller.py,is_arrived,884,Provided joint states is Done
2023-11-06 15:59:07,907,WARNING,controller.py,single_step_joint,929,line_plane ee is nearly collided with object
2023-11-06 15:59:07,936,WARNING,controller.py,single_step_cartesian,816,line_plane ee is nearly collided with object
2023-11-06 15:59:07,978,WARNING,controller.py,single_step_cartesian,816,line_plane ee is nearly collided with object
2023-11-06 15:59:08,008,WARNING,controller.py,single_step_cartesian,816,line_plane ee is nearly collided with object
2023-11-06 15:59:08,040,WARNING,controller.py,single_step_cartesian,816,line_plane ee is nearly collided with object
2023-11-06 15:59:08,083,WARNING,controller.py,single_step_cartesian,816,line_plane ee is nearly collided with object
2023-11-06 15:59:08,141,WARNING,controller.py,single_step_cartesian,816,line_plane ee is nearly collided with object
2023-11-06 15:59:08,180,WARNING,controller.py,single_step_cartesian,816,line_plane ee is nearly collided with object
2023-11-06 15:59:08,246,WARNING,controller.py,single_step_cartesian,816,line_plane ee is nearly collided with object
2023-11-06 15:59:08,286,WARNING,controller.py,single_step_cartesian,816,line_plane ee is nearly collided with object
2023-11-06 15:59:08,333,WARNING,controller.py,single_step_cartesian,816,line_plane ee is nearly collided with object
2023-11-06 15:59:08,373,WARNING,controller.py,single_step_cartesian,816,line_plane ee is nearly collided with object
2023-11-06 15:59:08,417,WARNING,controller.py,single_step_cartesian,816,line_plane ee is nearly collided with object
2023-11-06 15:59:08,456,WARNING,controller.py,single_step_cartesian,816,line_plane ee is nearly collided with object
2023-11-06 15:59:08,489,WARNING,controller.py,single_step_cartesian,816,line_plane ee is nearly collided with object
2023-11-06 15:59:08,536,WARNING,controller.py,single_step_cartesian,816,line_plane ee is nearly collided with object
2023-11-06 15:59:08,578,WARNING,controller.py,single_step_cartesian,816,line_plane ee is nearly collided with object
2023-11-06 15:59:08,615,WARNING,controller.py,single_step_cartesian,816,line_plane ee is nearly collided with object
2023-11-06 15:59:08,658,WARNING,controller.py,single_step_cartesian,816,line_plane ee is nearly collided with object
2023-11-06 15:59:08,692,WARNING,controller.py,single_step_cartesian,816,line_plane ee is nearly collided with object
2023-11-06 15:59:08,737,WARNING,controller.py,single_step_cartesian,816,line_plane ee is nearly collided with object
2023-11-06 15:59:08,792,WARNING,controller.py,single_step_cartesian,816,line_plane ee is nearly collided with object
2023-11-06 15:59:08,847,WARNING,controller.py,single_step_cartesian,816,line_plane ee is nearly collided with object
2023-11-06 15:59:08,907,WARNING,controller.py,single_step_cartesian,816,line_plane ee is nearly collided with object
2023-11-06 15:59:08,944,WARNING,controller.py,single_step_cartesian,816,line_plane ee is nearly collided with object
2023-11-06 15:59:09,003,WARNING,controller.py,single_step_cartesian,816,line_plane ee is nearly collided with object
2023-11-06 15:59:09,031,WARNING,controller.py,single_step_cartesian,816,line_plane ee is nearly collided with object
2023-11-06 15:59:09,076,WARNING,controller.py,single_step_cartesian,816,line_plane ee is nearly collided with object
2023-11-06 15:59:09,123,WARNING,controller.py,single_step_cartesian,816,line_plane ee is nearly collided with object
2023-11-06 15:59:09,164,WARNING,controller.py,single_step_cartesian,816,line_plane ee is nearly collided with object
2023-11-06 15:59:10,621,WARNING,controller.py,single_step_joint,929,line_plane ee is nearly collided with object
2023-11-06 15:59:10,646,WARNING,controller.py,single_step_joint,929,line_plane ee is nearly collided with object
2023-11-06 15:59:10,674,WARNING,controller.py,single_step_joint,929,line_plane ee is nearly collided with object
2023-11-06 15:59:10,705,WARNING,controller.py,single_step_joint,929,line_plane ee is nearly collided with object
2023-11-06 15:59:10,731,WARNING,controller.py,single_step_joint,929,line_plane ee is nearly collided with object
2023-11-06 15:59:10,760,WARNING,controller.py,single_step_joint,929,line_plane ee is nearly collided with object
2023-11-06 15:59:10,788,WARNING,controller.py,single_step_joint,929,line_plane ee is nearly collided with object
2023-11-06 15:59:10,809,WARNING,controller.py,single_step_joint,929,line_plane ee is nearly collided with object
2023-11-06 15:59:10,831,WARNING,controller.py,single_step_joint,929,line_plane ee is nearly collided with object
2023-11-06 15:59:10,852,WARNING,controller.py,single_step_joint,929,line_plane ee is nearly collided with object
2023-11-06 15:59:10,874,WARNING,controller.py,single_step_joint,929,line_plane ee is nearly collided with object
2023-11-06 15:59:10,898,WARNING,controller.py,single_step_joint,929,line_plane ee is nearly collided with object
2023-11-06 15:59:10,919,WARNING,controller.py,single_step_joint,929,line_plane ee is nearly collided with object
2023-11-06 15:59:10,959,WARNING,controller.py,single_step_joint,929,line_plane ee is nearly collided with object
2023-11-06 15:59:10,994,WARNING,controller.py,single_step_joint,929,line_plane ee is nearly collided with object
2023-11-06 15:59:11,016,WARNING,controller.py,single_step_joint,929,line_plane ee is nearly collided with object
2023-11-06 15:59:11,058,WARNING,controller.py,single_step_joint,929,line_plane ee is nearly collided with object
2023-11-06 15:59:11,097,WARNING,controller.py,single_step_joint,929,line_plane ee is nearly collided with object
