2023-11-08 10:21:43,143,INFO,main.py,_init_log,91,Saving logs to: /home/benjamin/git/IR-Assignment2/logs/7_11_2023_benjamin.log
2023-11-08 10:21:54,884,INFO,controller.py,is_arrived,879,Provided joint states is Done
2023-11-08 10:21:58,151,INFO,controller.py,enable_system,989,System is enabled. Ready for operation.
2023-11-08 10:21:58,151,INFO,controller.py,enable_system,989,System is enabled. Ready for operation.
2023-11-08 10:21:59,291,INFO,controller.py,is_arrived,879,Provided joint states is Done
2023-11-08 10:22:03,376,INFO,controller.py,is_arrived,879,Provided joint states is Done
2023-11-08 10:22:21,861,WARNING,controller.py,single_step_joint,924,line_plane ee is nearly collided with object
2023-11-08 10:22:21,902,WARNING,controller.py,single_step_cartesian,811,line_plane ee is nearly collided with object
2023-11-08 10:22:22,032,WARNING,controller.py,single_step_cartesian,811,line_plane ee is nearly collided with object
2023-11-08 10:22:22,078,WARNING,controller.py,single_step_cartesian,811,line_plane ee is nearly collided with object
2023-11-08 10:22:22,123,WARNING,controller.py,single_step_cartesian,811,line_plane ee is nearly collided with object
2023-11-08 10:22:22,168,WARNING,controller.py,single_step_cartesian,811,line_plane ee is nearly collided with object
2023-11-08 10:22:22,237,WARNING,controller.py,single_step_cartesian,811,line_plane ee is nearly collided with object
2023-11-08 10:22:22,302,WARNING,controller.py,single_step_cartesian,811,line_plane ee is nearly collided with object
2023-11-08 10:22:22,403,WARNING,controller.py,single_step_cartesian,811,line_plane ee is nearly collided with object
2023-11-08 10:22:22,491,WARNING,controller.py,single_step_cartesian,811,line_plane ee is nearly collided with object
2023-11-08 10:22:22,556,WARNING,controller.py,single_step_cartesian,811,line_plane ee is nearly collided with object
2023-11-08 10:22:22,634,WARNING,controller.py,single_step_cartesian,811,line_plane ee is nearly collided with object
2023-11-08 10:22:22,679,WARNING,controller.py,single_step_cartesian,811,line_plane ee is nearly collided with object
2023-11-08 10:22:22,737,WARNING,controller.py,single_step_cartesian,811,line_plane ee is nearly collided with object
2023-11-08 10:22:22,840,WARNING,controller.py,single_step_cartesian,811,line_plane ee is nearly collided with object
2023-11-08 10:22:22,926,WARNING,controller.py,single_step_cartesian,811,line_plane ee is nearly collided with object
2023-11-08 10:22:23,056,WARNING,controller.py,single_step_cartesian,811,line_plane ee is nearly collided with object
2023-11-08 10:22:23,108,WARNING,controller.py,single_step_cartesian,811,line_plane ee is nearly collided with object
2023-11-08 10:22:23,157,WARNING,controller.py,single_step_cartesian,811,line_plane ee is nearly collided with object
2023-11-08 10:22:23,215,WARNING,controller.py,single_step_cartesian,811,line_plane ee is nearly collided with object
2023-11-08 10:22:23,275,WARNING,controller.py,single_step_cartesian,811,line_plane ee is nearly collided with object
2023-11-08 10:22:23,330,WARNING,controller.py,single_step_cartesian,811,line_plane ee is nearly collided with object
2023-11-08 10:22:23,395,WARNING,controller.py,single_step_cartesian,811,line_plane ee is nearly collided with object
2023-11-08 10:22:23,452,WARNING,controller.py,single_step_cartesian,811,line_plane ee is nearly collided with object
2023-11-08 10:22:23,523,WARNING,controller.py,single_step_cartesian,811,line_plane ee is nearly collided with object
2023-11-08 10:22:23,586,WARNING,controller.py,single_step_cartesian,811,line_plane ee is nearly collided with object
2023-11-08 10:22:23,675,WARNING,controller.py,single_step_cartesian,811,line_plane ee is nearly collided with object
2023-11-08 10:22:23,727,WARNING,controller.py,single_step_cartesian,811,line_plane ee is nearly collided with object
2023-11-08 10:22:23,780,WARNING,controller.py,single_step_cartesian,811,line_plane ee is nearly collided with object
2023-11-08 10:22:23,845,WARNING,controller.py,single_step_cartesian,811,line_plane ee is nearly collided with object
2023-11-08 10:22:25,921,WARNING,controller.py,single_step_joint,924,line_plane ee is nearly collided with object
2023-11-08 10:22:25,959,WARNING,controller.py,single_step_joint,924,line_plane ee is nearly collided with object
2023-11-08 10:22:26,003,WARNING,controller.py,single_step_joint,924,line_plane ee is nearly collided with object
2023-11-08 10:22:26,042,WARNING,controller.py,single_step_joint,924,line_plane ee is nearly collided with object
2023-11-08 10:22:26,086,WARNING,controller.py,single_step_joint,924,line_plane ee is nearly collided with object
2023-11-08 10:22:26,124,WARNING,controller.py,single_step_joint,924,line_plane ee is nearly collided with object
2023-11-08 10:22:26,191,WARNING,controller.py,single_step_joint,924,line_plane ee is nearly collided with object
2023-11-08 10:22:26,250,WARNING,controller.py,single_step_joint,924,line_plane ee is nearly collided with object
2023-11-08 10:22:26,311,WARNING,controller.py,single_step_joint,924,line_plane ee is nearly collided with object
2023-11-08 10:22:26,361,WARNING,controller.py,single_step_joint,924,line_plane ee is nearly collided with object
2023-11-08 10:22:26,405,WARNING,controller.py,single_step_joint,924,line_plane ee is nearly collided with object
2023-11-08 10:22:26,440,WARNING,controller.py,single_step_joint,924,line_plane ee is nearly collided with object
2023-11-08 10:22:26,485,WARNING,controller.py,single_step_joint,924,line_plane ee is nearly collided with object
2023-11-08 10:22:26,537,WARNING,controller.py,single_step_joint,924,line_plane ee is nearly collided with object
2023-11-08 10:22:26,586,WARNING,controller.py,single_step_joint,924,line_plane ee is nearly collided with object
2023-11-08 10:22:26,631,WARNING,controller.py,single_step_joint,924,line_plane ee is nearly collided with object
2023-11-08 10:22:26,672,WARNING,controller.py,single_step_joint,924,line_plane ee is nearly collided with object
2023-11-08 10:22:26,721,WARNING,controller.py,single_step_joint,924,line_plane ee is nearly collided with object
2023-11-08 10:22:54,806,WARNING,controller.py,single_step_cartesian,811,line_plane ee is nearly collided with object
2023-11-08 10:22:54,916,WARNING,controller.py,single_step_cartesian,811,line_plane ee is nearly collided with object
2023-11-08 10:22:54,980,WARNING,controller.py,single_step_cartesian,811,line_plane ee is nearly collided with object
2023-11-08 10:22:55,059,WARNING,controller.py,single_step_cartesian,811,line_plane ee is nearly collided with object
2023-11-08 10:22:55,159,WARNING,controller.py,single_step_cartesian,811,line_plane ee is nearly collided with object
2023-11-08 10:22:55,256,WARNING,controller.py,single_step_cartesian,811,line_plane ee is nearly collided with object
2023-11-08 10:22:55,323,WARNING,controller.py,single_step_cartesian,811,line_plane ee is nearly collided with object
2023-11-08 10:22:55,411,WARNING,controller.py,single_step_cartesian,811,line_plane ee is nearly collided with object
2023-11-08 10:22:55,477,WARNING,controller.py,single_step_cartesian,811,line_plane ee is nearly collided with object
2023-11-08 10:22:55,543,WARNING,controller.py,single_step_cartesian,811,line_plane ee is nearly collided with object
2023-11-08 10:22:55,645,WARNING,controller.py,single_step_cartesian,811,line_plane ee is nearly collided with object
2023-11-08 10:22:55,745,WARNING,controller.py,single_step_cartesian,811,line_plane ee is nearly collided with object
2023-11-08 10:22:55,835,WARNING,controller.py,single_step_cartesian,811,line_plane ee is nearly collided with object
2023-11-08 10:22:55,924,WARNING,controller.py,single_step_cartesian,811,line_plane ee is nearly collided with object
2023-11-08 10:22:55,999,WARNING,controller.py,single_step_cartesian,811,line_plane ee is nearly collided with object
2023-11-08 10:22:56,100,WARNING,controller.py,single_step_cartesian,811,line_plane ee is nearly collided with object
2023-11-08 10:22:56,154,WARNING,controller.py,single_step_cartesian,811,line_plane ee is nearly collided with object
2023-11-08 10:22:56,222,WARNING,controller.py,single_step_cartesian,811,line_plane ee is nearly collided with object
2023-11-08 10:22:56,309,WARNING,controller.py,single_step_cartesian,811,line_plane ee is nearly collided with object
2023-11-08 10:22:56,385,WARNING,controller.py,single_step_cartesian,811,line_plane ee is nearly collided with object
2023-11-08 10:22:56,534,WARNING,controller.py,single_step_cartesian,811,line_plane ee is nearly collided with object
2023-11-08 10:22:56,641,WARNING,controller.py,single_step_cartesian,811,line_plane ee is nearly collided with object
2023-11-08 10:22:56,712,WARNING,controller.py,single_step_cartesian,811,line_plane ee is nearly collided with object
2023-11-08 10:22:56,801,WARNING,controller.py,single_step_cartesian,811,line_plane ee is nearly collided with object
2023-11-08 10:22:56,887,WARNING,controller.py,single_step_cartesian,811,line_plane ee is nearly collided with object
2023-11-08 10:22:56,956,WARNING,controller.py,single_step_cartesian,811,line_plane ee is nearly collided with object
2023-11-08 10:22:57,034,WARNING,controller.py,single_step_cartesian,811,line_plane ee is nearly collided with object
2023-11-08 10:22:57,138,WARNING,controller.py,single_step_cartesian,811,line_plane ee is nearly collided with object
2023-11-08 10:22:57,224,WARNING,controller.py,single_step_cartesian,811,line_plane ee is nearly collided with object
2023-11-08 10:22:57,302,WARNING,controller.py,single_step_cartesian,811,line_plane ee is nearly collided with object
2023-11-08 10:22:57,368,WARNING,controller.py,single_step_cartesian,811,line_plane ee is nearly collided with object
2023-11-08 10:22:57,423,WARNING,controller.py,single_step_cartesian,811,line_plane ee is nearly collided with object
2023-11-08 10:22:57,499,WARNING,controller.py,single_step_cartesian,811,line_plane ee is nearly collided with object
2023-11-08 10:22:57,566,WARNING,controller.py,single_step_cartesian,811,line_plane ee is nearly collided with object
2023-11-08 10:22:57,639,WARNING,controller.py,single_step_cartesian,811,line_plane ee is nearly collided with object
2023-11-08 10:22:57,704,WARNING,controller.py,single_step_cartesian,811,line_plane ee is nearly collided with object
2023-11-08 10:22:57,777,WARNING,controller.py,single_step_cartesian,811,line_plane ee is nearly collided with object
2023-11-08 10:22:57,878,WARNING,controller.py,single_step_cartesian,811,line_plane ee is nearly collided with object
2023-11-08 10:22:57,944,WARNING,controller.py,single_step_cartesian,811,line_plane ee is nearly collided with object
2023-11-08 10:22:58,017,WARNING,controller.py,single_step_cartesian,811,line_plane ee is nearly collided with object
2023-11-08 10:22:58,087,WARNING,controller.py,single_step_cartesian,811,line_plane ee is nearly collided with object
2023-11-08 10:22:58,176,WARNING,controller.py,single_step_cartesian,811,line_plane ee is nearly collided with object
2023-11-08 10:22:58,261,WARNING,controller.py,single_step_cartesian,811,line_plane ee is nearly collided with object
2023-11-08 10:22:58,329,WARNING,controller.py,single_step_cartesian,811,line_plane ee is nearly collided with object
2023-11-08 10:22:58,398,WARNING,controller.py,single_step_cartesian,811,line_plane ee is nearly collided with object
2023-11-08 10:22:58,499,WARNING,controller.py,single_step_cartesian,811,line_plane ee is nearly collided with object
2023-11-08 10:22:58,585,WARNING,controller.py,single_step_cartesian,811,line_plane ee is nearly collided with object
2023-11-08 10:22:58,680,WARNING,controller.py,single_step_cartesian,811,line_plane ee is nearly collided with object
2023-11-08 10:22:58,770,WARNING,controller.py,single_step_cartesian,811,line_plane ee is nearly collided with object
2023-11-08 10:22:58,841,WARNING,controller.py,single_step_cartesian,811,line_plane ee is nearly collided with object
2023-11-08 10:22:58,898,WARNING,controller.py,single_step_cartesian,811,line_plane ee is nearly collided with object
2023-11-08 10:22:58,961,WARNING,controller.py,single_step_cartesian,811,line_plane ee is nearly collided with object
2023-11-08 10:22:59,044,WARNING,controller.py,single_step_cartesian,811,line_plane ee is nearly collided with object
2023-11-08 10:22:59,101,WARNING,controller.py,single_step_cartesian,811,line_plane ee is nearly collided with object
2023-11-08 10:22:59,185,WARNING,controller.py,single_step_cartesian,811,line_plane ee is nearly collided with object
2023-11-08 10:22:59,278,WARNING,controller.py,single_step_cartesian,811,line_plane ee is nearly collided with object
2023-11-08 10:22:59,358,WARNING,controller.py,single_step_cartesian,811,line_plane ee is nearly collided with object
2023-11-08 10:22:59,428,WARNING,controller.py,single_step_cartesian,811,line_plane ee is nearly collided with object
2023-11-08 10:22:59,508,WARNING,controller.py,single_step_cartesian,811,line_plane ee is nearly collided with object
2023-11-08 10:22:59,582,WARNING,controller.py,single_step_cartesian,811,line_plane ee is nearly collided with object
2023-11-08 10:22:59,647,WARNING,controller.py,single_step_cartesian,811,line_plane ee is nearly collided with object
2023-11-08 10:22:59,716,WARNING,controller.py,single_step_cartesian,811,line_plane ee is nearly collided with object
2023-11-08 10:22:59,759,WARNING,controller.py,single_step_cartesian,811,line_plane ee is nearly collided with object
2023-11-08 10:22:59,851,WARNING,controller.py,single_step_cartesian,811,line_plane ee is nearly collided with object
2023-11-08 10:22:59,930,WARNING,controller.py,single_step_cartesian,811,line_plane ee is nearly collided with object
2023-11-08 10:22:59,997,WARNING,controller.py,single_step_cartesian,811,line_plane ee is nearly collided with object
2023-11-08 10:23:00,058,WARNING,controller.py,single_step_cartesian,811,line_plane ee is nearly collided with object
2023-11-08 10:23:00,126,WARNING,controller.py,single_step_cartesian,811,line_plane ee is nearly collided with object
2023-11-08 10:23:00,195,WARNING,controller.py,single_step_cartesian,811,line_plane ee is nearly collided with object
2023-11-08 10:23:00,251,WARNING,controller.py,single_step_cartesian,811,line_plane ee is nearly collided with object
2023-11-08 10:23:00,306,WARNING,controller.py,single_step_cartesian,811,line_plane ee is nearly collided with object
2023-11-08 10:23:00,377,WARNING,controller.py,single_step_cartesian,811,line_plane ee is nearly collided with object
2023-11-08 10:23:00,438,WARNING,controller.py,single_step_cartesian,811,line_plane ee is nearly collided with object
2023-11-08 10:23:04,669,WARNING,controller.py,single_step_joint,924,line_plane ee is nearly collided with object
2023-11-08 10:23:04,704,WARNING,controller.py,single_step_joint,924,line_plane ee is nearly collided with object
2023-11-08 10:23:04,738,WARNING,controller.py,single_step_joint,924,line_plane ee is nearly collided with object
2023-11-08 10:23:04,773,WARNING,controller.py,single_step_joint,924,line_plane ee is nearly collided with object
2023-11-08 10:23:12,341,WARNING,controller.py,single_step_cartesian,811,line_plane ee is nearly collided with object
2023-11-08 10:23:12,447,WARNING,controller.py,single_step_cartesian,811,line_plane ee is nearly collided with object
2023-11-08 10:23:12,528,WARNING,controller.py,single_step_cartesian,811,line_plane ee is nearly collided with object
2023-11-08 10:23:13,512,WARNING,controller.py,single_step_cartesian,811,line_plane ee is nearly collided with object
2023-11-08 10:23:13,720,WARNING,controller.py,single_step_joint,924,line_plane ee is nearly collided with object
2023-11-08 10:23:13,776,WARNING,controller.py,single_step_joint,924,line_plane ee is nearly collided with object
2023-11-08 10:23:13,807,WARNING,controller.py,single_step_joint,924,line_plane ee is nearly collided with object
2023-11-08 10:23:13,839,WARNING,controller.py,single_step_joint,924,line_plane ee is nearly collided with object
2023-11-08 10:23:13,885,WARNING,controller.py,single_step_joint,924,line_plane ee is nearly collided with object
2023-11-08 10:23:13,927,WARNING,controller.py,single_step_joint,924,line_plane ee is nearly collided with object
2023-11-08 10:23:13,959,WARNING,controller.py,single_step_joint,924,line_plane ee is nearly collided with object
2023-11-08 10:23:14,002,WARNING,controller.py,single_step_joint,924,line_plane ee is nearly collided with object
2023-11-08 10:23:14,060,WARNING,controller.py,single_step_joint,924,line_plane ee is nearly collided with object
2023-11-08 10:23:14,115,WARNING,controller.py,single_step_joint,924,line_plane ee is nearly collided with object
2023-11-08 10:23:14,169,WARNING,controller.py,single_step_joint,924,line_plane ee is nearly collided with object
2023-11-08 10:23:14,208,WARNING,controller.py,single_step_joint,924,line_plane ee is nearly collided with object
2023-11-08 10:23:14,248,WARNING,controller.py,single_step_joint,924,line_plane ee is nearly collided with object
2023-11-08 10:23:14,290,WARNING,controller.py,single_step_joint,924,line_plane ee is nearly collided with object
2023-11-08 10:23:14,324,WARNING,controller.py,single_step_joint,924,line_plane ee is nearly collided with object
2023-11-08 10:23:14,362,WARNING,controller.py,single_step_joint,924,line_plane ee is nearly collided with object
2023-11-08 10:23:14,399,WARNING,controller.py,single_step_joint,924,line_plane ee is nearly collided with object
2023-11-08 10:23:14,434,WARNING,controller.py,single_step_joint,924,line_plane ee is nearly collided with object
2023-11-08 10:23:14,472,WARNING,controller.py,single_step_joint,924,line_plane ee is nearly collided with object
2023-11-08 10:23:14,516,WARNING,controller.py,single_step_joint,924,line_plane ee is nearly collided with object
2023-11-08 10:23:14,555,WARNING,controller.py,single_step_joint,924,line_plane ee is nearly collided with object
2023-11-08 10:23:14,591,WARNING,controller.py,single_step_joint,924,line_plane ee is nearly collided with object
2023-11-08 10:23:14,629,WARNING,controller.py,single_step_joint,924,line_plane ee is nearly collided with object
2023-11-08 10:23:14,658,WARNING,controller.py,single_step_joint,924,line_plane ee is nearly collided with object
2023-11-08 10:23:14,710,WARNING,controller.py,single_step_joint,924,line_plane ee is nearly collided with object
2023-11-08 10:23:14,742,WARNING,controller.py,single_step_joint,924,line_plane ee is nearly collided with object
2023-11-08 10:23:14,796,WARNING,controller.py,single_step_joint,924,line_plane ee is nearly collided with object
2023-11-08 10:23:14,846,WARNING,controller.py,single_step_joint,924,line_plane ee is nearly collided with object
2023-11-08 10:23:14,891,WARNING,controller.py,single_step_joint,924,line_plane ee is nearly collided with object
2023-11-08 10:23:14,923,WARNING,controller.py,single_step_joint,924,line_plane ee is nearly collided with object
2023-11-08 10:23:14,970,WARNING,controller.py,single_step_joint,924,line_plane ee is nearly collided with object
2023-11-08 10:23:15,007,WARNING,controller.py,single_step_joint,924,line_plane ee is nearly collided with object
2023-11-08 10:23:15,045,WARNING,controller.py,single_step_joint,924,line_plane ee is nearly collided with object
2023-11-08 10:23:15,086,WARNING,controller.py,single_step_joint,924,line_plane ee is nearly collided with object
2023-11-08 10:23:15,123,WARNING,controller.py,single_step_joint,924,line_plane ee is nearly collided with object
2023-11-08 10:23:15,155,WARNING,controller.py,single_step_joint,924,line_plane ee is nearly collided with object
2023-11-08 10:23:15,189,WARNING,controller.py,single_step_joint,924,line_plane ee is nearly collided with object
2023-11-08 10:23:15,228,WARNING,controller.py,single_step_joint,924,line_plane ee is nearly collided with object
2023-11-08 10:23:15,260,WARNING,controller.py,single_step_joint,924,line_plane ee is nearly collided with object
2023-11-08 10:23:16,776,WARNING,controller.py,single_step_joint,924,line_plane ee is nearly collided with object
2023-11-08 10:23:16,891,WARNING,controller.py,single_step_joint,924,line_plane ee is nearly collided with object
2023-11-08 10:23:16,969,WARNING,controller.py,single_step_joint,924,line_plane ee is nearly collided with object
2023-11-08 10:23:17,007,WARNING,controller.py,single_step_joint,924,line_plane ee is nearly collided with object
2023-11-08 10:24:01,245,WARNING,controller.py,single_step_joint,924,line_plane ee is nearly collided with object
2023-11-08 10:24:01,279,WARNING,controller.py,single_step_cartesian,811,line_plane ee is nearly collided with object
2023-11-08 10:24:01,330,WARNING,controller.py,single_step_cartesian,811,line_plane ee is nearly collided with object
2023-11-08 10:24:01,370,WARNING,controller.py,single_step_cartesian,811,line_plane ee is nearly collided with object
2023-11-08 10:24:01,483,WARNING,controller.py,single_step_cartesian,811,line_plane ee is nearly collided with object
2023-11-08 10:24:01,566,WARNING,controller.py,single_step_cartesian,811,line_plane ee is nearly collided with object
2023-11-08 10:24:04,363,WARNING,controller.py,single_step_joint,924,line_plane ee is nearly collided with object
2023-11-08 10:24:04,393,WARNING,controller.py,single_step_joint,924,line_plane ee is nearly collided with object
2023-11-08 10:24:04,430,WARNING,controller.py,single_step_joint,924,line_plane ee is nearly collided with object
2023-11-08 10:24:04,466,WARNING,controller.py,single_step_joint,924,line_plane ee is nearly collided with object
2023-11-08 10:24:04,505,WARNING,controller.py,single_step_joint,924,line_plane ee is nearly collided with object
2023-11-08 10:24:04,634,WARNING,controller.py,single_step_joint,924,line_plane ee is nearly collided with object
2023-11-08 10:24:04,663,WARNING,controller.py,single_step_joint,924,line_plane ee is nearly collided with object
2023-11-08 10:24:04,700,WARNING,controller.py,single_step_joint,924,line_plane ee is nearly collided with object
2023-11-08 10:24:04,726,WARNING,controller.py,single_step_joint,924,line_plane ee is nearly collided with object
2023-11-08 10:24:05,268,WARNING,controller.py,single_step_joint,924,line_plane ee is nearly collided with object
2023-11-08 10:24:05,297,WARNING,controller.py,single_step_joint,924,line_plane ee is nearly collided with object
2023-11-08 10:24:07,588,INFO,controller.py,is_arrived,879,Provided joint states is Done
2023-11-08 10:24:09,835,INFO,controller.py,is_arrived,879,Provided joint states is Done
2023-11-08 10:27:36,244,INFO,main.py,_init_log,91,Saving logs to: /home/benjamin/git/IR-Assignment2/logs/7_11_2023_benjamin.log
2023-11-08 10:27:43,582,INFO,controller.py,is_arrived,879,Provided joint states is Done
2023-11-08 10:27:51,848,INFO,controller.py,enable_system,989,System is enabled. Ready for operation.
2023-11-08 10:27:51,849,INFO,controller.py,enable_system,989,System is enabled. Ready for operation.
2023-11-08 10:27:52,862,INFO,controller.py,is_arrived,879,Provided joint states is Done
2023-11-08 10:27:57,199,INFO,controller.py,is_arrived,879,Provided joint states is Done
2023-11-08 10:28:14,474,WARNING,controller.py,single_step_joint,924,line_plane ee is nearly collided with object
2023-11-08 10:28:14,523,WARNING,controller.py,single_step_cartesian,811,line_plane ee is nearly collided with object
2023-11-08 10:28:14,599,WARNING,controller.py,single_step_cartesian,811,line_plane ee is nearly collided with object
2023-11-08 10:28:14,647,WARNING,controller.py,single_step_cartesian,811,line_plane ee is nearly collided with object
2023-11-08 10:28:14,690,WARNING,controller.py,single_step_cartesian,811,line_plane ee is nearly collided with object
2023-11-08 10:28:14,740,WARNING,controller.py,single_step_cartesian,811,line_plane ee is nearly collided with object
2023-11-08 10:28:14,785,WARNING,controller.py,single_step_cartesian,811,line_plane ee is nearly collided with object
2023-11-08 10:28:14,836,WARNING,controller.py,single_step_cartesian,811,line_plane ee is nearly collided with object
2023-11-08 10:28:14,878,WARNING,controller.py,single_step_cartesian,811,line_plane ee is nearly collided with object
2023-11-08 10:28:14,938,WARNING,controller.py,single_step_cartesian,811,line_plane ee is nearly collided with object
2023-11-08 10:28:14,986,WARNING,controller.py,single_step_cartesian,811,line_plane ee is nearly collided with object
2023-11-08 10:28:15,041,WARNING,controller.py,single_step_cartesian,811,line_plane ee is nearly collided with object
2023-11-08 10:28:15,093,WARNING,controller.py,single_step_cartesian,811,line_plane ee is nearly collided with object
2023-11-08 10:28:15,186,WARNING,controller.py,single_step_cartesian,811,line_plane ee is nearly collided with object
2023-11-08 10:28:15,279,WARNING,controller.py,single_step_cartesian,811,line_plane ee is nearly collided with object
2023-11-08 10:28:15,395,WARNING,controller.py,single_step_cartesian,811,line_plane ee is nearly collided with object
2023-11-08 10:28:15,453,WARNING,controller.py,single_step_cartesian,811,line_plane ee is nearly collided with object
2023-11-08 10:28:15,509,WARNING,controller.py,single_step_cartesian,811,line_plane ee is nearly collided with object
2023-11-08 10:28:15,563,WARNING,controller.py,single_step_cartesian,811,line_plane ee is nearly collided with object
2023-11-08 10:28:15,609,WARNING,controller.py,single_step_cartesian,811,line_plane ee is nearly collided with object
2023-11-08 10:28:15,656,WARNING,controller.py,single_step_cartesian,811,line_plane ee is nearly collided with object
2023-11-08 10:28:15,695,WARNING,controller.py,single_step_cartesian,811,line_plane ee is nearly collided with object
2023-11-08 10:28:15,750,WARNING,controller.py,single_step_cartesian,811,line_plane ee is nearly collided with object
2023-11-08 10:28:15,794,WARNING,controller.py,single_step_cartesian,811,line_plane ee is nearly collided with object
2023-11-08 10:28:15,840,WARNING,controller.py,single_step_cartesian,811,line_plane ee is nearly collided with object
2023-11-08 10:28:15,878,WARNING,controller.py,single_step_cartesian,811,line_plane ee is nearly collided with object
2023-11-08 10:28:15,919,WARNING,controller.py,single_step_cartesian,811,line_plane ee is nearly collided with object
2023-11-08 10:28:15,985,WARNING,controller.py,single_step_cartesian,811,line_plane ee is nearly collided with object
2023-11-08 10:28:16,109,WARNING,controller.py,single_step_cartesian,811,line_plane ee is nearly collided with object
2023-11-08 10:28:16,184,WARNING,controller.py,single_step_cartesian,811,line_plane ee is nearly collided with object
2023-11-08 10:28:17,844,WARNING,controller.py,single_step_joint,924,line_plane ee is nearly collided with object
2023-11-08 10:28:17,868,WARNING,controller.py,single_step_joint,924,line_plane ee is nearly collided with object
2023-11-08 10:28:17,899,WARNING,controller.py,single_step_joint,924,line_plane ee is nearly collided with object
2023-11-08 10:28:17,959,WARNING,controller.py,single_step_joint,924,line_plane ee is nearly collided with object
2023-11-08 10:28:18,035,WARNING,controller.py,single_step_joint,924,line_plane ee is nearly collided with object
2023-11-08 10:28:18,074,WARNING,controller.py,single_step_joint,924,line_plane ee is nearly collided with object
2023-11-08 10:28:18,103,WARNING,controller.py,single_step_joint,924,line_plane ee is nearly collided with object
2023-11-08 10:28:18,129,WARNING,controller.py,single_step_joint,924,line_plane ee is nearly collided with object
2023-11-08 10:28:18,159,WARNING,controller.py,single_step_joint,924,line_plane ee is nearly collided with object
2023-11-08 10:28:18,190,WARNING,controller.py,single_step_joint,924,line_plane ee is nearly collided with object
2023-11-08 10:28:18,221,WARNING,controller.py,single_step_joint,924,line_plane ee is nearly collided with object
2023-11-08 10:28:18,271,WARNING,controller.py,single_step_joint,924,line_plane ee is nearly collided with object
2023-11-08 10:28:18,305,WARNING,controller.py,single_step_joint,924,line_plane ee is nearly collided with object
2023-11-08 10:28:18,342,WARNING,controller.py,single_step_joint,924,line_plane ee is nearly collided with object
2023-11-08 10:28:18,375,WARNING,controller.py,single_step_joint,924,line_plane ee is nearly collided with object
2023-11-08 10:28:18,417,WARNING,controller.py,single_step_joint,924,line_plane ee is nearly collided with object
2023-11-08 10:28:18,450,WARNING,controller.py,single_step_joint,924,line_plane ee is nearly collided with object
2023-11-08 10:28:18,498,WARNING,controller.py,single_step_joint,924,line_plane ee is nearly collided with object
2023-11-08 10:32:43,386,INFO,main.py,_init_log,91,Saving logs to: /home/benjamin/git/IR-Assignment2/logs/7_11_2023_benjamin.log
2023-11-08 10:32:52,443,INFO,controller.py,is_arrived,879,Provided joint states is Done
2023-11-08 10:32:55,559,INFO,controller.py,enable_system,989,System is enabled. Ready for operation.
2023-11-08 10:32:55,559,INFO,controller.py,enable_system,989,System is enabled. Ready for operation.
2023-11-08 10:32:56,511,INFO,controller.py,is_arrived,879,Provided joint states is Done
2023-11-08 10:33:00,871,INFO,controller.py,is_arrived,879,Provided joint states is Done
2023-11-08 10:33:21,011,WARNING,controller.py,single_step_joint,924,line_plane ee is nearly collided with object
2023-11-08 10:33:21,044,WARNING,controller.py,single_step_cartesian,811,line_plane ee is nearly collided with object
2023-11-08 10:33:21,108,WARNING,controller.py,single_step_cartesian,811,line_plane ee is nearly collided with object
2023-11-08 10:33:21,158,WARNING,controller.py,single_step_cartesian,811,line_plane ee is nearly collided with object
2023-11-08 10:33:21,217,WARNING,controller.py,single_step_cartesian,811,line_plane ee is nearly collided with object
2023-11-08 10:33:21,282,WARNING,controller.py,single_step_cartesian,811,line_plane ee is nearly collided with object
2023-11-08 10:33:21,391,WARNING,controller.py,single_step_cartesian,811,line_plane ee is nearly collided with object
2023-11-08 10:33:21,526,WARNING,controller.py,single_step_cartesian,811,line_plane ee is nearly collided with object
2023-11-08 10:33:21,597,WARNING,controller.py,single_step_cartesian,811,line_plane ee is nearly collided with object
2023-11-08 10:33:21,647,WARNING,controller.py,single_step_cartesian,811,line_plane ee is nearly collided with object
2023-11-08 10:33:21,735,WARNING,controller.py,single_step_cartesian,811,line_plane ee is nearly collided with object
2023-11-08 10:33:21,801,WARNING,controller.py,single_step_cartesian,811,line_plane ee is nearly collided with object
2023-11-08 10:33:21,871,WARNING,controller.py,single_step_cartesian,811,line_plane ee is nearly collided with object
2023-11-08 10:33:21,938,WARNING,controller.py,single_step_cartesian,811,line_plane ee is nearly collided with object
2023-11-08 10:33:22,091,WARNING,controller.py,single_step_cartesian,811,line_plane ee is nearly collided with object
2023-11-08 10:33:22,212,WARNING,controller.py,single_step_cartesian,811,line_plane ee is nearly collided with object
2023-11-08 10:33:22,312,WARNING,controller.py,single_step_cartesian,811,line_plane ee is nearly collided with object
2023-11-08 10:33:22,399,WARNING,controller.py,single_step_cartesian,811,line_plane ee is nearly collided with object
2023-11-08 10:33:22,506,WARNING,controller.py,single_step_cartesian,811,line_plane ee is nearly collided with object
2023-11-08 10:33:22,589,WARNING,controller.py,single_step_cartesian,811,line_plane ee is nearly collided with object
2023-11-08 10:33:22,671,WARNING,controller.py,single_step_cartesian,811,line_plane ee is nearly collided with object
2023-11-08 10:33:22,740,WARNING,controller.py,single_step_cartesian,811,line_plane ee is nearly collided with object
2023-11-08 10:33:22,821,WARNING,controller.py,single_step_cartesian,811,line_plane ee is nearly collided with object
2023-11-08 10:33:22,940,WARNING,controller.py,single_step_cartesian,811,line_plane ee is nearly collided with object
2023-11-08 10:33:23,015,WARNING,controller.py,single_step_cartesian,811,line_plane ee is nearly collided with object
2023-11-08 10:33:23,098,WARNING,controller.py,single_step_cartesian,811,line_plane ee is nearly collided with object
2023-11-08 10:33:23,150,WARNING,controller.py,single_step_cartesian,811,line_plane ee is nearly collided with object
2023-11-08 10:33:23,217,WARNING,controller.py,single_step_cartesian,811,line_plane ee is nearly collided with object
2023-11-08 10:33:23,329,WARNING,controller.py,single_step_cartesian,811,line_plane ee is nearly collided with object
2023-11-08 10:33:23,409,WARNING,controller.py,single_step_cartesian,811,line_plane ee is nearly collided with object
2023-11-08 10:33:25,877,WARNING,controller.py,single_step_joint,924,line_plane ee is nearly collided with object
2023-11-08 10:33:25,909,WARNING,controller.py,single_step_joint,924,line_plane ee is nearly collided with object
2023-11-08 10:33:25,951,WARNING,controller.py,single_step_joint,924,line_plane ee is nearly collided with object
2023-11-08 10:33:25,989,WARNING,controller.py,single_step_joint,924,line_plane ee is nearly collided with object
2023-11-08 10:33:26,037,WARNING,controller.py,single_step_joint,924,line_plane ee is nearly collided with object
2023-11-08 10:33:26,079,WARNING,controller.py,single_step_joint,924,line_plane ee is nearly collided with object
2023-11-08 10:33:26,122,WARNING,controller.py,single_step_joint,924,line_plane ee is nearly collided with object
2023-11-08 10:33:26,159,WARNING,controller.py,single_step_joint,924,line_plane ee is nearly collided with object
2023-11-08 10:33:26,201,WARNING,controller.py,single_step_joint,924,line_plane ee is nearly collided with object
2023-11-08 10:33:26,252,WARNING,controller.py,single_step_joint,924,line_plane ee is nearly collided with object
2023-11-08 10:33:26,306,WARNING,controller.py,single_step_joint,924,line_plane ee is nearly collided with object
2023-11-08 10:33:26,376,WARNING,controller.py,single_step_joint,924,line_plane ee is nearly collided with object
2023-11-08 10:33:26,441,WARNING,controller.py,single_step_joint,924,line_plane ee is nearly collided with object
2023-11-08 10:33:26,573,WARNING,controller.py,single_step_joint,924,line_plane ee is nearly collided with object
2023-11-08 10:33:26,621,WARNING,controller.py,single_step_joint,924,line_plane ee is nearly collided with object
2023-11-08 10:33:26,662,WARNING,controller.py,single_step_joint,924,line_plane ee is nearly collided with object
2023-11-08 10:33:26,699,WARNING,controller.py,single_step_joint,924,line_plane ee is nearly collided with object
2023-11-08 10:33:26,744,WARNING,controller.py,single_step_joint,924,line_plane ee is nearly collided with object
2023-11-08 10:33:59,952,WARNING,controller.py,single_step_cartesian,811,line_plane ee is nearly collided with object
2023-11-08 10:34:00,068,WARNING,controller.py,single_step_cartesian,811,line_plane ee is nearly collided with object
2023-11-08 10:34:00,126,WARNING,controller.py,single_step_cartesian,811,line_plane ee is nearly collided with object
2023-11-08 10:34:00,195,WARNING,controller.py,single_step_cartesian,811,line_plane ee is nearly collided with object
2023-11-08 10:34:00,272,WARNING,controller.py,single_step_cartesian,811,line_plane ee is nearly collided with object
2023-11-08 10:34:00,344,WARNING,controller.py,single_step_cartesian,811,line_plane ee is nearly collided with object
2023-11-08 10:34:00,400,WARNING,controller.py,single_step_cartesian,811,line_plane ee is nearly collided with object
2023-11-08 10:34:00,529,WARNING,controller.py,single_step_cartesian,811,line_plane ee is nearly collided with object
2023-11-08 10:34:00,622,WARNING,controller.py,single_step_cartesian,811,line_plane ee is nearly collided with object
2023-11-08 10:34:00,677,WARNING,controller.py,single_step_cartesian,811,line_plane ee is nearly collided with object
2023-11-08 10:34:00,739,WARNING,controller.py,single_step_cartesian,811,line_plane ee is nearly collided with object
2023-11-08 10:34:00,796,WARNING,controller.py,single_step_cartesian,811,line_plane ee is nearly collided with object
2023-11-08 10:34:00,867,WARNING,controller.py,single_step_cartesian,811,line_plane ee is nearly collided with object
2023-11-08 10:34:00,931,WARNING,controller.py,single_step_cartesian,811,line_plane ee is nearly collided with object
2023-11-08 10:34:01,035,WARNING,controller.py,single_step_cartesian,811,line_plane ee is nearly collided with object
2023-11-08 10:34:01,126,WARNING,controller.py,single_step_cartesian,811,line_plane ee is nearly collided with object
2023-11-08 10:34:01,239,WARNING,controller.py,single_step_cartesian,811,line_plane ee is nearly collided with object
2023-11-08 10:34:01,307,WARNING,controller.py,single_step_cartesian,811,line_plane ee is nearly collided with object
2023-11-08 10:34:01,382,WARNING,controller.py,single_step_cartesian,811,line_plane ee is nearly collided with object
2023-11-08 10:34:01,462,WARNING,controller.py,single_step_cartesian,811,line_plane ee is nearly collided with object
2023-11-08 10:34:01,525,WARNING,controller.py,single_step_cartesian,811,line_plane ee is nearly collided with object
2023-11-08 10:34:01,588,WARNING,controller.py,single_step_cartesian,811,line_plane ee is nearly collided with object
2023-11-08 10:34:01,659,WARNING,controller.py,single_step_cartesian,811,line_plane ee is nearly collided with object
2023-11-08 10:34:01,714,WARNING,controller.py,single_step_cartesian,811,line_plane ee is nearly collided with object
2023-11-08 10:34:01,816,WARNING,controller.py,single_step_cartesian,811,line_plane ee is nearly collided with object
2023-11-08 10:34:01,933,WARNING,controller.py,single_step_cartesian,811,line_plane ee is nearly collided with object
2023-11-08 10:34:02,006,WARNING,controller.py,single_step_cartesian,811,line_plane ee is nearly collided with object
2023-11-08 10:34:02,067,WARNING,controller.py,single_step_cartesian,811,line_plane ee is nearly collided with object
2023-11-08 10:34:02,131,WARNING,controller.py,single_step_cartesian,811,line_plane ee is nearly collided with object
2023-11-08 10:34:02,181,WARNING,controller.py,single_step_cartesian,811,line_plane ee is nearly collided with object
2023-11-08 10:34:02,228,WARNING,controller.py,single_step_cartesian,811,line_plane ee is nearly collided with object
2023-11-08 10:34:02,294,WARNING,controller.py,single_step_cartesian,811,line_plane ee is nearly collided with object
2023-11-08 10:34:02,356,WARNING,controller.py,single_step_cartesian,811,line_plane ee is nearly collided with object
2023-11-08 10:34:02,413,WARNING,controller.py,single_step_cartesian,811,line_plane ee is nearly collided with object
2023-11-08 10:34:02,501,WARNING,controller.py,single_step_cartesian,811,line_plane ee is nearly collided with object
2023-11-08 10:34:02,618,WARNING,controller.py,single_step_cartesian,811,line_plane ee is nearly collided with object
2023-11-08 10:34:02,690,WARNING,controller.py,single_step_cartesian,811,line_plane ee is nearly collided with object
2023-11-08 10:34:02,754,WARNING,controller.py,single_step_cartesian,811,line_plane ee is nearly collided with object
2023-11-08 10:34:02,819,WARNING,controller.py,single_step_cartesian,811,line_plane ee is nearly collided with object
2023-11-08 10:34:02,885,WARNING,controller.py,single_step_cartesian,811,line_plane ee is nearly collided with object
2023-11-08 10:34:02,950,WARNING,controller.py,single_step_cartesian,811,line_plane ee is nearly collided with object
2023-11-08 10:34:03,011,WARNING,controller.py,single_step_cartesian,811,line_plane ee is nearly collided with object
2023-11-08 10:34:03,069,WARNING,controller.py,single_step_cartesian,811,line_plane ee is nearly collided with object
2023-11-08 10:34:03,181,WARNING,controller.py,single_step_cartesian,811,line_plane ee is nearly collided with object
2023-11-08 10:34:03,281,WARNING,controller.py,single_step_cartesian,811,line_plane ee is nearly collided with object
2023-11-08 10:34:03,342,WARNING,controller.py,single_step_cartesian,811,line_plane ee is nearly collided with object
2023-11-08 10:34:03,404,WARNING,controller.py,single_step_cartesian,811,line_plane ee is nearly collided with object
2023-11-08 10:34:03,459,WARNING,controller.py,single_step_cartesian,811,line_plane ee is nearly collided with object
2023-11-08 10:34:03,521,WARNING,controller.py,single_step_cartesian,811,line_plane ee is nearly collided with object
2023-11-08 10:34:03,577,WARNING,controller.py,single_step_cartesian,811,line_plane ee is nearly collided with object
2023-11-08 10:34:03,634,WARNING,controller.py,single_step_cartesian,811,line_plane ee is nearly collided with object
2023-11-08 10:34:03,668,WARNING,controller.py,single_step_cartesian,811,line_plane ee is nearly collided with object
2023-11-08 10:34:03,702,WARNING,controller.py,single_step_cartesian,811,line_plane ee is nearly collided with object
2023-11-08 10:34:03,738,WARNING,controller.py,single_step_cartesian,811,line_plane ee is nearly collided with object
2023-11-08 10:34:03,810,WARNING,controller.py,single_step_cartesian,811,line_plane ee is nearly collided with object
2023-11-08 10:34:03,886,WARNING,controller.py,single_step_cartesian,811,line_plane ee is nearly collided with object
2023-11-08 10:34:03,989,WARNING,controller.py,single_step_cartesian,811,line_plane ee is nearly collided with object
2023-11-08 10:34:04,081,WARNING,controller.py,single_step_cartesian,811,line_plane ee is nearly collided with object
2023-11-08 10:34:04,156,WARNING,controller.py,single_step_cartesian,811,line_plane ee is nearly collided with object
2023-11-08 10:34:04,211,WARNING,controller.py,single_step_cartesian,811,line_plane ee is nearly collided with object
2023-11-08 10:34:04,280,WARNING,controller.py,single_step_cartesian,811,line_plane ee is nearly collided with object
2023-11-08 10:34:04,329,WARNING,controller.py,single_step_cartesian,811,line_plane ee is nearly collided with object
2023-11-08 10:34:04,399,WARNING,controller.py,single_step_cartesian,811,line_plane ee is nearly collided with object
2023-11-08 10:34:04,476,WARNING,controller.py,single_step_cartesian,811,line_plane ee is nearly collided with object
2023-11-08 10:34:04,567,WARNING,controller.py,single_step_cartesian,811,line_plane ee is nearly collided with object
2023-11-08 10:34:04,653,WARNING,controller.py,single_step_cartesian,811,line_plane ee is nearly collided with object
2023-11-08 10:34:04,712,WARNING,controller.py,single_step_cartesian,811,line_plane ee is nearly collided with object
2023-11-08 10:34:04,786,WARNING,controller.py,single_step_cartesian,811,line_plane ee is nearly collided with object
2023-11-08 10:34:04,845,WARNING,controller.py,single_step_cartesian,811,line_plane ee is nearly collided with object
2023-11-08 10:34:04,904,WARNING,controller.py,single_step_cartesian,811,line_plane ee is nearly collided with object
2023-11-08 10:34:04,966,WARNING,controller.py,single_step_cartesian,811,line_plane ee is nearly collided with object
2023-11-08 10:34:05,018,WARNING,controller.py,single_step_cartesian,811,line_plane ee is nearly collided with object
2023-11-08 10:34:05,076,WARNING,controller.py,single_step_cartesian,811,line_plane ee is nearly collided with object
2023-11-08 10:34:08,892,WARNING,controller.py,single_step_joint,924,line_plane ee is nearly collided with object
2023-11-08 10:34:08,939,WARNING,controller.py,single_step_joint,924,line_plane ee is nearly collided with object
2023-11-08 10:34:08,972,WARNING,controller.py,single_step_joint,924,line_plane ee is nearly collided with object
2023-11-08 10:34:08,994,WARNING,controller.py,single_step_joint,924,line_plane ee is nearly collided with object
2023-11-08 10:34:16,179,WARNING,controller.py,single_step_cartesian,811,line_plane ee is nearly collided with object
2023-11-08 10:34:16,296,WARNING,controller.py,single_step_cartesian,811,line_plane ee is nearly collided with object
2023-11-08 10:34:16,366,WARNING,controller.py,single_step_cartesian,811,line_plane ee is nearly collided with object
2023-11-08 10:34:16,456,WARNING,controller.py,single_step_cartesian,811,line_plane ee is nearly collided with object
2023-11-08 10:34:16,539,WARNING,controller.py,single_step_cartesian,811,line_plane ee is nearly collided with object
2023-11-08 10:34:16,605,WARNING,controller.py,single_step_cartesian,811,line_plane ee is nearly collided with object
2023-11-08 10:34:16,647,WARNING,controller.py,single_step_cartesian,811,line_plane ee is nearly collided with object
2023-11-08 10:34:16,698,WARNING,controller.py,single_step_cartesian,811,line_plane ee is nearly collided with object
2023-11-08 10:34:16,753,WARNING,controller.py,single_step_cartesian,811,line_plane ee is nearly collided with object
2023-11-08 10:34:16,818,WARNING,controller.py,single_step_cartesian,811,line_plane ee is nearly collided with object
2023-11-08 10:34:16,883,WARNING,controller.py,single_step_cartesian,811,line_plane ee is nearly collided with object
2023-11-08 10:34:16,933,WARNING,controller.py,single_step_cartesian,811,line_plane ee is nearly collided with object
2023-11-08 10:34:16,987,WARNING,controller.py,single_step_cartesian,811,line_plane ee is nearly collided with object
2023-11-08 10:34:17,084,WARNING,controller.py,single_step_cartesian,811,line_plane ee is nearly collided with object
2023-11-08 10:34:17,180,WARNING,controller.py,single_step_cartesian,811,line_plane ee is nearly collided with object
2023-11-08 10:34:17,233,WARNING,controller.py,single_step_cartesian,811,line_plane ee is nearly collided with object
2023-11-08 10:34:17,287,WARNING,controller.py,single_step_cartesian,811,line_plane ee is nearly collided with object
2023-11-08 10:34:17,357,WARNING,controller.py,single_step_cartesian,811,line_plane ee is nearly collided with object
2023-11-08 10:34:17,406,WARNING,controller.py,single_step_cartesian,811,line_plane ee is nearly collided with object
2023-11-08 10:34:17,491,WARNING,controller.py,single_step_cartesian,811,line_plane ee is nearly collided with object
2023-11-08 10:34:17,547,WARNING,controller.py,single_step_cartesian,811,line_plane ee is nearly collided with object
2023-11-08 10:34:17,599,WARNING,controller.py,single_step_cartesian,811,line_plane ee is nearly collided with object
2023-11-08 10:34:17,653,WARNING,controller.py,single_step_cartesian,811,line_plane ee is nearly collided with object
2023-11-08 10:34:17,742,WARNING,controller.py,single_step_cartesian,811,line_plane ee is nearly collided with object
2023-11-08 10:34:17,802,WARNING,controller.py,single_step_cartesian,811,line_plane ee is nearly collided with object
2023-11-08 10:34:17,866,WARNING,controller.py,single_step_cartesian,811,line_plane ee is nearly collided with object
2023-11-08 10:34:17,915,WARNING,controller.py,single_step_cartesian,811,line_plane ee is nearly collided with object
2023-11-08 10:34:17,973,WARNING,controller.py,single_step_cartesian,811,line_plane ee is nearly collided with object
2023-11-08 10:34:18,048,WARNING,controller.py,single_step_cartesian,811,line_plane ee is nearly collided with object
2023-11-08 10:34:18,110,WARNING,controller.py,single_step_cartesian,811,line_plane ee is nearly collided with object
2023-11-08 10:34:18,194,WARNING,controller.py,single_step_cartesian,811,line_plane ee is nearly collided with object
2023-11-08 10:34:18,269,WARNING,controller.py,single_step_cartesian,811,line_plane ee is nearly collided with object
2023-11-08 10:34:18,343,WARNING,controller.py,single_step_cartesian,811,line_plane ee is nearly collided with object
2023-11-08 10:34:18,429,WARNING,controller.py,single_step_cartesian,811,line_plane ee is nearly collided with object
2023-11-08 10:34:18,513,WARNING,controller.py,single_step_cartesian,811,line_plane ee is nearly collided with object
2023-11-08 10:34:18,570,WARNING,controller.py,single_step_cartesian,811,line_plane ee is nearly collided with object
2023-11-08 10:34:18,628,WARNING,controller.py,single_step_cartesian,811,line_plane ee is nearly collided with object
2023-11-08 10:34:18,694,WARNING,controller.py,single_step_cartesian,811,line_plane ee is nearly collided with object
2023-11-08 10:34:18,735,WARNING,controller.py,single_step_cartesian,811,line_plane ee is nearly collided with object
2023-11-08 10:34:18,793,WARNING,controller.py,single_step_cartesian,811,line_plane ee is nearly collided with object
2023-11-08 10:34:18,876,WARNING,controller.py,single_step_cartesian,811,line_plane ee is nearly collided with object
2023-11-08 10:34:18,938,WARNING,controller.py,single_step_cartesian,811,line_plane ee is nearly collided with object
2023-11-08 10:34:18,998,WARNING,controller.py,single_step_cartesian,811,line_plane ee is nearly collided with object
2023-11-08 10:34:19,090,WARNING,controller.py,single_step_cartesian,811,line_plane ee is nearly collided with object
2023-11-08 10:34:19,166,WARNING,controller.py,single_step_cartesian,811,line_plane ee is nearly collided with object
2023-11-08 10:34:19,242,WARNING,controller.py,single_step_cartesian,811,line_plane ee is nearly collided with object
2023-11-08 10:34:19,301,WARNING,controller.py,single_step_cartesian,811,line_plane ee is nearly collided with object
2023-11-08 10:34:19,363,WARNING,controller.py,single_step_cartesian,811,line_plane ee is nearly collided with object
2023-11-08 10:34:19,455,WARNING,controller.py,single_step_cartesian,811,line_plane ee is nearly collided with object
2023-11-08 10:34:19,542,WARNING,controller.py,single_step_cartesian,811,line_plane ee is nearly collided with object
2023-11-08 10:34:19,660,WARNING,controller.py,single_step_cartesian,811,line_plane ee is nearly collided with object
2023-11-08 10:34:19,781,WARNING,controller.py,single_step_cartesian,811,line_plane ee is nearly collided with object
2023-11-08 10:34:19,932,WARNING,controller.py,single_step_cartesian,811,line_plane ee is nearly collided with object
2023-11-08 10:34:22,796,WARNING,controller.py,single_step_joint,924,line_plane ee is nearly collided with object
2023-11-08 10:34:22,826,WARNING,controller.py,single_step_joint,924,line_plane ee is nearly collided with object
2023-11-08 10:34:22,853,WARNING,controller.py,single_step_joint,924,line_plane ee is nearly collided with object
2023-11-08 10:34:22,883,WARNING,controller.py,single_step_joint,924,line_plane ee is nearly collided with object
2023-11-08 10:34:22,914,WARNING,controller.py,single_step_joint,924,line_plane ee is nearly collided with object
2023-11-08 10:34:22,943,WARNING,controller.py,single_step_joint,924,line_plane ee is nearly collided with object
2023-11-08 10:34:22,978,WARNING,controller.py,single_step_joint,924,line_plane ee is nearly collided with object
2023-11-08 10:34:23,005,WARNING,controller.py,single_step_joint,924,line_plane ee is nearly collided with object
2023-11-08 10:34:23,033,WARNING,controller.py,single_step_joint,924,line_plane ee is nearly collided with object
2023-11-08 10:34:23,059,WARNING,controller.py,single_step_joint,924,line_plane ee is nearly collided with object
2023-11-08 10:34:23,093,WARNING,controller.py,single_step_joint,924,line_plane ee is nearly collided with object
2023-11-08 10:34:23,126,WARNING,controller.py,single_step_joint,924,line_plane ee is nearly collided with object
2023-11-08 10:34:23,149,WARNING,controller.py,single_step_joint,924,line_plane ee is nearly collided with object
2023-11-08 10:34:23,983,WARNING,controller.py,single_step_joint,924,line_plane ee is nearly collided with object
2023-11-08 10:34:24,027,WARNING,controller.py,single_step_joint,924,line_plane ee is nearly collided with object
2023-11-08 10:34:24,064,WARNING,controller.py,single_step_joint,924,line_plane ee is nearly collided with object
2023-11-08 10:34:24,097,WARNING,controller.py,single_step_joint,924,line_plane ee is nearly collided with object
2023-11-08 10:35:21,573,WARNING,controller.py,single_step_joint,924,line_plane ee is nearly collided with object
2023-11-08 10:35:21,612,WARNING,controller.py,single_step_cartesian,811,line_plane ee is nearly collided with object
2023-11-08 10:35:21,666,WARNING,controller.py,single_step_cartesian,811,line_plane ee is nearly collided with object
2023-11-08 10:35:21,733,WARNING,controller.py,single_step_cartesian,811,line_plane ee is nearly collided with object
2023-11-08 10:35:21,841,WARNING,controller.py,single_step_cartesian,811,line_plane ee is nearly collided with object
2023-11-08 10:35:21,910,WARNING,controller.py,single_step_cartesian,811,line_plane ee is nearly collided with object
2023-11-08 10:35:21,971,WARNING,controller.py,single_step_cartesian,811,line_plane ee is nearly collided with object
2023-11-08 10:35:22,024,WARNING,controller.py,single_step_cartesian,811,line_plane ee is nearly collided with object
2023-11-08 10:35:22,097,WARNING,controller.py,single_step_cartesian,811,line_plane ee is nearly collided with object
2023-11-08 10:35:22,167,WARNING,controller.py,single_step_cartesian,811,line_plane ee is nearly collided with object
2023-11-08 10:35:22,256,WARNING,controller.py,single_step_cartesian,811,line_plane ee is nearly collided with object
2023-11-08 10:35:22,304,WARNING,controller.py,single_step_cartesian,811,line_plane ee is nearly collided with object
2023-11-08 10:35:22,389,WARNING,controller.py,single_step_cartesian,811,line_plane ee is nearly collided with object
2023-11-08 10:35:22,485,WARNING,controller.py,single_step_cartesian,811,line_plane ee is nearly collided with object
2023-11-08 10:35:22,577,WARNING,controller.py,single_step_cartesian,811,line_plane ee is nearly collided with object
2023-11-08 10:35:22,634,WARNING,controller.py,single_step_cartesian,811,line_plane ee is nearly collided with object
2023-11-08 10:35:22,693,WARNING,controller.py,single_step_cartesian,811,line_plane ee is nearly collided with object
2023-11-08 10:35:22,846,WARNING,controller.py,single_step_cartesian,811,line_plane ee is nearly collided with object
2023-11-08 10:35:23,445,WARNING,controller.py,single_step_cartesian,811,line_plane ee is nearly collided with object
2023-11-08 10:35:23,657,WARNING,controller.py,single_step_cartesian,811,line_plane ee is nearly collided with object
2023-11-08 10:35:23,977,WARNING,controller.py,single_step_cartesian,811,line_plane ee is nearly collided with object
2023-11-08 10:35:25,238,WARNING,controller.py,single_step_joint,924,line_plane ee is nearly collided with object
2023-11-08 10:35:25,264,WARNING,controller.py,single_step_joint,924,line_plane ee is nearly collided with object
2023-11-08 10:35:25,294,WARNING,controller.py,single_step_joint,924,line_plane ee is nearly collided with object
2023-11-08 10:35:25,350,WARNING,controller.py,single_step_joint,924,line_plane ee is nearly collided with object
2023-11-08 10:35:25,409,WARNING,controller.py,single_step_joint,924,line_plane ee is nearly collided with object
2023-11-08 10:35:25,546,WARNING,controller.py,single_step_joint,924,line_plane ee is nearly collided with object
2023-11-08 10:35:26,306,WARNING,controller.py,single_step_joint,924,line_plane ee is nearly collided with object
2023-11-08 10:35:26,369,WARNING,controller.py,single_step_joint,924,line_plane ee is nearly collided with object
2023-11-08 10:35:26,426,WARNING,controller.py,single_step_joint,924,line_plane ee is nearly collided with object
2023-11-08 10:35:29,615,INFO,controller.py,is_arrived,879,Provided joint states is Done
2023-11-08 10:35:32,282,INFO,controller.py,is_arrived,879,Provided joint states is Done
2023-11-08 10:41:04,668,INFO,main.py,_init_log,91,Saving logs to: /home/benjamin/git/IR-Assignment2/logs/7_11_2023_benjamin.log
2023-11-08 10:41:12,091,INFO,controller.py,is_arrived,879,Provided joint states is Done
2023-11-08 10:41:16,526,INFO,controller.py,enable_system,989,System is enabled. Ready for operation.
2023-11-08 10:41:16,526,INFO,controller.py,enable_system,989,System is enabled. Ready for operation.
2023-11-08 10:41:19,469,INFO,controller.py,is_arrived,879,Provided joint states is Done
2023-11-08 10:41:23,867,INFO,controller.py,is_arrived,879,Provided joint states is Done
2023-11-08 10:41:41,444,WARNING,controller.py,single_step_joint,924,line_plane ee is nearly collided with object
2023-11-08 10:41:41,469,WARNING,controller.py,single_step_cartesian,811,line_plane ee is nearly collided with object
2023-11-08 10:41:41,542,WARNING,controller.py,single_step_cartesian,811,line_plane ee is nearly collided with object
2023-11-08 10:41:41,595,WARNING,controller.py,single_step_cartesian,811,line_plane ee is nearly collided with object
2023-11-08 10:41:41,656,WARNING,controller.py,single_step_cartesian,811,line_plane ee is nearly collided with object
2023-11-08 10:41:41,697,WARNING,controller.py,single_step_cartesian,811,line_plane ee is nearly collided with object
2023-11-08 10:41:41,749,WARNING,controller.py,single_step_cartesian,811,line_plane ee is nearly collided with object
2023-11-08 10:41:41,798,WARNING,controller.py,single_step_cartesian,811,line_plane ee is nearly collided with object
2023-11-08 10:41:41,856,WARNING,controller.py,single_step_cartesian,811,line_plane ee is nearly collided with object
2023-11-08 10:41:41,934,WARNING,controller.py,single_step_cartesian,811,line_plane ee is nearly collided with object
2023-11-08 10:41:42,009,WARNING,controller.py,single_step_cartesian,811,line_plane ee is nearly collided with object
2023-11-08 10:41:42,069,WARNING,controller.py,single_step_cartesian,811,line_plane ee is nearly collided with object
2023-11-08 10:41:42,133,WARNING,controller.py,single_step_cartesian,811,line_plane ee is nearly collided with object
2023-11-08 10:41:42,191,WARNING,controller.py,single_step_cartesian,811,line_plane ee is nearly collided with object
2023-11-08 10:41:42,257,WARNING,controller.py,single_step_cartesian,811,line_plane ee is nearly collided with object
2023-11-08 10:41:42,314,WARNING,controller.py,single_step_cartesian,811,line_plane ee is nearly collided with object
2023-11-08 10:41:42,367,WARNING,controller.py,single_step_cartesian,811,line_plane ee is nearly collided with object
2023-11-08 10:41:42,431,WARNING,controller.py,single_step_cartesian,811,line_plane ee is nearly collided with object
2023-11-08 10:41:42,485,WARNING,controller.py,single_step_cartesian,811,line_plane ee is nearly collided with object
2023-11-08 10:41:42,536,WARNING,controller.py,single_step_cartesian,811,line_plane ee is nearly collided with object
2023-11-08 10:41:42,574,WARNING,controller.py,single_step_cartesian,811,line_plane ee is nearly collided with object
2023-11-08 10:41:42,645,WARNING,controller.py,single_step_cartesian,811,line_plane ee is nearly collided with object
2023-11-08 10:41:42,735,WARNING,controller.py,single_step_cartesian,811,line_plane ee is nearly collided with object
2023-11-08 10:41:42,810,WARNING,controller.py,single_step_cartesian,811,line_plane ee is nearly collided with object
2023-11-08 10:41:42,871,WARNING,controller.py,single_step_cartesian,811,line_plane ee is nearly collided with object
2023-11-08 10:41:42,928,WARNING,controller.py,single_step_cartesian,811,line_plane ee is nearly collided with object
2023-11-08 10:41:42,976,WARNING,controller.py,single_step_cartesian,811,line_plane ee is nearly collided with object
2023-11-08 10:41:43,024,WARNING,controller.py,single_step_cartesian,811,line_plane ee is nearly collided with object
2023-11-08 10:41:43,066,WARNING,controller.py,single_step_cartesian,811,line_plane ee is nearly collided with object
2023-11-08 10:41:43,130,WARNING,controller.py,single_step_cartesian,811,line_plane ee is nearly collided with object
2023-11-08 10:41:43,171,WARNING,controller.py,single_step_cartesian,811,line_plane ee is nearly collided with object
2023-11-08 10:41:43,223,WARNING,controller.py,single_step_cartesian,811,line_plane ee is nearly collided with object
2023-11-08 10:41:43,270,WARNING,controller.py,single_step_cartesian,811,line_plane ee is nearly collided with object
2023-11-08 10:41:43,366,WARNING,controller.py,single_step_cartesian,811,line_plane ee is nearly collided with object
2023-11-08 10:41:43,438,WARNING,controller.py,single_step_cartesian,811,line_plane ee is nearly collided with object
2023-11-08 10:41:43,506,WARNING,controller.py,single_step_cartesian,811,line_plane ee is nearly collided with object
2023-11-08 10:41:43,561,WARNING,controller.py,single_step_cartesian,811,line_plane ee is nearly collided with object
2023-11-08 10:41:43,605,WARNING,controller.py,single_step_cartesian,811,line_plane ee is nearly collided with object
2023-11-08 10:41:43,657,WARNING,controller.py,single_step_cartesian,811,line_plane ee is nearly collided with object
2023-11-08 10:41:43,713,WARNING,controller.py,single_step_cartesian,811,line_plane ee is nearly collided with object
2023-11-08 10:41:43,766,WARNING,controller.py,single_step_cartesian,811,line_plane ee is nearly collided with object
2023-11-08 10:41:43,833,WARNING,controller.py,single_step_cartesian,811,line_plane ee is nearly collided with object
2023-11-08 10:41:43,876,WARNING,controller.py,single_step_cartesian,811,line_plane ee is nearly collided with object
2023-11-08 10:41:43,966,WARNING,controller.py,single_step_cartesian,811,line_plane ee is nearly collided with object
2023-11-08 10:41:44,052,WARNING,controller.py,single_step_cartesian,811,line_plane ee is nearly collided with object
2023-11-08 10:41:44,119,WARNING,controller.py,single_step_cartesian,811,line_plane ee is nearly collided with object
2023-11-08 10:41:44,201,WARNING,controller.py,single_step_cartesian,811,line_plane ee is nearly collided with object
2023-11-08 10:41:44,256,WARNING,controller.py,single_step_cartesian,811,line_plane ee is nearly collided with object
2023-11-08 10:41:44,313,WARNING,controller.py,single_step_cartesian,811,line_plane ee is nearly collided with object
2023-11-08 10:41:46,651,WARNING,controller.py,single_step_joint,924,line_plane ee is nearly collided with object
2023-11-08 10:41:46,709,WARNING,controller.py,single_step_joint,924,line_plane ee is nearly collided with object
2023-11-08 10:41:46,746,WARNING,controller.py,single_step_joint,924,line_plane ee is nearly collided with object
2023-11-08 10:41:46,788,WARNING,controller.py,single_step_joint,924,line_plane ee is nearly collided with object
2023-11-08 10:41:46,828,WARNING,controller.py,single_step_joint,924,line_plane ee is nearly collided with object
2023-11-08 10:41:46,863,WARNING,controller.py,single_step_joint,924,line_plane ee is nearly collided with object
2023-11-08 10:41:46,909,WARNING,controller.py,single_step_joint,924,line_plane ee is nearly collided with object
2023-11-08 10:41:46,942,WARNING,controller.py,single_step_joint,924,line_plane ee is nearly collided with object
2023-11-08 10:41:46,982,WARNING,controller.py,single_step_joint,924,line_plane ee is nearly collided with object
2023-11-08 10:41:47,019,WARNING,controller.py,single_step_joint,924,line_plane ee is nearly collided with object
2023-11-08 10:41:47,062,WARNING,controller.py,single_step_joint,924,line_plane ee is nearly collided with object
2023-11-08 10:41:47,095,WARNING,controller.py,single_step_joint,924,line_plane ee is nearly collided with object
2023-11-08 10:41:47,134,WARNING,controller.py,single_step_joint,924,line_plane ee is nearly collided with object
2023-11-08 10:41:47,180,WARNING,controller.py,single_step_joint,924,line_plane ee is nearly collided with object
2023-11-08 10:41:47,214,WARNING,controller.py,single_step_joint,924,line_plane ee is nearly collided with object
2023-11-08 10:41:47,264,WARNING,controller.py,single_step_joint,924,line_plane ee is nearly collided with object
2023-11-08 10:41:47,321,WARNING,controller.py,single_step_joint,924,line_plane ee is nearly collided with object
2023-11-08 10:42:11,805,WARNING,controller.py,single_step_cartesian,811,line_plane ee is nearly collided with object
2023-11-08 10:42:11,929,WARNING,controller.py,single_step_cartesian,811,line_plane ee is nearly collided with object
2023-11-08 10:42:11,984,WARNING,controller.py,single_step_cartesian,811,line_plane ee is nearly collided with object
2023-11-08 10:42:12,035,WARNING,controller.py,single_step_cartesian,811,line_plane ee is nearly collided with object
2023-11-08 10:42:12,102,WARNING,controller.py,single_step_cartesian,811,line_plane ee is nearly collided with object
2023-11-08 10:42:12,184,WARNING,controller.py,single_step_cartesian,811,line_plane ee is nearly collided with object
2023-11-08 10:42:12,251,WARNING,controller.py,single_step_cartesian,811,line_plane ee is nearly collided with object
2023-11-08 10:42:12,365,WARNING,controller.py,single_step_cartesian,811,line_plane ee is nearly collided with object
2023-11-08 10:42:12,409,WARNING,controller.py,single_step_cartesian,811,line_plane ee is nearly collided with object
2023-11-08 10:42:12,439,WARNING,controller.py,single_step_cartesian,811,line_plane ee is nearly collided with object
2023-11-08 10:42:12,485,WARNING,controller.py,single_step_cartesian,811,line_plane ee is nearly collided with object
2023-11-08 10:42:12,528,WARNING,controller.py,single_step_cartesian,811,line_plane ee is nearly collided with object
2023-11-08 10:42:12,581,WARNING,controller.py,single_step_cartesian,811,line_plane ee is nearly collided with object
2023-11-08 10:42:12,628,WARNING,controller.py,single_step_cartesian,811,line_plane ee is nearly collided with object
2023-11-08 10:42:12,686,WARNING,controller.py,single_step_cartesian,811,line_plane ee is nearly collided with object
2023-11-08 10:42:12,734,WARNING,controller.py,single_step_cartesian,811,line_plane ee is nearly collided with object
2023-11-08 10:42:12,905,WARNING,controller.py,single_step_cartesian,811,line_plane ee is nearly collided with object
2023-11-08 10:42:12,999,WARNING,controller.py,single_step_cartesian,811,line_plane ee is nearly collided with object
2023-11-08 10:42:13,071,WARNING,controller.py,single_step_cartesian,811,line_plane ee is nearly collided with object
2023-11-08 10:42:13,142,WARNING,controller.py,single_step_cartesian,811,line_plane ee is nearly collided with object
2023-11-08 10:42:13,179,WARNING,controller.py,single_step_cartesian,811,line_plane ee is nearly collided with object
2023-11-08 10:42:13,257,WARNING,controller.py,single_step_cartesian,811,line_plane ee is nearly collided with object
2023-11-08 10:42:13,307,WARNING,controller.py,single_step_cartesian,811,line_plane ee is nearly collided with object
2023-11-08 10:42:13,373,WARNING,controller.py,single_step_cartesian,811,line_plane ee is nearly collided with object
2023-11-08 10:42:13,443,WARNING,controller.py,single_step_cartesian,811,line_plane ee is nearly collided with object
2023-11-08 10:42:13,504,WARNING,controller.py,single_step_cartesian,811,line_plane ee is nearly collided with object
2023-11-08 10:42:13,607,WARNING,controller.py,single_step_cartesian,811,line_plane ee is nearly collided with object
2023-11-08 10:42:13,678,WARNING,controller.py,single_step_cartesian,811,line_plane ee is nearly collided with object
2023-11-08 10:42:13,764,WARNING,controller.py,single_step_cartesian,811,line_plane ee is nearly collided with object
2023-11-08 10:42:13,835,WARNING,controller.py,single_step_cartesian,811,line_plane ee is nearly collided with object
2023-11-08 10:42:13,901,WARNING,controller.py,single_step_cartesian,811,line_plane ee is nearly collided with object
2023-11-08 10:42:13,954,WARNING,controller.py,single_step_cartesian,811,line_plane ee is nearly collided with object
2023-11-08 10:42:14,007,WARNING,controller.py,single_step_cartesian,811,line_plane ee is nearly collided with object
2023-11-08 10:42:14,054,WARNING,controller.py,single_step_cartesian,811,line_plane ee is nearly collided with object
2023-11-08 10:42:14,131,WARNING,controller.py,single_step_cartesian,811,line_plane ee is nearly collided with object
2023-11-08 10:42:14,194,WARNING,controller.py,single_step_cartesian,811,line_plane ee is nearly collided with object
2023-11-08 10:42:14,282,WARNING,controller.py,single_step_cartesian,811,line_plane ee is nearly collided with object
2023-11-08 10:42:14,351,WARNING,controller.py,single_step_cartesian,811,line_plane ee is nearly collided with object
2023-11-08 10:42:14,415,WARNING,controller.py,single_step_cartesian,811,line_plane ee is nearly collided with object
2023-11-08 10:42:14,470,WARNING,controller.py,single_step_cartesian,811,line_plane ee is nearly collided with object
2023-11-08 10:42:14,524,WARNING,controller.py,single_step_cartesian,811,line_plane ee is nearly collided with object
2023-11-08 10:42:14,580,WARNING,controller.py,single_step_cartesian,811,line_plane ee is nearly collided with object
2023-11-08 10:42:14,625,WARNING,controller.py,single_step_cartesian,811,line_plane ee is nearly collided with object
2023-11-08 10:42:14,682,WARNING,controller.py,single_step_cartesian,811,line_plane ee is nearly collided with object
2023-11-08 10:42:14,747,WARNING,controller.py,single_step_cartesian,811,line_plane ee is nearly collided with object
2023-11-08 10:42:14,849,WARNING,controller.py,single_step_cartesian,811,line_plane ee is nearly collided with object
2023-11-08 10:42:14,940,WARNING,controller.py,single_step_cartesian,811,line_plane ee is nearly collided with object
2023-11-08 10:42:15,003,WARNING,controller.py,single_step_cartesian,811,line_plane ee is nearly collided with object
2023-11-08 10:42:15,064,WARNING,controller.py,single_step_cartesian,811,line_plane ee is nearly collided with object
2023-11-08 10:42:15,135,WARNING,controller.py,single_step_cartesian,811,line_plane ee is nearly collided with object
2023-11-08 10:42:15,191,WARNING,controller.py,single_step_cartesian,811,line_plane ee is nearly collided with object
2023-11-08 10:42:15,264,WARNING,controller.py,single_step_cartesian,811,line_plane ee is nearly collided with object
2023-11-08 10:42:15,316,WARNING,controller.py,single_step_cartesian,811,line_plane ee is nearly collided with object
2023-11-08 10:42:15,383,WARNING,controller.py,single_step_cartesian,811,line_plane ee is nearly collided with object
2023-11-08 10:42:15,513,WARNING,controller.py,single_step_cartesian,811,line_plane ee is nearly collided with object
2023-11-08 10:42:15,591,WARNING,controller.py,single_step_cartesian,811,line_plane ee is nearly collided with object
2023-11-08 10:42:15,662,WARNING,controller.py,single_step_cartesian,811,line_plane ee is nearly collided with object
2023-11-08 10:42:15,704,WARNING,controller.py,single_step_cartesian,811,line_plane ee is nearly collided with object
2023-11-08 10:42:15,786,WARNING,controller.py,single_step_cartesian,811,line_plane ee is nearly collided with object
2023-11-08 10:42:15,848,WARNING,controller.py,single_step_cartesian,811,line_plane ee is nearly collided with object
2023-11-08 10:42:15,918,WARNING,controller.py,single_step_cartesian,811,line_plane ee is nearly collided with object
2023-11-08 10:42:15,989,WARNING,controller.py,single_step_cartesian,811,line_plane ee is nearly collided with object
2023-11-08 10:42:16,053,WARNING,controller.py,single_step_cartesian,811,line_plane ee is nearly collided with object
2023-11-08 10:42:16,125,WARNING,controller.py,single_step_cartesian,811,line_plane ee is nearly collided with object
2023-11-08 10:42:16,176,WARNING,controller.py,single_step_cartesian,811,line_plane ee is nearly collided with object
2023-11-08 10:42:16,254,WARNING,controller.py,single_step_cartesian,811,line_plane ee is nearly collided with object
2023-11-08 10:42:16,310,WARNING,controller.py,single_step_cartesian,811,line_plane ee is nearly collided with object
2023-11-08 10:42:16,361,WARNING,controller.py,single_step_cartesian,811,line_plane ee is nearly collided with object
2023-11-08 10:42:16,444,WARNING,controller.py,single_step_cartesian,811,line_plane ee is nearly collided with object
2023-11-08 10:42:16,524,WARNING,controller.py,single_step_cartesian,811,line_plane ee is nearly collided with object
2023-11-08 10:42:16,591,WARNING,controller.py,single_step_cartesian,811,line_plane ee is nearly collided with object
2023-11-08 10:42:16,637,WARNING,controller.py,single_step_cartesian,811,line_plane ee is nearly collided with object
2023-11-08 10:42:16,687,WARNING,controller.py,single_step_cartesian,811,line_plane ee is nearly collided with object
2023-11-08 10:42:20,033,WARNING,controller.py,single_step_joint,924,line_plane ee is nearly collided with object
2023-11-08 10:42:20,060,WARNING,controller.py,single_step_joint,924,line_plane ee is nearly collided with object
2023-11-08 10:42:20,087,WARNING,controller.py,single_step_joint,924,line_plane ee is nearly collided with object
2023-11-08 10:42:20,139,WARNING,controller.py,single_step_joint,924,line_plane ee is nearly collided with object
2023-11-08 10:42:20,211,WARNING,controller.py,single_step_joint,924,line_plane ee is nearly collided with object
2023-11-08 10:42:20,267,WARNING,controller.py,single_step_joint,924,line_plane ee is nearly collided with object
2023-11-08 10:42:20,303,WARNING,controller.py,single_step_joint,924,line_plane ee is nearly collided with object
2023-11-08 10:42:20,329,WARNING,controller.py,single_step_joint,924,line_plane ee is nearly collided with object
2023-11-08 10:42:20,368,WARNING,controller.py,single_step_joint,924,line_plane ee is nearly collided with object
2023-11-08 10:42:20,400,WARNING,controller.py,single_step_joint,924,line_plane ee is nearly collided with object
2023-11-08 10:42:20,437,WARNING,controller.py,single_step_joint,924,line_plane ee is nearly collided with object
2023-11-08 10:42:20,470,WARNING,controller.py,single_step_joint,924,line_plane ee is nearly collided with object
2023-11-08 10:42:20,504,WARNING,controller.py,single_step_joint,924,line_plane ee is nearly collided with object
2023-11-08 10:42:20,537,WARNING,controller.py,single_step_joint,924,line_plane ee is nearly collided with object
2023-11-08 10:42:20,569,WARNING,controller.py,single_step_joint,924,line_plane ee is nearly collided with object
2023-11-08 10:42:20,613,WARNING,controller.py,single_step_joint,924,line_plane ee is nearly collided with object
2023-11-08 10:42:20,651,WARNING,controller.py,single_step_joint,924,line_plane ee is nearly collided with object
2023-11-08 10:42:20,682,WARNING,controller.py,single_step_joint,924,line_plane ee is nearly collided with object
2023-11-08 10:42:20,730,WARNING,controller.py,single_step_joint,924,line_plane ee is nearly collided with object
2023-11-08 10:42:20,756,WARNING,controller.py,single_step_joint,924,line_plane ee is nearly collided with object
2023-11-08 10:42:20,791,WARNING,controller.py,single_step_joint,924,line_plane ee is nearly collided with object
2023-11-08 10:42:20,842,WARNING,controller.py,single_step_joint,924,line_plane ee is nearly collided with object
2023-11-08 10:42:20,912,WARNING,controller.py,single_step_joint,924,line_plane ee is nearly collided with object
2023-11-08 10:42:20,957,WARNING,controller.py,single_step_joint,924,line_plane ee is nearly collided with object
2023-11-08 10:42:21,011,WARNING,controller.py,single_step_joint,924,line_plane ee is nearly collided with object
2023-11-08 10:42:21,050,WARNING,controller.py,single_step_joint,924,line_plane ee is nearly collided with object
2023-11-08 10:42:21,101,WARNING,controller.py,single_step_joint,924,line_plane ee is nearly collided with object
2023-11-08 10:42:21,150,WARNING,controller.py,single_step_joint,924,line_plane ee is nearly collided with object
2023-11-08 10:42:21,181,WARNING,controller.py,single_step_joint,924,line_plane ee is nearly collided with object
2023-11-08 10:42:27,542,WARNING,controller.py,single_step_cartesian,811,line_plane ee is nearly collided with object
2023-11-08 10:42:27,708,WARNING,controller.py,single_step_cartesian,811,line_plane ee is nearly collided with object
2023-11-08 10:42:27,769,WARNING,controller.py,single_step_cartesian,811,line_plane ee is nearly collided with object
2023-11-08 10:42:27,824,WARNING,controller.py,single_step_cartesian,811,line_plane ee is nearly collided with object
2023-11-08 10:42:27,873,WARNING,controller.py,single_step_cartesian,811,line_plane ee is nearly collided with object
2023-11-08 10:42:27,947,WARNING,controller.py,single_step_cartesian,811,line_plane ee is nearly collided with object
2023-11-08 10:42:27,994,WARNING,controller.py,single_step_cartesian,811,line_plane ee is nearly collided with object
2023-11-08 10:42:28,048,WARNING,controller.py,single_step_cartesian,811,line_plane ee is nearly collided with object
2023-11-08 10:42:28,101,WARNING,controller.py,single_step_cartesian,811,line_plane ee is nearly collided with object
2023-11-08 10:42:28,173,WARNING,controller.py,single_step_cartesian,811,line_plane ee is nearly collided with object
2023-11-08 10:42:28,230,WARNING,controller.py,single_step_cartesian,811,line_plane ee is nearly collided with object
2023-11-08 10:42:28,317,WARNING,controller.py,single_step_cartesian,811,line_plane ee is nearly collided with object
2023-11-08 10:42:28,393,WARNING,controller.py,single_step_cartesian,811,line_plane ee is nearly collided with object
2023-11-08 10:42:28,465,WARNING,controller.py,single_step_cartesian,811,line_plane ee is nearly collided with object
2023-11-08 10:42:28,517,WARNING,controller.py,single_step_cartesian,811,line_plane ee is nearly collided with object
2023-11-08 10:42:28,568,WARNING,controller.py,single_step_cartesian,811,line_plane ee is nearly collided with object
2023-11-08 10:42:28,637,WARNING,controller.py,single_step_cartesian,811,line_plane ee is nearly collided with object
2023-11-08 10:42:28,706,WARNING,controller.py,single_step_cartesian,811,line_plane ee is nearly collided with object
2023-11-08 10:42:28,762,WARNING,controller.py,single_step_cartesian,811,line_plane ee is nearly collided with object
2023-11-08 10:42:28,838,WARNING,controller.py,single_step_cartesian,811,line_plane ee is nearly collided with object
2023-11-08 10:42:28,871,WARNING,controller.py,single_step_cartesian,811,line_plane ee is nearly collided with object
2023-11-08 10:42:28,918,WARNING,controller.py,single_step_cartesian,811,line_plane ee is nearly collided with object
2023-11-08 10:42:28,985,WARNING,controller.py,single_step_cartesian,811,line_plane ee is nearly collided with object
2023-11-08 10:42:29,041,WARNING,controller.py,single_step_cartesian,811,line_plane ee is nearly collided with object
2023-11-08 10:42:29,089,WARNING,controller.py,single_step_cartesian,811,line_plane ee is nearly collided with object
2023-11-08 10:42:29,133,WARNING,controller.py,single_step_cartesian,811,line_plane ee is nearly collided with object
2023-11-08 10:42:29,185,WARNING,controller.py,single_step_cartesian,811,line_plane ee is nearly collided with object
2023-11-08 10:42:29,245,WARNING,controller.py,single_step_cartesian,811,line_plane ee is nearly collided with object
2023-11-08 10:42:29,298,WARNING,controller.py,single_step_cartesian,811,line_plane ee is nearly collided with object
2023-11-08 10:42:29,361,WARNING,controller.py,single_step_cartesian,811,line_plane ee is nearly collided with object
2023-11-08 10:42:29,416,WARNING,controller.py,single_step_cartesian,811,line_plane ee is nearly collided with object
2023-11-08 10:42:29,483,WARNING,controller.py,single_step_cartesian,811,line_plane ee is nearly collided with object
2023-11-08 10:42:29,640,WARNING,controller.py,single_step_cartesian,811,line_plane ee is nearly collided with object
2023-11-08 10:42:29,699,WARNING,controller.py,single_step_cartesian,811,line_plane ee is nearly collided with object
2023-11-08 10:42:29,759,WARNING,controller.py,single_step_cartesian,811,line_plane ee is nearly collided with object
2023-11-08 10:42:29,801,WARNING,controller.py,single_step_cartesian,811,line_plane ee is nearly collided with object
2023-11-08 10:42:29,846,WARNING,controller.py,single_step_cartesian,811,line_plane ee is nearly collided with object
2023-11-08 10:42:29,905,WARNING,controller.py,single_step_cartesian,811,line_plane ee is nearly collided with object
2023-11-08 10:42:29,957,WARNING,controller.py,single_step_cartesian,811,line_plane ee is nearly collided with object
2023-11-08 10:42:30,016,WARNING,controller.py,single_step_cartesian,811,line_plane ee is nearly collided with object
2023-11-08 10:42:30,056,WARNING,controller.py,single_step_cartesian,811,line_plane ee is nearly collided with object
2023-11-08 10:42:30,129,WARNING,controller.py,single_step_cartesian,811,line_plane ee is nearly collided with object
2023-11-08 10:42:30,180,WARNING,controller.py,single_step_cartesian,811,line_plane ee is nearly collided with object
2023-11-08 10:42:30,232,WARNING,controller.py,single_step_cartesian,811,line_plane ee is nearly collided with object
2023-11-08 10:42:30,296,WARNING,controller.py,single_step_cartesian,811,line_plane ee is nearly collided with object
2023-11-08 10:42:30,350,WARNING,controller.py,single_step_cartesian,811,line_plane ee is nearly collided with object
2023-11-08 10:42:30,448,WARNING,controller.py,single_step_cartesian,811,line_plane ee is nearly collided with object
2023-11-08 10:42:30,498,WARNING,controller.py,single_step_cartesian,811,line_plane ee is nearly collided with object
2023-11-08 10:42:30,554,WARNING,controller.py,single_step_cartesian,811,line_plane ee is nearly collided with object
2023-11-08 10:42:30,609,WARNING,controller.py,single_step_cartesian,811,line_plane ee is nearly collided with object
2023-11-08 10:42:30,668,WARNING,controller.py,single_step_cartesian,811,line_plane ee is nearly collided with object
2023-11-08 10:42:30,728,WARNING,controller.py,single_step_cartesian,811,line_plane ee is nearly collided with object
2023-11-08 10:42:30,788,WARNING,controller.py,single_step_cartesian,811,line_plane ee is nearly collided with object
2023-11-08 10:42:33,257,WARNING,controller.py,single_step_joint,924,line_plane ee is nearly collided with object
2023-11-08 10:42:33,288,WARNING,controller.py,single_step_joint,924,line_plane ee is nearly collided with object
2023-11-08 10:42:33,316,WARNING,controller.py,single_step_joint,924,line_plane ee is nearly collided with object
2023-11-08 10:42:33,345,WARNING,controller.py,single_step_joint,924,line_plane ee is nearly collided with object
2023-11-08 10:42:33,384,WARNING,controller.py,single_step_joint,924,line_plane ee is nearly collided with object
2023-11-08 10:42:33,412,WARNING,controller.py,single_step_joint,924,line_plane ee is nearly collided with object
2023-11-08 10:42:33,441,WARNING,controller.py,single_step_joint,924,line_plane ee is nearly collided with object
2023-11-08 10:42:33,475,WARNING,controller.py,single_step_joint,924,line_plane ee is nearly collided with object
2023-11-08 10:42:33,510,WARNING,controller.py,single_step_joint,924,line_plane ee is nearly collided with object
2023-11-08 10:42:33,544,WARNING,controller.py,single_step_joint,924,line_plane ee is nearly collided with object
2023-11-08 10:42:33,597,WARNING,controller.py,single_step_joint,924,line_plane ee is nearly collided with object
2023-11-08 10:42:33,646,WARNING,controller.py,single_step_joint,924,line_plane ee is nearly collided with object
2023-11-08 10:42:33,692,WARNING,controller.py,single_step_joint,924,line_plane ee is nearly collided with object
2023-11-08 10:42:34,462,WARNING,controller.py,single_step_joint,924,line_plane ee is nearly collided with object
2023-11-08 10:42:34,488,WARNING,controller.py,single_step_joint,924,line_plane ee is nearly collided with object
2023-11-08 10:42:34,510,WARNING,controller.py,single_step_joint,924,line_plane ee is nearly collided with object
2023-11-08 10:42:34,544,WARNING,controller.py,single_step_joint,924,line_plane ee is nearly collided with object
2023-11-08 10:43:21,178,WARNING,controller.py,single_step_joint,924,line_plane ee is nearly collided with object
2023-11-08 10:43:21,202,WARNING,controller.py,single_step_cartesian,811,line_plane ee is nearly collided with object
2023-11-08 10:43:21,243,WARNING,controller.py,single_step_cartesian,811,line_plane ee is nearly collided with object
2023-11-08 10:43:21,280,WARNING,controller.py,single_step_cartesian,811,line_plane ee is nearly collided with object
2023-11-08 10:43:21,322,WARNING,controller.py,single_step_cartesian,811,line_plane ee is nearly collided with object
2023-11-08 10:43:21,368,WARNING,controller.py,single_step_cartesian,811,line_plane ee is nearly collided with object
2023-11-08 10:43:21,432,WARNING,controller.py,single_step_cartesian,811,line_plane ee is nearly collided with object
2023-11-08 10:43:21,494,WARNING,controller.py,single_step_cartesian,811,line_plane ee is nearly collided with object
2023-11-08 10:43:21,536,WARNING,controller.py,single_step_cartesian,811,line_plane ee is nearly collided with object
2023-11-08 10:43:21,595,WARNING,controller.py,single_step_cartesian,811,line_plane ee is nearly collided with object
2023-11-08 10:43:21,638,WARNING,controller.py,single_step_cartesian,811,line_plane ee is nearly collided with object
2023-11-08 10:43:21,701,WARNING,controller.py,single_step_cartesian,811,line_plane ee is nearly collided with object
2023-11-08 10:43:21,768,WARNING,controller.py,single_step_cartesian,811,line_plane ee is nearly collided with object
2023-11-08 10:43:21,847,WARNING,controller.py,single_step_cartesian,811,line_plane ee is nearly collided with object
2023-11-08 10:43:21,927,WARNING,controller.py,single_step_cartesian,811,line_plane ee is nearly collided with object
2023-11-08 10:43:21,986,WARNING,controller.py,single_step_cartesian,811,line_plane ee is nearly collided with object
2023-11-08 10:43:22,046,WARNING,controller.py,single_step_cartesian,811,line_plane ee is nearly collided with object
2023-11-08 10:43:22,201,WARNING,controller.py,single_step_cartesian,811,line_plane ee is nearly collided with object
2023-11-08 10:43:22,737,WARNING,controller.py,single_step_cartesian,811,line_plane ee is nearly collided with object
2023-11-08 10:43:22,904,WARNING,controller.py,single_step_cartesian,811,line_plane ee is nearly collided with object
2023-11-08 10:43:23,140,WARNING,controller.py,single_step_cartesian,811,line_plane ee is nearly collided with object
2023-11-08 10:43:24,109,WARNING,controller.py,single_step_joint,924,line_plane ee is nearly collided with object
2023-11-08 10:43:24,139,WARNING,controller.py,single_step_joint,924,line_plane ee is nearly collided with object
2023-11-08 10:43:24,166,WARNING,controller.py,single_step_joint,924,line_plane ee is nearly collided with object
2023-11-08 10:43:24,191,WARNING,controller.py,single_step_joint,924,line_plane ee is nearly collided with object
2023-11-08 10:43:24,225,WARNING,controller.py,single_step_joint,924,line_plane ee is nearly collided with object
2023-11-08 10:43:24,249,WARNING,controller.py,single_step_joint,924,line_plane ee is nearly collided with object
2023-11-08 10:43:24,830,WARNING,controller.py,single_step_joint,924,line_plane ee is nearly collided with object
2023-11-08 10:43:24,864,WARNING,controller.py,single_step_joint,924,line_plane ee is nearly collided with object
2023-11-08 10:43:24,896,WARNING,controller.py,single_step_joint,924,line_plane ee is nearly collided with object
2023-11-08 10:43:25,076,WARNING,controller.py,single_step_joint,924,line_plane ee is nearly collided with object
2023-11-08 10:43:25,114,WARNING,controller.py,single_step_joint,924,line_plane ee is nearly collided with object
2023-11-08 10:43:27,627,INFO,controller.py,is_arrived,879,Provided joint states is Done
2023-11-08 10:43:30,002,INFO,controller.py,is_arrived,879,Provided joint states is Done
2023-11-08 10:44:07,704,WARNING,controller.py,go_to_cartesian_pose,721,line_plane ee is nearly collided with object
2023-11-08 10:44:07,766,WARNING,controller.py,go_to_cartesian_pose,721,line_plane ee is nearly collided with object
2023-11-08 10:44:07,831,WARNING,controller.py,go_to_cartesian_pose,721,line_plane ee is nearly collided with object
2023-11-08 10:44:13,414,WARNING,controller.py,go_to_cartesian_pose,721,line_plane ee is nearly collided with object
2023-11-08 10:44:14,139,INFO,controller.py,go_to_cartesian_pose,767,Pose is unreachable!
2023-11-08 10:44:15,831,WARNING,controller.py,go_to_cartesian_pose,721,line_plane ee is nearly collided with object
2023-11-08 10:44:16,649,WARNING,controller.py,go_to_cartesian_pose,721,line_plane ee is nearly collided with object
2023-11-08 10:44:17,249,INFO,controller.py,go_to_cartesian_pose,767,Pose is unreachable!
2023-11-08 10:44:19,342,WARNING,controller.py,go_to_cartesian_pose,721,line_plane ee is nearly collided with object
2023-11-08 10:44:20,166,WARNING,controller.py,go_to_cartesian_pose,721,line_plane ee is nearly collided with object
2023-11-08 10:44:20,844,INFO,controller.py,go_to_cartesian_pose,767,Pose is unreachable!
2023-11-08 10:44:22,460,WARNING,controller.py,go_to_cartesian_pose,721,line_plane ee is nearly collided with object
2023-11-08 10:44:23,425,WARNING,controller.py,go_to_cartesian_pose,721,line_plane ee is nearly collided with object
2023-11-08 10:44:24,100,INFO,controller.py,go_to_cartesian_pose,767,Pose is unreachable!
2023-11-08 10:44:29,872,WARNING,controller.py,go_to_cartesian_pose,721,line_plane ee is nearly collided with object
2023-11-08 10:44:30,673,WARNING,controller.py,go_to_cartesian_pose,721,line_plane ee is nearly collided with object
2023-11-08 10:44:31,529,INFO,controller.py,go_to_cartesian_pose,767,Pose is unreachable!
2023-11-08 10:44:34,284,WARNING,controller.py,go_to_cartesian_pose,721,line_plane ee is nearly collided with object
2023-11-08 10:44:35,068,WARNING,controller.py,go_to_cartesian_pose,721,line_plane ee is nearly collided with object
2023-11-08 10:44:35,846,INFO,controller.py,go_to_cartesian_pose,767,Pose is unreachable!
