2023-10-20 19:00:00,176,INFO,Thinh_test_gui.py,_init_log,901,Saving logs to: /home/benjamin/git/IR-Assignment2/logs/log_gui_benjamin.log
2023-10-20 19:00:02,368,INFO,controller.py,is_arrived,445,Provided joint states is Done
2023-10-20 19:04:35,959,INFO,Thinh_test_gui.py,_init_log,901,Saving logs to: /home/benjamin/git/IR-Assignment2/logs/log_gui_benjamin.log
2023-10-20 19:04:38,316,INFO,controller.py,is_arrived,445,Provided joint states is Done
2023-10-20 19:08:16,070,INFO,Thinh_test_gui.py,_init_log,901,Saving logs to: /home/benjamin/git/IR-Assignment2/logs/log_gui_benjamin.log
2023-10-20 19:08:18,268,INFO,controller.py,is_arrived,448,Provided joint states is Done
2023-10-20 19:09:27,924,INFO,Thinh_test_gui.py,_init_log,901,Saving logs to: /home/benjamin/git/IR-Assignment2/logs/log_gui_benjamin.log
2023-10-20 19:09:29,963,INFO,controller.py,is_arrived,449,Provided joint states is Done
2023-10-20 19:09:50,956,INFO,Thinh_test_gui.py,_init_log,901,Saving logs to: /home/benjamin/git/IR-Assignment2/logs/log_gui_benjamin.log
2023-10-20 19:09:53,040,INFO,controller.py,is_arrived,449,Provided joint states is Done
2023-10-20 19:10:11,171,INFO,Thinh_test_gui.py,_init_log,901,Saving logs to: /home/benjamin/git/IR-Assignment2/logs/log_gui_benjamin.log
2023-10-20 19:10:13,641,INFO,controller.py,is_arrived,449,Provided joint states is Done
2023-10-23 09:13:10,152,INFO,Thinh_test_gui.py,_init_log,910,Saving logs to: /home/benjamin/git/IR-Assignment2/logs/log_gui_benjamin.log
2023-10-23 09:13:16,134,INFO,controller.py,is_arrived,438,Provided joint states is Done
2023-10-23 09:13:21,175,INFO,controller.py,enable_system,511,System is enabled. Ready for operation.
2023-10-23 09:13:26,257,INFO,controller.py,is_arrived,438,Provided joint states is Done
2023-10-23 09:13:30,811,INFO,controller.py,is_arrived,293,Provided goal is Done
2023-10-23 09:13:33,310,INFO,controller.py,is_arrived,293,Provided goal is Done
2023-10-23 09:13:38,301,INFO,controller.py,is_arrived,293,Provided goal is Done
2023-10-23 09:13:49,524,INFO,controller.py,is_arrived,293,Provided goal is Done
2023-10-23 09:13:52,659,INFO,controller.py,is_arrived,293,Provided goal is Done
2023-10-23 09:13:55,753,INFO,controller.py,is_arrived,293,Provided goal is Done
2023-10-23 09:13:58,307,INFO,controller.py,is_arrived,293,Provided goal is Done
2023-10-23 09:14:01,370,INFO,controller.py,is_arrived,293,Provided goal is Done
2023-10-23 09:14:04,409,INFO,controller.py,is_arrived,293,Provided goal is Done
2023-10-23 09:14:07,169,INFO,controller.py,is_arrived,293,Provided goal is Done
2023-10-23 09:14:25,923,INFO,controller.py,enable_system,511,System is enabled. Ready for operation.
2023-10-23 09:14:46,341,INFO,controller.py,enable_system,511,System is enabled. Ready for operation.
2023-10-23 09:14:52,970,INFO,controller.py,enable_system,511,System is enabled. Ready for operation.
2023-10-23 09:14:55,958,INFO,controller.py,is_arrived,438,Provided joint states is Done
2023-10-23 09:19:11,184,INFO,Thinh_test_gui.py,_init_log,910,Saving logs to: /home/benjamin/git/IR-Assignment2/logs/log_gui_benjamin.log
2023-10-23 09:19:17,283,INFO,controller.py,is_arrived,442,Provided joint states is Done
2023-10-23 09:19:27,566,INFO,controller.py,enable_system,515,System is enabled. Ready for operation.
2023-10-23 09:19:52,472,INFO,controller.py,is_arrived,442,Provided joint states is Done
2023-10-23 09:20:05,072,INFO,controller.py,_go_to_CartesianPose,413,Pose is unreachable!
2023-10-23 09:20:14,382,INFO,controller.py,_go_to_CartesianPose,413,Pose is unreachable!
2023-10-23 09:20:17,719,INFO,controller.py,_go_to_CartesianPose,413,Pose is unreachable!
2023-10-23 09:20:20,385,INFO,controller.py,_go_to_CartesianPose,413,Pose is unreachable!
2023-10-23 09:20:23,171,INFO,controller.py,_go_to_CartesianPose,413,Pose is unreachable!
2023-10-23 09:20:26,522,INFO,controller.py,_go_to_CartesianPose,413,Pose is unreachable!
2023-10-23 09:20:45,243,INFO,controller.py,_go_to_CartesianPose,413,Pose is unreachable!
2023-10-23 09:20:51,469,INFO,controller.py,_go_to_CartesianPose,413,Pose is unreachable!
2023-10-23 09:21:01,061,INFO,controller.py,is_arrived,442,Provided joint states is Done
2023-10-23 09:22:22,756,INFO,controller.py,is_arrived,297,Provided goal is Done
2023-10-23 09:22:25,818,INFO,controller.py,is_arrived,297,Provided goal is Done
2023-10-23 09:22:31,803,INFO,controller.py,is_arrived,297,Provided goal is Done
2023-10-23 09:22:38,972,INFO,controller.py,is_arrived,297,Provided goal is Done
2023-10-23 09:22:41,550,INFO,controller.py,is_arrived,297,Provided goal is Done
2023-10-23 09:22:46,170,INFO,controller.py,enable_system,515,System is enabled. Ready for operation.
2023-10-23 09:22:51,556,INFO,controller.py,is_arrived,297,Provided goal is Done
2023-10-23 09:22:55,568,INFO,controller.py,is_arrived,297,Provided goal is Done
2023-10-23 09:22:58,016,INFO,controller.py,is_arrived,297,Provided goal is Done
2023-10-23 09:23:01,050,INFO,controller.py,is_arrived,297,Provided goal is Done
2023-10-23 09:23:04,072,INFO,controller.py,is_arrived,297,Provided goal is Done
2023-10-23 09:23:06,574,INFO,controller.py,is_arrived,297,Provided goal is Done
2023-10-23 09:23:09,791,INFO,controller.py,is_arrived,297,Provided goal is Done
2023-10-23 09:23:12,368,INFO,controller.py,is_arrived,297,Provided goal is Done
2023-10-23 09:23:21,526,INFO,controller.py,is_arrived,297,Provided goal is Done
2023-10-23 09:23:25,248,INFO,controller.py,is_arrived,297,Provided goal is Done
2023-10-23 09:23:29,719,INFO,controller.py,is_arrived,297,Provided goal is Done
2023-10-23 09:23:34,208,INFO,controller.py,is_arrived,297,Provided goal is Done
2023-10-23 09:23:37,503,INFO,controller.py,is_arrived,297,Provided goal is Done
2023-10-23 09:24:06,170,INFO,controller.py,enable_system,515,System is enabled. Ready for operation.
2023-10-23 09:24:14,374,INFO,controller.py,is_arrived,297,Provided goal is Done
2023-10-23 09:24:16,890,INFO,controller.py,is_arrived,297,Provided goal is Done
2023-10-23 09:24:23,099,INFO,controller.py,enable_system,515,System is enabled. Ready for operation.
2023-10-23 09:24:29,718,INFO,controller.py,is_arrived,297,Provided goal is Done
2023-10-23 09:24:34,713,INFO,controller.py,is_arrived,297,Provided goal is Done
2023-10-23 09:24:39,785,INFO,controller.py,is_arrived,297,Provided goal is Done
2023-10-23 09:24:42,252,INFO,controller.py,is_arrived,297,Provided goal is Done
2023-10-23 09:24:46,821,INFO,controller.py,is_arrived,297,Provided goal is Done
2023-10-23 09:25:46,686,INFO,controller.py,is_arrived,297,Provided goal is Done
2023-10-23 09:25:53,007,INFO,controller.py,is_arrived,442,Provided joint states is Done
2023-10-23 09:26:38,274,INFO,Thinh_test_gui.py,_init_log,910,Saving logs to: /home/benjamin/git/IR-Assignment2/logs/log_gui_benjamin.log
2023-10-23 09:26:44,290,INFO,controller.py,is_arrived,442,Provided joint states is Done
2023-10-23 09:26:54,737,INFO,controller.py,enable_system,515,System is enabled. Ready for operation.
2023-10-23 09:26:58,828,INFO,controller.py,is_arrived,442,Provided joint states is Done
2023-10-23 09:27:24,541,INFO,Thinh_test_gui.py,_init_log,910,Saving logs to: /home/benjamin/git/IR-Assignment2/logs/log_gui_benjamin.log
2023-10-23 09:27:30,974,INFO,controller.py,is_arrived,442,Provided joint states is Done
2023-10-23 09:27:54,937,INFO,Thinh_test_gui.py,_init_log,910,Saving logs to: /home/benjamin/git/IR-Assignment2/logs/log_gui_benjamin.log
2023-10-23 09:28:00,870,INFO,controller.py,is_arrived,442,Provided joint states is Done
2023-10-23 09:28:05,158,INFO,controller.py,enable_system,515,System is enabled. Ready for operation.
2023-10-23 09:28:10,569,INFO,controller.py,is_arrived,442,Provided joint states is Done
2023-10-23 09:28:52,476,INFO,Thinh_test_gui.py,_init_log,910,Saving logs to: /home/benjamin/git/IR-Assignment2/logs/log_gui_benjamin.log
2023-10-23 09:28:58,595,INFO,controller.py,is_arrived,442,Provided joint states is Done
2023-10-23 09:29:09,454,INFO,controller.py,enable_system,515,System is enabled. Ready for operation.
2023-10-23 09:29:13,469,INFO,controller.py,is_arrived,442,Provided joint states is Done
2023-10-23 09:29:48,182,INFO,controller.py,is_arrived,442,Provided joint states is Done
2023-10-23 09:30:54,933,INFO,controller.py,is_arrived,442,Provided joint states is Done
2023-10-23 09:32:25,107,INFO,Thinh_test_gui.py,_init_log,910,Saving logs to: /home/benjamin/git/IR-Assignment2/logs/log_gui_benjamin.log
2023-10-23 09:32:31,445,INFO,controller.py,is_arrived,442,Provided joint states is Done
2023-10-23 09:32:35,729,INFO,controller.py,enable_system,515,System is enabled. Ready for operation.
2023-10-23 09:32:47,871,INFO,controller.py,is_arrived,442,Provided joint states is Done
2023-10-23 09:33:50,081,INFO,controller.py,is_arrived,442,Provided joint states is Done
2023-10-23 09:34:01,286,INFO,controller.py,is_arrived,442,Provided joint states is Done
2023-10-23 09:35:30,624,INFO,controller.py,is_arrived,442,Provided joint states is Done
2023-10-23 09:36:10,211,INFO,controller.py,is_arrived,442,Provided joint states is Done
2023-10-23 09:40:11,168,INFO,Thinh_test_gui.py,_init_log,910,Saving logs to: /home/benjamin/git/IR-Assignment2/logs/log_gui_benjamin.log
2023-10-23 09:40:19,008,INFO,controller.py,is_arrived,442,Provided joint states is Done
2023-10-23 09:40:51,001,INFO,Thinh_test_gui.py,_init_log,910,Saving logs to: /home/benjamin/git/IR-Assignment2/logs/log_gui_benjamin.log
2023-10-23 09:40:56,878,INFO,controller.py,is_arrived,442,Provided joint states is Done
2023-10-23 09:41:00,662,INFO,controller.py,enable_system,515,System is enabled. Ready for operation.
2023-10-23 09:43:07,551,INFO,Thinh_test_gui.py,_init_log,912,Saving logs to: /home/benjamin/git/IR-Assignment2/logs/log_gui_benjamin.log
2023-10-23 09:43:13,353,INFO,controller.py,is_arrived,442,Provided joint states is Done
2023-10-23 09:48:16,505,INFO,Thinh_test_gui.py,_init_log,913,Saving logs to: /home/benjamin/git/IR-Assignment2/logs/log_gui_benjamin.log
2023-10-23 09:48:22,876,INFO,controller.py,is_arrived,442,Provided joint states is Done
2023-10-23 09:49:39,137,INFO,controller.py,enable_system,515,System is enabled. Ready for operation.
2023-10-23 09:49:43,320,INFO,controller.py,is_arrived,442,Provided joint states is Done
2023-10-23 09:51:19,106,INFO,Thinh_test_gui.py,_init_log,913,Saving logs to: /home/benjamin/git/IR-Assignment2/logs/log_gui_benjamin.log
2023-10-23 09:51:25,203,INFO,controller.py,is_arrived,442,Provided joint states is Done
2023-10-23 09:51:29,537,INFO,controller.py,enable_system,515,System is enabled. Ready for operation.
2023-10-23 09:51:33,148,INFO,controller.py,is_arrived,442,Provided joint states is Done
2023-10-23 09:51:42,847,INFO,controller.py,is_arrived,442,Provided joint states is Done
2023-10-23 10:23:35,424,INFO,Thinh_test_gui.py,_init_log,913,Saving logs to: /home/benjamin/git/IR-Assignment2/logs/log_gui_benjamin.log
2023-10-23 10:23:41,799,INFO,controller.py,is_arrived,443,Provided joint states is Done
2023-10-23 10:24:17,489,INFO,Thinh_test_gui.py,_init_log,913,Saving logs to: /home/benjamin/git/IR-Assignment2/logs/log_gui_benjamin.log
2023-10-23 10:24:23,418,INFO,controller.py,is_arrived,443,Provided joint states is Done
2023-10-23 10:27:40,751,INFO,Thinh_test_gui.py,_init_log,913,Saving logs to: /home/benjamin/git/IR-Assignment2/logs/log_gui_benjamin.log
2023-10-23 10:27:47,173,INFO,controller.py,is_arrived,443,Provided joint states is Done
2023-10-23 10:28:04,739,INFO,controller.py,enable_system,515,System is enabled. Ready for operation.
2023-10-23 10:28:08,427,INFO,controller.py,is_arrived,443,Provided joint states is Done
